{"/Users/tim/Desktop/rpp28/hr-rpp28-front-end-capstone/__test__/hidden-message.jsx": {"path":"/Users/tim/Desktop/rpp28/hr-rpp28-front-end-capstone/__test__/hidden-message.jsx","statementMap":{"0":{"start":{"line":6,"column":40},"end":{"line":6,"column":61}},"1":{"start":{"line":7,"column":2},"end":{"line":18,"column":4}},"2":{"start":{"line":13,"column":23},"end":{"line":13,"column":55}}},"fnMap":{"0":{"name":"HiddenMessage","decl":{"start":{"line":5,"column":9},"end":{"line":5,"column":22}},"loc":{"start":{"line":5,"column":35},"end":{"line":19,"column":1}},"line":5},"1":{"name":"(anonymous_1)","decl":{"start":{"line":13,"column":18},"end":{"line":13,"column":19}},"loc":{"start":{"line":13,"column":23},"end":{"line":13,"column":55}},"line":13}},"branchMap":{"0":{"loc":{"start":{"line":16,"column":7},"end":{"line":16,"column":36}},"type":"cond-expr","locations":[{"start":{"line":16,"column":21},"end":{"line":16,"column":29}},{"start":{"line":16,"column":32},"end":{"line":16,"column":36}}],"line":16}},"s":{"0":2,"1":2,"2":1},"f":{"0":2,"1":1},"b":{"0":[1,1]},"_coverageSchema":"1a1c01bbd47fc00a2c39e90264f33305004495a9","hash":"613127fc33e59a0b358c17bcf3e95d2323b4eac8"}
,"/Users/tim/Desktop/rpp28/hr-rpp28-front-end-capstone/__test__/sum.js": {"path":"/Users/tim/Desktop/rpp28/hr-rpp28-front-end-capstone/__test__/sum.js","statementMap":{"0":{"start":{"line":2,"column":10},"end":{"line":4,"column":1}},"1":{"start":{"line":3,"column":2},"end":{"line":3,"column":15}},"2":{"start":{"line":6,"column":0},"end":{"line":6,"column":21}}},"fnMap":{"0":{"name":"(anonymous_0)","decl":{"start":{"line":2,"column":10},"end":{"line":2,"column":11}},"loc":{"start":{"line":2,"column":20},"end":{"line":4,"column":1}},"line":2}},"branchMap":{},"s":{"0":1,"1":1,"2":1},"f":{"0":1},"b":{},"_coverageSchema":"1a1c01bbd47fc00a2c39e90264f33305004495a9","hash":"70f27af2b9bf1f0e78ee533eb19b0aa918fcdbe3"}
,"/Users/tim/Desktop/rpp28/hr-rpp28-front-end-capstone/__test__/QuestionAnswer-Test/answersPerQuestion.js": {"path":"/Users/tim/Desktop/rpp28/hr-rpp28-front-end-capstone/__test__/QuestionAnswer-Test/answersPerQuestion.js","statementMap":{"0":{"start":{"line":1,"column":25},"end":{"line":47,"column":1}}},"fnMap":{},"branchMap":{},"s":{"0":1},"f":{},"b":{},"_coverageSchema":"1a1c01bbd47fc00a2c39e90264f33305004495a9","hash":"4207b63f804ac2a1abb3978260e42fa6665572c9"}
,"/Users/tim/Desktop/rpp28/hr-rpp28-front-end-capstone/__test__/QuestionAnswer-Test/listquestionsexample.js": {"path":"/Users/tim/Desktop/rpp28/hr-rpp28-front-end-capstone/__test__/QuestionAnswer-Test/listquestionsexample.js","statementMap":{"0":{"start":{"line":4,"column":20},"end":{"line":167,"column":1}}},"fnMap":{},"branchMap":{},"s":{"0":1},"f":{},"b":{},"_coverageSchema":"1a1c01bbd47fc00a2c39e90264f33305004495a9","hash":"df73670a797dbfb870fc9842274af310a48e2084"}
,"/Users/tim/Desktop/rpp28/hr-rpp28-front-end-capstone/__test__/QuestionAnswer-Test/questionsPerProduct.js": {"path":"/Users/tim/Desktop/rpp28/hr-rpp28-front-end-capstone/__test__/QuestionAnswer-Test/questionsPerProduct.js","statementMap":{"0":{"start":{"line":1,"column":26},"end":{"line":87,"column":1}}},"fnMap":{},"branchMap":{},"s":{"0":1},"f":{},"b":{},"_coverageSchema":"1a1c01bbd47fc00a2c39e90264f33305004495a9","hash":"14ab220275d26bdd320ed681e4a3071154ae2cbe"}
,"/Users/tim/Desktop/rpp28/hr-rpp28-front-end-capstone/__test__/RatingReview-Test/meta-mockdata.js": {"path":"/Users/tim/Desktop/rpp28/hr-rpp28-front-end-capstone/__test__/RatingReview-Test/meta-mockdata.js","statementMap":{"0":{"start":{"line":4,"column":11},"end":{"line":35,"column":3}}},"fnMap":{},"branchMap":{},"s":{"0":3},"f":{},"b":{},"_coverageSchema":"1a1c01bbd47fc00a2c39e90264f33305004495a9","hash":"d0c12df3c6666599d38519b74d0e8e0f292bb04b"}
,"/Users/tim/Desktop/rpp28/hr-rpp28-front-end-capstone/__test__/RatingReview-Test/reviews-mockdata.js": {"path":"/Users/tim/Desktop/rpp28/hr-rpp28-front-end-capstone/__test__/RatingReview-Test/reviews-mockdata.js","statementMap":{"0":{"start":{"line":2,"column":14},"end":{"line":32,"column":1}}},"fnMap":{},"branchMap":{},"s":{"0":3},"f":{},"b":{},"_coverageSchema":"1a1c01bbd47fc00a2c39e90264f33305004495a9","hash":"261537038bced5596faeb43a9416c50db6fe1f7d"}
,"/Users/tim/Desktop/rpp28/hr-rpp28-front-end-capstone/client/src/components/questionanswer/questionanswer.jsx": {"path":"/Users/tim/Desktop/rpp28/hr-rpp28-front-end-capstone/client/src/components/questionanswer/questionanswer.jsx","statementMap":{"0":{"start":{"line":11,"column":30},"end":{"line":11,"column":153}},"1":{"start":{"line":13,"column":2},"end":{"line":16,"column":3}},"2":{"start":{"line":14,"column":4},"end":{"line":14,"column":60}},"3":{"start":{"line":18,"column":17},"end":{"line":21,"column":3}},"4":{"start":{"line":23,"column":2},"end":{"line":34,"column":3}},"5":{"start":{"line":40,"column":4},"end":{"line":40,"column":17}},"6":{"start":{"line":41,"column":4},"end":{"line":48,"column":5}},"7":{"start":{"line":57,"column":4},"end":{"line":80,"column":5}},"8":{"start":{"line":58,"column":6},"end":{"line":58,"column":65}},"9":{"start":{"line":61,"column":30},"end":{"line":61,"column":32}},"10":{"start":{"line":63,"column":6},"end":{"line":73,"column":7}},"11":{"start":{"line":63,"column":19},"end":{"line":63,"column":20}},"12":{"start":{"line":64,"column":22},"end":{"line":64,"column":77}},"13":{"start":{"line":66,"column":8},"end":{"line":72,"column":13}},"14":{"start":{"line":71,"column":14},"end":{"line":71,"column":70}},"15":{"start":{"line":75,"column":6},"end":{"line":79,"column":9}},"16":{"start":{"line":84,"column":4},"end":{"line":94,"column":7}},"17":{"start":{"line":86,"column":6},"end":{"line":90,"column":9}},"18":{"start":{"line":93,"column":6},"end":{"line":93,"column":69}},"19":{"start":{"line":99,"column":4},"end":{"line":111,"column":9}},"20":{"start":{"line":102,"column":8},"end":{"line":106,"column":11}},"21":{"start":{"line":110,"column":8},"end":{"line":110,"column":68}},"22":{"start":{"line":116,"column":4},"end":{"line":116,"column":56}},"23":{"start":{"line":120,"column":4},"end":{"line":120,"column":66}},"24":{"start":{"line":125,"column":23},"end":{"line":126,"column":212}},"25":{"start":{"line":126,"column":6},"end":{"line":126,"column":210}},"26":{"start":{"line":132,"column":19},"end":{"line":137,"column":5}},"27":{"start":{"line":139,"column":4},"end":{"line":157,"column":5}}},"fnMap":{"0":{"name":"AdditionalQuestionBar","decl":{"start":{"line":9,"column":9},"end":{"line":9,"column":30}},"loc":{"start":{"line":9,"column":38},"end":{"line":35,"column":1}},"line":9},"1":{"name":"(anonymous_1)","decl":{"start":{"line":39,"column":2},"end":{"line":39,"column":3}},"loc":{"start":{"line":39,"column":21},"end":{"line":49,"column":3}},"line":39},"2":{"name":"(anonymous_2)","decl":{"start":{"line":52,"column":2},"end":{"line":52,"column":3}},"loc":{"start":{"line":52,"column":27},"end":{"line":81,"column":3}},"line":52},"3":{"name":"(anonymous_3)","decl":{"start":{"line":83,"column":2},"end":{"line":83,"column":3}},"loc":{"start":{"line":83,"column":25},"end":{"line":95,"column":3}},"line":83},"4":{"name":"(anonymous_4)","decl":{"start":{"line":85,"column":10},"end":{"line":85,"column":11}},"loc":{"start":{"line":85,"column":24},"end":{"line":91,"column":5}},"line":85},"5":{"name":"(anonymous_5)","decl":{"start":{"line":92,"column":11},"end":{"line":92,"column":12}},"loc":{"start":{"line":92,"column":18},"end":{"line":94,"column":5}},"line":92},"6":{"name":"(anonymous_6)","decl":{"start":{"line":97,"column":2},"end":{"line":97,"column":3}},"loc":{"start":{"line":97,"column":22},"end":{"line":113,"column":3}},"line":97},"7":{"name":"(anonymous_7)","decl":{"start":{"line":100,"column":12},"end":{"line":100,"column":13}},"loc":{"start":{"line":100,"column":26},"end":{"line":108,"column":7}},"line":100},"8":{"name":"(anonymous_8)","decl":{"start":{"line":109,"column":13},"end":{"line":109,"column":14}},"loc":{"start":{"line":109,"column":20},"end":{"line":111,"column":7}},"line":109},"9":{"name":"(anonymous_9)","decl":{"start":{"line":115,"column":2},"end":{"line":115,"column":3}},"loc":{"start":{"line":115,"column":22},"end":{"line":117,"column":3}},"line":115},"10":{"name":"(anonymous_10)","decl":{"start":{"line":119,"column":2},"end":{"line":119,"column":3}},"loc":{"start":{"line":119,"column":22},"end":{"line":121,"column":3}},"line":119},"11":{"name":"(anonymous_11)","decl":{"start":{"line":123,"column":2},"end":{"line":123,"column":3}},"loc":{"start":{"line":123,"column":12},"end":{"line":158,"column":3}},"line":123},"12":{"name":"(anonymous_12)","decl":{"start":{"line":125,"column":100},"end":{"line":125,"column":101}},"loc":{"start":{"line":125,"column":114},"end":{"line":126,"column":211}},"line":125}},"branchMap":{"0":{"loc":{"start":{"line":13,"column":2},"end":{"line":16,"column":3}},"type":"if","locations":[{"start":{"line":13,"column":2},"end":{"line":16,"column":3}},{"start":{"line":13,"column":2},"end":{"line":16,"column":3}}],"line":13},"1":{"loc":{"start":{"line":57,"column":4},"end":{"line":80,"column":5}},"type":"if","locations":[{"start":{"line":57,"column":4},"end":{"line":80,"column":5}},{"start":{"line":57,"column":4},"end":{"line":80,"column":5}}],"line":57},"2":{"loc":{"start":{"line":57,"column":8},"end":{"line":57,"column":44}},"type":"binary-expr","locations":[{"start":{"line":57,"column":9},"end":{"line":57,"column":26}},{"start":{"line":57,"column":32},"end":{"line":57,"column":43}}],"line":57},"3":{"loc":{"start":{"line":66,"column":8},"end":{"line":72,"column":13}},"type":"if","locations":[{"start":{"line":66,"column":8},"end":{"line":72,"column":13}},{"start":{"line":66,"column":8},"end":{"line":72,"column":13}}],"line":66},"4":{"loc":{"start":{"line":66,"column":12},"end":{"line":69,"column":39}},"type":"binary-expr","locations":[{"start":{"line":66,"column":12},"end":{"line":66,"column":77}},{"start":{"line":67,"column":12},"end":{"line":67,"column":77}},{"start":{"line":68,"column":12},"end":{"line":68,"column":74}},{"start":{"line":69,"column":13},"end":{"line":69,"column":38}}],"line":66}},"s":{"0":5,"1":5,"2":3,"3":5,"4":5,"5":2,"6":2,"7":0,"8":0,"9":0,"10":0,"11":0,"12":0,"13":0,"14":0,"15":0,"16":0,"17":0,"18":0,"19":2,"20":2,"21":0,"22":0,"23":0,"24":4,"25":8,"26":4,"27":4},"f":{"0":5,"1":2,"2":0,"3":0,"4":0,"5":0,"6":2,"7":2,"8":0,"9":0,"10":0,"11":4,"12":8},"b":{"0":[3,2],"1":[0,0],"2":[0,0],"3":[0,0],"4":[0,0,0,0]},"_coverageSchema":"1a1c01bbd47fc00a2c39e90264f33305004495a9","hash":"a105dec17242a54647fb7079672854be1f4585ca"}
,"/Users/tim/Desktop/rpp28/hr-rpp28-front-end-capstone/client/src/components/questionanswer/Photobar/photobar.jsx": {"path":"/Users/tim/Desktop/rpp28/hr-rpp28-front-end-capstone/client/src/components/questionanswer/Photobar/photobar.jsx","statementMap":{"0":{"start":{"line":7,"column":4},"end":{"line":9,"column":5}},"1":{"start":{"line":8,"column":6},"end":{"line":8,"column":19}},"2":{"start":{"line":12,"column":4},"end":{"line":16,"column":5}},"3":{"start":{"line":14,"column":63},"end":{"line":14,"column":118}}},"fnMap":{"0":{"name":"Photobar","decl":{"start":{"line":3,"column":9},"end":{"line":3,"column":17}},"loc":{"start":{"line":3,"column":25},"end":{"line":18,"column":1}},"line":3},"1":{"name":"(anonymous_1)","decl":{"start":{"line":14,"column":49},"end":{"line":14,"column":50}},"loc":{"start":{"line":14,"column":63},"end":{"line":14,"column":118}},"line":14}},"branchMap":{"0":{"loc":{"start":{"line":7,"column":4},"end":{"line":9,"column":5}},"type":"if","locations":[{"start":{"line":7,"column":4},"end":{"line":9,"column":5}},{"start":{"line":7,"column":4},"end":{"line":9,"column":5}}],"line":7},"1":{"loc":{"start":{"line":7,"column":8},"end":{"line":7,"column":54}},"type":"binary-expr","locations":[{"start":{"line":7,"column":9},"end":{"line":7,"column":22}},{"start":{"line":7,"column":28},"end":{"line":7,"column":53}}],"line":7}},"s":{"0":53,"1":53,"2":0,"3":0},"f":{"0":53,"1":0},"b":{"0":[53,0],"1":[53,37]},"_coverageSchema":"1a1c01bbd47fc00a2c39e90264f33305004495a9","hash":"e587269c9f0ca6e1231f4aa79f578e5353fd8046"}
,"/Users/tim/Desktop/rpp28/hr-rpp28-front-end-capstone/client/src/components/questionanswer/QAModals/addanswermodal.jsx": {"path":"/Users/tim/Desktop/rpp28/hr-rpp28-front-end-capstone/client/src/components/questionanswer/QAModals/addanswermodal.jsx","statementMap":{"0":{"start":{"line":10,"column":4},"end":{"line":10,"column":17}},"1":{"start":{"line":11,"column":4},"end":{"line":11,"column":40}},"2":{"start":{"line":16,"column":4},"end":{"line":18,"column":5}},"3":{"start":{"line":17,"column":6},"end":{"line":17,"column":18}},"4":{"start":{"line":21,"column":4},"end":{"line":27,"column":5}},"5":{"start":{"line":35,"column":4},"end":{"line":35,"column":17}},"6":{"start":{"line":36,"column":4},"end":{"line":40,"column":6}},"7":{"start":{"line":42,"column":4},"end":{"line":42,"column":59}},"8":{"start":{"line":50,"column":19},"end":{"line":50,"column":33}},"9":{"start":{"line":52,"column":4},"end":{"line":52,"column":52}},"10":{"start":{"line":53,"column":4},"end":{"line":68,"column":7}},"11":{"start":{"line":59,"column":21},"end":{"line":59,"column":38}},"12":{"start":{"line":60,"column":6},"end":{"line":60,"column":35}},"13":{"start":{"line":63,"column":6},"end":{"line":67,"column":7}},"14":{"start":{"line":64,"column":8},"end":{"line":64,"column":42}},"15":{"start":{"line":66,"column":8},"end":{"line":66,"column":47}},"16":{"start":{"line":73,"column":4},"end":{"line":78,"column":5}},"17":{"start":{"line":89,"column":4},"end":{"line":89,"column":17}},"18":{"start":{"line":90,"column":4},"end":{"line":103,"column":6}},"19":{"start":{"line":108,"column":4},"end":{"line":108,"column":33}},"20":{"start":{"line":114,"column":4},"end":{"line":118,"column":7}},"21":{"start":{"line":121,"column":23},"end":{"line":121,"column":87}},"22":{"start":{"line":123,"column":4},"end":{"line":133,"column":5}},"23":{"start":{"line":124,"column":20},"end":{"line":124,"column":68}},"24":{"start":{"line":126,"column":22},"end":{"line":126,"column":27}},"25":{"start":{"line":127,"column":6},"end":{"line":129,"column":7}},"26":{"start":{"line":128,"column":8},"end":{"line":128,"column":25}},"27":{"start":{"line":131,"column":6},"end":{"line":131,"column":47}},"28":{"start":{"line":132,"column":6},"end":{"line":132,"column":51}},"29":{"start":{"line":135,"column":4},"end":{"line":135,"column":24}},"30":{"start":{"line":142,"column":4},"end":{"line":142,"column":23}},"31":{"start":{"line":145,"column":4},"end":{"line":162,"column":5}},"32":{"start":{"line":146,"column":6},"end":{"line":158,"column":8}},"33":{"start":{"line":153,"column":8},"end":{"line":153,"column":32}},"34":{"start":{"line":167,"column":5},"end":{"line":167,"column":54}},"35":{"start":{"line":173,"column":4},"end":{"line":178,"column":5}},"36":{"start":{"line":174,"column":6},"end":{"line":177,"column":9}},"37":{"start":{"line":182,"column":4},"end":{"line":187,"column":5}},"38":{"start":{"line":183,"column":6},"end":{"line":186,"column":9}},"39":{"start":{"line":192,"column":4},"end":{"line":194,"column":5}},"40":{"start":{"line":193,"column":6},"end":{"line":193,"column":18}},"41":{"start":{"line":196,"column":21},"end":{"line":198,"column":5}},"42":{"start":{"line":200,"column":28},"end":{"line":200,"column":39}},"43":{"start":{"line":202,"column":4},"end":{"line":204,"column":5}},"44":{"start":{"line":203,"column":6},"end":{"line":203,"column":106}},"45":{"start":{"line":207,"column":4},"end":{"line":209,"column":5}},"46":{"start":{"line":208,"column":6},"end":{"line":208,"column":88}},"47":{"start":{"line":213,"column":4},"end":{"line":267,"column":5}},"48":{"start":{"line":277,"column":4},"end":{"line":277,"column":17}},"49":{"start":{"line":278,"column":4},"end":{"line":286,"column":6}},"50":{"start":{"line":288,"column":4},"end":{"line":288,"column":47}},"51":{"start":{"line":289,"column":4},"end":{"line":289,"column":49}},"52":{"start":{"line":294,"column":16},"end":{"line":294,"column":48}},"53":{"start":{"line":295,"column":4},"end":{"line":295,"column":34}},"54":{"start":{"line":299,"column":16},"end":{"line":299,"column":48}},"55":{"start":{"line":300,"column":4},"end":{"line":300,"column":33}},"56":{"start":{"line":307,"column":4},"end":{"line":320,"column":5}}},"fnMap":{"0":{"name":"(anonymous_0)","decl":{"start":{"line":9,"column":2},"end":{"line":9,"column":3}},"loc":{"start":{"line":9,"column":21},"end":{"line":12,"column":3}},"line":9},"1":{"name":"(anonymous_1)","decl":{"start":{"line":14,"column":2},"end":{"line":14,"column":3}},"loc":{"start":{"line":14,"column":11},"end":{"line":28,"column":3}},"line":14},"2":{"name":"(anonymous_2)","decl":{"start":{"line":34,"column":2},"end":{"line":34,"column":3}},"loc":{"start":{"line":34,"column":21},"end":{"line":43,"column":3}},"line":34},"3":{"name":"(anonymous_3)","decl":{"start":{"line":46,"column":2},"end":{"line":46,"column":3}},"loc":{"start":{"line":46,"column":22},"end":{"line":69,"column":3}},"line":46},"4":{"name":"(anonymous_4)","decl":{"start":{"line":57,"column":12},"end":{"line":57,"column":13}},"loc":{"start":{"line":57,"column":26},"end":{"line":68,"column":5}},"line":57},"5":{"name":"(anonymous_5)","decl":{"start":{"line":71,"column":2},"end":{"line":71,"column":3}},"loc":{"start":{"line":71,"column":11},"end":{"line":79,"column":3}},"line":71},"6":{"name":"(anonymous_6)","decl":{"start":{"line":88,"column":2},"end":{"line":88,"column":3}},"loc":{"start":{"line":88,"column":21},"end":{"line":104,"column":3}},"line":88},"7":{"name":"(anonymous_7)","decl":{"start":{"line":106,"column":2},"end":{"line":106,"column":3}},"loc":{"start":{"line":106,"column":25},"end":{"line":109,"column":3}},"line":106},"8":{"name":"(anonymous_8)","decl":{"start":{"line":112,"column":2},"end":{"line":112,"column":3}},"loc":{"start":{"line":112,"column":15},"end":{"line":138,"column":3}},"line":112},"9":{"name":"(anonymous_9)","decl":{"start":{"line":141,"column":2},"end":{"line":141,"column":3}},"loc":{"start":{"line":141,"column":19},"end":{"line":163,"column":3}},"line":141},"10":{"name":"(anonymous_10)","decl":{"start":{"line":151,"column":12},"end":{"line":151,"column":13}},"loc":{"start":{"line":151,"column":26},"end":{"line":155,"column":7}},"line":151},"11":{"name":"(anonymous_11)","decl":{"start":{"line":156,"column":13},"end":{"line":156,"column":14}},"loc":{"start":{"line":156,"column":22},"end":{"line":158,"column":7}},"line":156},"12":{"name":"(anonymous_12)","decl":{"start":{"line":166,"column":2},"end":{"line":166,"column":3}},"loc":{"start":{"line":166,"column":19},"end":{"line":170,"column":3}},"line":166},"13":{"name":"(anonymous_13)","decl":{"start":{"line":172,"column":2},"end":{"line":172,"column":3}},"loc":{"start":{"line":172,"column":26},"end":{"line":179,"column":3}},"line":172},"14":{"name":"(anonymous_14)","decl":{"start":{"line":181,"column":2},"end":{"line":181,"column":3}},"loc":{"start":{"line":181,"column":23},"end":{"line":188,"column":3}},"line":181},"15":{"name":"(anonymous_15)","decl":{"start":{"line":190,"column":2},"end":{"line":190,"column":3}},"loc":{"start":{"line":190,"column":11},"end":{"line":268,"column":3}},"line":190},"16":{"name":"(anonymous_16)","decl":{"start":{"line":276,"column":2},"end":{"line":276,"column":3}},"loc":{"start":{"line":276,"column":21},"end":{"line":291,"column":3}},"line":276},"17":{"name":"(anonymous_17)","decl":{"start":{"line":293,"column":2},"end":{"line":293,"column":3}},"loc":{"start":{"line":293,"column":14},"end":{"line":296,"column":3}},"line":293},"18":{"name":"(anonymous_18)","decl":{"start":{"line":298,"column":2},"end":{"line":298,"column":3}},"loc":{"start":{"line":298,"column":15},"end":{"line":301,"column":3}},"line":298},"19":{"name":"(anonymous_19)","decl":{"start":{"line":305,"column":2},"end":{"line":305,"column":3}},"loc":{"start":{"line":305,"column":11},"end":{"line":321,"column":3}},"line":305}},"branchMap":{"0":{"loc":{"start":{"line":16,"column":4},"end":{"line":18,"column":5}},"type":"if","locations":[{"start":{"line":16,"column":4},"end":{"line":18,"column":5}},{"start":{"line":16,"column":4},"end":{"line":18,"column":5}}],"line":16},"1":{"loc":{"start":{"line":63,"column":6},"end":{"line":67,"column":7}},"type":"if","locations":[{"start":{"line":63,"column":6},"end":{"line":67,"column":7}},{"start":{"line":63,"column":6},"end":{"line":67,"column":7}}],"line":63},"2":{"loc":{"start":{"line":121,"column":23},"end":{"line":121,"column":87}},"type":"binary-expr","locations":[{"start":{"line":121,"column":23},"end":{"line":121,"column":42}},{"start":{"line":121,"column":46},"end":{"line":121,"column":62}},{"start":{"line":121,"column":66},"end":{"line":121,"column":87}}],"line":121},"3":{"loc":{"start":{"line":123,"column":4},"end":{"line":133,"column":5}},"type":"if","locations":[{"start":{"line":123,"column":4},"end":{"line":133,"column":5}},{"start":{"line":123,"column":4},"end":{"line":133,"column":5}}],"line":123},"4":{"loc":{"start":{"line":127,"column":6},"end":{"line":129,"column":7}},"type":"if","locations":[{"start":{"line":127,"column":6},"end":{"line":129,"column":7}},{"start":{"line":127,"column":6},"end":{"line":129,"column":7}}],"line":127},"5":{"loc":{"start":{"line":131,"column":21},"end":{"line":131,"column":46}},"type":"binary-expr","locations":[{"start":{"line":131,"column":21},"end":{"line":131,"column":33}},{"start":{"line":131,"column":37},"end":{"line":131,"column":46}}],"line":131},"6":{"loc":{"start":{"line":145,"column":4},"end":{"line":162,"column":5}},"type":"if","locations":[{"start":{"line":145,"column":4},"end":{"line":162,"column":5}},{"start":{"line":145,"column":4},"end":{"line":162,"column":5}}],"line":145},"7":{"loc":{"start":{"line":173,"column":4},"end":{"line":178,"column":5}},"type":"if","locations":[{"start":{"line":173,"column":4},"end":{"line":178,"column":5}},{"start":{"line":173,"column":4},"end":{"line":178,"column":5}}],"line":173},"8":{"loc":{"start":{"line":182,"column":4},"end":{"line":187,"column":5}},"type":"if","locations":[{"start":{"line":182,"column":4},"end":{"line":187,"column":5}},{"start":{"line":182,"column":4},"end":{"line":187,"column":5}}],"line":182},"9":{"loc":{"start":{"line":192,"column":4},"end":{"line":194,"column":5}},"type":"if","locations":[{"start":{"line":192,"column":4},"end":{"line":194,"column":5}},{"start":{"line":192,"column":4},"end":{"line":194,"column":5}}],"line":192},"10":{"loc":{"start":{"line":202,"column":4},"end":{"line":204,"column":5}},"type":"if","locations":[{"start":{"line":202,"column":4},"end":{"line":204,"column":5}},{"start":{"line":202,"column":4},"end":{"line":204,"column":5}}],"line":202},"11":{"loc":{"start":{"line":207,"column":4},"end":{"line":209,"column":5}},"type":"if","locations":[{"start":{"line":207,"column":4},"end":{"line":209,"column":5}},{"start":{"line":207,"column":4},"end":{"line":209,"column":5}}],"line":207},"12":{"loc":{"start":{"line":230,"column":17},"end":{"line":230,"column":119}},"type":"cond-expr","locations":[{"start":{"line":230,"column":51},"end":{"line":230,"column":105}},{"start":{"line":230,"column":108},"end":{"line":230,"column":119}}],"line":230},"13":{"loc":{"start":{"line":237,"column":17},"end":{"line":237,"column":118}},"type":"cond-expr","locations":[{"start":{"line":237,"column":49},"end":{"line":237,"column":104}},{"start":{"line":237,"column":107},"end":{"line":237,"column":118}}],"line":237}},"s":{"0":12,"1":12,"2":21,"3":0,"4":21,"5":12,"6":12,"7":12,"8":0,"9":0,"10":0,"11":0,"12":0,"13":0,"14":0,"15":0,"16":21,"17":21,"18":21,"19":0,"20":0,"21":0,"22":0,"23":0,"24":0,"25":0,"26":0,"27":0,"28":0,"29":0,"30":0,"31":0,"32":0,"33":0,"34":0,"35":0,"36":0,"37":0,"38":0,"39":39,"40":18,"41":21,"42":21,"43":21,"44":0,"45":21,"46":0,"47":21,"48":11,"49":11,"50":11,"51":11,"52":0,"53":0,"54":0,"55":0,"56":20},"f":{"0":12,"1":21,"2":12,"3":0,"4":0,"5":21,"6":21,"7":0,"8":0,"9":0,"10":0,"11":0,"12":0,"13":0,"14":0,"15":39,"16":11,"17":0,"18":0,"19":20},"b":{"0":[0,21],"1":[0,0],"2":[0,0,0],"3":[0,0],"4":[0,0],"5":[0,0],"6":[0,0],"7":[0,0],"8":[0,0],"9":[18,21],"10":[0,21],"11":[0,21],"12":[0,21],"13":[0,21]},"_coverageSchema":"1a1c01bbd47fc00a2c39e90264f33305004495a9","hash":"acf7ca3f5aefcbc9b074fcf034320295d7f40fcc"}
,"/Users/tim/Desktop/rpp28/hr-rpp28-front-end-capstone/client/src/components/questionanswer/QAModals/addquestionmodal.jsx": {"path":"/Users/tim/Desktop/rpp28/hr-rpp28-front-end-capstone/client/src/components/questionanswer/QAModals/addquestionmodal.jsx","statementMap":{"0":{"start":{"line":7,"column":4},"end":{"line":7,"column":17}},"1":{"start":{"line":8,"column":4},"end":{"line":20,"column":6}},"2":{"start":{"line":25,"column":4},"end":{"line":25,"column":33}},"3":{"start":{"line":31,"column":4},"end":{"line":35,"column":7}},"4":{"start":{"line":38,"column":23},"end":{"line":38,"column":85}},"5":{"start":{"line":39,"column":4},"end":{"line":48,"column":5}},"6":{"start":{"line":40,"column":20},"end":{"line":40,"column":68}},"7":{"start":{"line":41,"column":22},"end":{"line":41,"column":27}},"8":{"start":{"line":42,"column":6},"end":{"line":44,"column":7}},"9":{"start":{"line":43,"column":8},"end":{"line":43,"column":25}},"10":{"start":{"line":46,"column":6},"end":{"line":46,"column":47}},"11":{"start":{"line":47,"column":6},"end":{"line":47,"column":51}},"12":{"start":{"line":51,"column":4},"end":{"line":51,"column":24}},"13":{"start":{"line":56,"column":4},"end":{"line":56,"column":23}},"14":{"start":{"line":59,"column":4},"end":{"line":76,"column":5}},"15":{"start":{"line":60,"column":6},"end":{"line":72,"column":11}},"16":{"start":{"line":67,"column":10},"end":{"line":67,"column":68}},"17":{"start":{"line":68,"column":10},"end":{"line":68,"column":34}},"18":{"start":{"line":71,"column":10},"end":{"line":71,"column":59}},"19":{"start":{"line":80,"column":4},"end":{"line":80,"column":54}},"20":{"start":{"line":85,"column":4},"end":{"line":90,"column":5}},"21":{"start":{"line":86,"column":6},"end":{"line":89,"column":9}},"22":{"start":{"line":94,"column":4},"end":{"line":99,"column":5}},"23":{"start":{"line":95,"column":6},"end":{"line":98,"column":9}},"24":{"start":{"line":104,"column":4},"end":{"line":106,"column":5}},"25":{"start":{"line":105,"column":6},"end":{"line":105,"column":18}},"26":{"start":{"line":108,"column":21},"end":{"line":110,"column":5}},"27":{"start":{"line":112,"column":28},"end":{"line":112,"column":39}},"28":{"start":{"line":114,"column":4},"end":{"line":116,"column":5}},"29":{"start":{"line":115,"column":6},"end":{"line":115,"column":106}},"30":{"start":{"line":119,"column":4},"end":{"line":121,"column":5}},"31":{"start":{"line":120,"column":6},"end":{"line":120,"column":88}},"32":{"start":{"line":125,"column":4},"end":{"line":166,"column":6}},"33":{"start":{"line":174,"column":4},"end":{"line":174,"column":17}},"34":{"start":{"line":175,"column":4},"end":{"line":183,"column":6}},"35":{"start":{"line":185,"column":4},"end":{"line":185,"column":47}},"36":{"start":{"line":186,"column":4},"end":{"line":186,"column":49}},"37":{"start":{"line":191,"column":16},"end":{"line":191,"column":48}},"38":{"start":{"line":192,"column":4},"end":{"line":192,"column":34}},"39":{"start":{"line":196,"column":16},"end":{"line":196,"column":48}},"40":{"start":{"line":197,"column":4},"end":{"line":197,"column":33}},"41":{"start":{"line":202,"column":4},"end":{"line":218,"column":5}}},"fnMap":{"0":{"name":"(anonymous_0)","decl":{"start":{"line":6,"column":2},"end":{"line":6,"column":3}},"loc":{"start":{"line":6,"column":21},"end":{"line":21,"column":3}},"line":6},"1":{"name":"(anonymous_1)","decl":{"start":{"line":23,"column":2},"end":{"line":23,"column":3}},"loc":{"start":{"line":23,"column":25},"end":{"line":26,"column":3}},"line":23},"2":{"name":"(anonymous_2)","decl":{"start":{"line":28,"column":2},"end":{"line":28,"column":3}},"loc":{"start":{"line":28,"column":15},"end":{"line":52,"column":3}},"line":28},"3":{"name":"(anonymous_3)","decl":{"start":{"line":55,"column":2},"end":{"line":55,"column":3}},"loc":{"start":{"line":55,"column":19},"end":{"line":77,"column":3}},"line":55},"4":{"name":"(anonymous_4)","decl":{"start":{"line":66,"column":14},"end":{"line":66,"column":15}},"loc":{"start":{"line":66,"column":28},"end":{"line":69,"column":9}},"line":66},"5":{"name":"(anonymous_5)","decl":{"start":{"line":70,"column":15},"end":{"line":70,"column":16}},"loc":{"start":{"line":70,"column":24},"end":{"line":72,"column":9}},"line":70},"6":{"name":"(anonymous_6)","decl":{"start":{"line":79,"column":2},"end":{"line":79,"column":3}},"loc":{"start":{"line":79,"column":19},"end":{"line":82,"column":3}},"line":79},"7":{"name":"(anonymous_7)","decl":{"start":{"line":84,"column":2},"end":{"line":84,"column":3}},"loc":{"start":{"line":84,"column":26},"end":{"line":91,"column":3}},"line":84},"8":{"name":"(anonymous_8)","decl":{"start":{"line":93,"column":2},"end":{"line":93,"column":3}},"loc":{"start":{"line":93,"column":23},"end":{"line":100,"column":3}},"line":93},"9":{"name":"(anonymous_9)","decl":{"start":{"line":103,"column":2},"end":{"line":103,"column":3}},"loc":{"start":{"line":103,"column":11},"end":{"line":167,"column":3}},"line":103},"10":{"name":"(anonymous_10)","decl":{"start":{"line":173,"column":2},"end":{"line":173,"column":3}},"loc":{"start":{"line":173,"column":21},"end":{"line":188,"column":3}},"line":173},"11":{"name":"(anonymous_11)","decl":{"start":{"line":190,"column":2},"end":{"line":190,"column":3}},"loc":{"start":{"line":190,"column":14},"end":{"line":193,"column":3}},"line":190},"12":{"name":"(anonymous_12)","decl":{"start":{"line":195,"column":2},"end":{"line":195,"column":3}},"loc":{"start":{"line":195,"column":15},"end":{"line":198,"column":3}},"line":195},"13":{"name":"(anonymous_13)","decl":{"start":{"line":200,"column":2},"end":{"line":200,"column":3}},"loc":{"start":{"line":200,"column":11},"end":{"line":219,"column":3}},"line":200}},"branchMap":{"0":{"loc":{"start":{"line":38,"column":23},"end":{"line":38,"column":85}},"type":"binary-expr","locations":[{"start":{"line":38,"column":23},"end":{"line":38,"column":42}},{"start":{"line":38,"column":46},"end":{"line":38,"column":62}},{"start":{"line":38,"column":66},"end":{"line":38,"column":85}}],"line":38},"1":{"loc":{"start":{"line":39,"column":4},"end":{"line":48,"column":5}},"type":"if","locations":[{"start":{"line":39,"column":4},"end":{"line":48,"column":5}},{"start":{"line":39,"column":4},"end":{"line":48,"column":5}}],"line":39},"2":{"loc":{"start":{"line":42,"column":6},"end":{"line":44,"column":7}},"type":"if","locations":[{"start":{"line":42,"column":6},"end":{"line":44,"column":7}},{"start":{"line":42,"column":6},"end":{"line":44,"column":7}}],"line":42},"3":{"loc":{"start":{"line":46,"column":21},"end":{"line":46,"column":46}},"type":"binary-expr","locations":[{"start":{"line":46,"column":21},"end":{"line":46,"column":33}},{"start":{"line":46,"column":37},"end":{"line":46,"column":46}}],"line":46},"4":{"loc":{"start":{"line":59,"column":4},"end":{"line":76,"column":5}},"type":"if","locations":[{"start":{"line":59,"column":4},"end":{"line":76,"column":5}},{"start":{"line":59,"column":4},"end":{"line":76,"column":5}}],"line":59},"5":{"loc":{"start":{"line":85,"column":4},"end":{"line":90,"column":5}},"type":"if","locations":[{"start":{"line":85,"column":4},"end":{"line":90,"column":5}},{"start":{"line":85,"column":4},"end":{"line":90,"column":5}}],"line":85},"6":{"loc":{"start":{"line":94,"column":4},"end":{"line":99,"column":5}},"type":"if","locations":[{"start":{"line":94,"column":4},"end":{"line":99,"column":5}},{"start":{"line":94,"column":4},"end":{"line":99,"column":5}}],"line":94},"7":{"loc":{"start":{"line":104,"column":4},"end":{"line":106,"column":5}},"type":"if","locations":[{"start":{"line":104,"column":4},"end":{"line":106,"column":5}},{"start":{"line":104,"column":4},"end":{"line":106,"column":5}}],"line":104},"8":{"loc":{"start":{"line":114,"column":4},"end":{"line":116,"column":5}},"type":"if","locations":[{"start":{"line":114,"column":4},"end":{"line":116,"column":5}},{"start":{"line":114,"column":4},"end":{"line":116,"column":5}}],"line":114},"9":{"loc":{"start":{"line":119,"column":4},"end":{"line":121,"column":5}},"type":"if","locations":[{"start":{"line":119,"column":4},"end":{"line":121,"column":5}},{"start":{"line":119,"column":4},"end":{"line":121,"column":5}}],"line":119},"10":{"loc":{"start":{"line":133,"column":13},"end":{"line":133,"column":118}},"type":"cond-expr","locations":[{"start":{"line":133,"column":49},"end":{"line":133,"column":104}},{"start":{"line":133,"column":107},"end":{"line":133,"column":118}}],"line":133},"11":{"loc":{"start":{"line":145,"column":17},"end":{"line":145,"column":118}},"type":"cond-expr","locations":[{"start":{"line":145,"column":49},"end":{"line":145,"column":104}},{"start":{"line":145,"column":107},"end":{"line":145,"column":118}}],"line":145}},"s":{"0":4,"1":4,"2":0,"3":0,"4":0,"5":0,"6":0,"7":0,"8":0,"9":0,"10":0,"11":0,"12":0,"13":0,"14":0,"15":0,"16":0,"17":0,"18":0,"19":0,"20":0,"21":0,"22":0,"23":0,"24":6,"25":0,"26":6,"27":6,"28":6,"29":0,"30":6,"31":0,"32":6,"33":4,"34":4,"35":4,"36":4,"37":0,"38":0,"39":0,"40":0,"41":6},"f":{"0":4,"1":0,"2":0,"3":0,"4":0,"5":0,"6":0,"7":0,"8":0,"9":6,"10":4,"11":0,"12":0,"13":6},"b":{"0":[0,0,0],"1":[0,0],"2":[0,0],"3":[0,0],"4":[0,0],"5":[0,0],"6":[0,0],"7":[0,6],"8":[0,6],"9":[0,6],"10":[0,6],"11":[0,6]},"_coverageSchema":"1a1c01bbd47fc00a2c39e90264f33305004495a9","hash":"00ba8eacd71f5b9fffe8174fd510982b9eddc10d"}
,"/Users/tim/Desktop/rpp28/hr-rpp28-front-end-capstone/client/src/components/questionanswer/SearchQuestionBar/searchquestionbar.jsx": {"path":"/Users/tim/Desktop/rpp28/hr-rpp28-front-end-capstone/client/src/components/questionanswer/SearchQuestionBar/searchquestionbar.jsx","statementMap":{"0":{"start":{"line":6,"column":4},"end":{"line":6,"column":17}},"1":{"start":{"line":7,"column":4},"end":{"line":10,"column":6}},"2":{"start":{"line":14,"column":4},"end":{"line":14,"column":50}},"3":{"start":{"line":16,"column":4},"end":{"line":26,"column":5}},"4":{"start":{"line":22,"column":6},"end":{"line":22,"column":53}},"5":{"start":{"line":25,"column":6},"end":{"line":25,"column":34}},"6":{"start":{"line":33,"column":4},"end":{"line":38,"column":5}},"7":{"start":{"line":34,"column":6},"end":{"line":37,"column":9}},"8":{"start":{"line":43,"column":4},"end":{"line":49,"column":5}}},"fnMap":{"0":{"name":"(anonymous_0)","decl":{"start":{"line":5,"column":2},"end":{"line":5,"column":3}},"loc":{"start":{"line":5,"column":21},"end":{"line":11,"column":3}},"line":5},"1":{"name":"(anonymous_1)","decl":{"start":{"line":13,"column":2},"end":{"line":13,"column":3}},"loc":{"start":{"line":13,"column":18},"end":{"line":27,"column":3}},"line":13},"2":{"name":"(anonymous_2)","decl":{"start":{"line":29,"column":2},"end":{"line":29,"column":3}},"loc":{"start":{"line":29,"column":17},"end":{"line":40,"column":3}},"line":29},"3":{"name":"(anonymous_3)","decl":{"start":{"line":42,"column":2},"end":{"line":42,"column":3}},"loc":{"start":{"line":42,"column":11},"end":{"line":50,"column":3}},"line":42}},"branchMap":{"0":{"loc":{"start":{"line":16,"column":4},"end":{"line":26,"column":5}},"type":"if","locations":[{"start":{"line":16,"column":4},"end":{"line":26,"column":5}},{"start":{"line":16,"column":4},"end":{"line":26,"column":5}}],"line":16},"1":{"loc":{"start":{"line":33,"column":4},"end":{"line":38,"column":5}},"type":"if","locations":[{"start":{"line":33,"column":4},"end":{"line":38,"column":5}},{"start":{"line":33,"column":4},"end":{"line":38,"column":5}}],"line":33}},"s":{"0":3,"1":3,"2":0,"3":0,"4":0,"5":0,"6":0,"7":0,"8":5},"f":{"0":3,"1":0,"2":0,"3":5},"b":{"0":[0,0],"1":[0,0]},"_coverageSchema":"1a1c01bbd47fc00a2c39e90264f33305004495a9","hash":"58b7ff27812cf5dbd56242b7de09c13c093e1bb1"}
,"/Users/tim/Desktop/rpp28/hr-rpp28-front-end-capstone/client/src/components/questionanswer/SingleQuestionAnswer/singleanswerbar.jsx": {"path":"/Users/tim/Desktop/rpp28/hr-rpp28-front-end-capstone/client/src/components/questionanswer/SingleQuestionAnswer/singleanswerbar.jsx","statementMap":{"0":{"start":{"line":8,"column":4},"end":{"line":8,"column":17}},"1":{"start":{"line":9,"column":4},"end":{"line":13,"column":6}},"2":{"start":{"line":18,"column":4},"end":{"line":18,"column":46}},"3":{"start":{"line":22,"column":18},"end":{"line":35,"column":3}},"4":{"start":{"line":23,"column":4},"end":{"line":34,"column":5}},"5":{"start":{"line":24,"column":6},"end":{"line":33,"column":9}},"6":{"start":{"line":26,"column":8},"end":{"line":26,"column":101}},"7":{"start":{"line":27,"column":8},"end":{"line":27,"column":29}},"8":{"start":{"line":28,"column":8},"end":{"line":28,"column":50}},"9":{"start":{"line":31,"column":8},"end":{"line":31,"column":94}},"10":{"start":{"line":37,"column":17},"end":{"line":48,"column":3}},"11":{"start":{"line":38,"column":4},"end":{"line":38,"column":53}},"12":{"start":{"line":39,"column":4},"end":{"line":47,"column":7}},"13":{"start":{"line":42,"column":6},"end":{"line":42,"column":38}},"14":{"start":{"line":46,"column":6},"end":{"line":46,"column":91}},"15":{"start":{"line":51,"column":25},"end":{"line":51,"column":103}},"16":{"start":{"line":52,"column":22},"end":{"line":52,"column":43}},"17":{"start":{"line":54,"column":17},"end":{"line":54,"column":135}},"18":{"start":{"line":56,"column":4},"end":{"line":74,"column":5}}},"fnMap":{"0":{"name":"(anonymous_0)","decl":{"start":{"line":7,"column":2},"end":{"line":7,"column":3}},"loc":{"start":{"line":7,"column":21},"end":{"line":15,"column":3}},"line":7},"1":{"name":"(anonymous_1)","decl":{"start":{"line":17,"column":2},"end":{"line":17,"column":3}},"loc":{"start":{"line":17,"column":22},"end":{"line":20,"column":3}},"line":17},"2":{"name":"(anonymous_2)","decl":{"start":{"line":22,"column":18},"end":{"line":22,"column":19}},"loc":{"start":{"line":22,"column":27},"end":{"line":35,"column":3}},"line":22},"3":{"name":"(anonymous_3)","decl":{"start":{"line":25,"column":12},"end":{"line":25,"column":13}},"loc":{"start":{"line":25,"column":26},"end":{"line":29,"column":7}},"line":25},"4":{"name":"(anonymous_4)","decl":{"start":{"line":30,"column":13},"end":{"line":30,"column":14}},"loc":{"start":{"line":30,"column":20},"end":{"line":33,"column":7}},"line":30},"5":{"name":"(anonymous_5)","decl":{"start":{"line":37,"column":17},"end":{"line":37,"column":18}},"loc":{"start":{"line":37,"column":26},"end":{"line":48,"column":3}},"line":37},"6":{"name":"(anonymous_6)","decl":{"start":{"line":40,"column":10},"end":{"line":40,"column":11}},"loc":{"start":{"line":40,"column":24},"end":{"line":44,"column":5}},"line":40},"7":{"name":"(anonymous_7)","decl":{"start":{"line":45,"column":11},"end":{"line":45,"column":12}},"loc":{"start":{"line":45,"column":18},"end":{"line":47,"column":5}},"line":45},"8":{"name":"(anonymous_8)","decl":{"start":{"line":50,"column":2},"end":{"line":50,"column":3}},"loc":{"start":{"line":50,"column":12},"end":{"line":75,"column":3}},"line":50}},"branchMap":{"0":{"loc":{"start":{"line":23,"column":4},"end":{"line":34,"column":5}},"type":"if","locations":[{"start":{"line":23,"column":4},"end":{"line":34,"column":5}},{"start":{"line":23,"column":4},"end":{"line":34,"column":5}}],"line":23},"1":{"loc":{"start":{"line":67,"column":13},"end":{"line":67,"column":63}},"type":"cond-expr","locations":[{"start":{"line":67,"column":35},"end":{"line":67,"column":46}},{"start":{"line":67,"column":49},"end":{"line":67,"column":63}}],"line":67}},"s":{"0":16,"1":16,"2":16,"3":16,"4":0,"5":0,"6":0,"7":0,"8":0,"9":0,"10":16,"11":0,"12":0,"13":0,"14":0,"15":32,"16":32,"17":32,"18":32},"f":{"0":16,"1":16,"2":0,"3":0,"4":0,"5":0,"6":0,"7":0,"8":32},"b":{"0":[0,0],"1":[0,32]},"_coverageSchema":"1a1c01bbd47fc00a2c39e90264f33305004495a9","hash":"7a9129e507f4a286b964a56bc3a4ae3e6d0493de"}
,"/Users/tim/Desktop/rpp28/hr-rpp28-front-end-capstone/client/src/components/questionanswer/SingleQuestionAnswer/singlequestionanswer.jsx": {"path":"/Users/tim/Desktop/rpp28/hr-rpp28-front-end-capstone/client/src/components/questionanswer/SingleQuestionAnswer/singlequestionanswer.jsx","statementMap":{"0":{"start":{"line":10,"column":4},"end":{"line":10,"column":17}},"1":{"start":{"line":12,"column":4},"end":{"line":17,"column":6}},"2":{"start":{"line":22,"column":25},"end":{"line":22,"column":27}},"3":{"start":{"line":23,"column":22},"end":{"line":23,"column":24}},"4":{"start":{"line":24,"column":26},"end":{"line":24,"column":53}},"5":{"start":{"line":25,"column":22},"end":{"line":25,"column":62}},"6":{"start":{"line":27,"column":4},"end":{"line":29,"column":5}},"7":{"start":{"line":28,"column":6},"end":{"line":28,"column":16}},"8":{"start":{"line":31,"column":4},"end":{"line":43,"column":5}},"9":{"start":{"line":31,"column":17},"end":{"line":31,"column":18}},"10":{"start":{"line":34,"column":6},"end":{"line":36,"column":7}},"11":{"start":{"line":38,"column":6},"end":{"line":42,"column":7}},"12":{"start":{"line":39,"column":8},"end":{"line":39,"column":58}},"13":{"start":{"line":41,"column":8},"end":{"line":41,"column":61}},"14":{"start":{"line":47,"column":4},"end":{"line":47,"column":65}},"15":{"start":{"line":47,"column":34},"end":{"line":47,"column":63}},"16":{"start":{"line":48,"column":4},"end":{"line":48,"column":62}},"17":{"start":{"line":48,"column":31},"end":{"line":48,"column":60}},"18":{"start":{"line":50,"column":31},"end":{"line":50,"column":33}},"19":{"start":{"line":55,"column":4},"end":{"line":55,"column":62}},"20":{"start":{"line":58,"column":4},"end":{"line":58,"column":32}},"21":{"start":{"line":64,"column":4},"end":{"line":67,"column":7}},"22":{"start":{"line":74,"column":4},"end":{"line":74,"column":56}},"23":{"start":{"line":79,"column":4},"end":{"line":79,"column":69}},"24":{"start":{"line":85,"column":24},"end":{"line":85,"column":50}},"25":{"start":{"line":87,"column":21},"end":{"line":93,"column":6}},"26":{"start":{"line":88,"column":6},"end":{"line":92,"column":7}},"27":{"start":{"line":89,"column":8},"end":{"line":89,"column":163}},"28":{"start":{"line":91,"column":8},"end":{"line":91,"column":88}},"29":{"start":{"line":95,"column":26},"end":{"line":95,"column":97}},"30":{"start":{"line":97,"column":4},"end":{"line":99,"column":5}},"31":{"start":{"line":98,"column":6},"end":{"line":98,"column":28}},"32":{"start":{"line":105,"column":4},"end":{"line":115,"column":5}}},"fnMap":{"0":{"name":"(anonymous_0)","decl":{"start":{"line":9,"column":2},"end":{"line":9,"column":3}},"loc":{"start":{"line":9,"column":21},"end":{"line":18,"column":3}},"line":9},"1":{"name":"(anonymous_1)","decl":{"start":{"line":20,"column":2},"end":{"line":20,"column":3}},"loc":{"start":{"line":20,"column":24},"end":{"line":59,"column":3}},"line":20},"2":{"name":"(anonymous_2)","decl":{"start":{"line":47,"column":24},"end":{"line":47,"column":25}},"loc":{"start":{"line":47,"column":34},"end":{"line":47,"column":63}},"line":47},"3":{"name":"(anonymous_3)","decl":{"start":{"line":48,"column":21},"end":{"line":48,"column":22}},"loc":{"start":{"line":48,"column":31},"end":{"line":48,"column":60}},"line":48},"4":{"name":"(anonymous_4)","decl":{"start":{"line":61,"column":2},"end":{"line":61,"column":3}},"loc":{"start":{"line":61,"column":22},"end":{"line":69,"column":3}},"line":61},"5":{"name":"(anonymous_5)","decl":{"start":{"line":71,"column":2},"end":{"line":71,"column":3}},"loc":{"start":{"line":71,"column":22},"end":{"line":75,"column":3}},"line":71},"6":{"name":"(anonymous_6)","decl":{"start":{"line":78,"column":2},"end":{"line":78,"column":3}},"loc":{"start":{"line":78,"column":20},"end":{"line":81,"column":3}},"line":78},"7":{"name":"(anonymous_7)","decl":{"start":{"line":83,"column":2},"end":{"line":83,"column":3}},"loc":{"start":{"line":83,"column":11},"end":{"line":116,"column":3}},"line":83},"8":{"name":"(anonymous_8)","decl":{"start":{"line":87,"column":74},"end":{"line":87,"column":75}},"loc":{"start":{"line":87,"column":81},"end":{"line":93,"column":5}},"line":87}},"branchMap":{"0":{"loc":{"start":{"line":27,"column":4},"end":{"line":29,"column":5}},"type":"if","locations":[{"start":{"line":27,"column":4},"end":{"line":29,"column":5}},{"start":{"line":27,"column":4},"end":{"line":29,"column":5}}],"line":27},"1":{"loc":{"start":{"line":34,"column":6},"end":{"line":36,"column":7}},"type":"if","locations":[{"start":{"line":34,"column":6},"end":{"line":36,"column":7}},{"start":{"line":34,"column":6},"end":{"line":36,"column":7}}],"line":34},"2":{"loc":{"start":{"line":38,"column":6},"end":{"line":42,"column":7}},"type":"if","locations":[{"start":{"line":38,"column":6},"end":{"line":42,"column":7}},{"start":{"line":38,"column":6},"end":{"line":42,"column":7}}],"line":38},"3":{"loc":{"start":{"line":88,"column":6},"end":{"line":92,"column":7}},"type":"if","locations":[{"start":{"line":88,"column":6},"end":{"line":92,"column":7}},{"start":{"line":88,"column":6},"end":{"line":92,"column":7}}],"line":88},"4":{"loc":{"start":{"line":97,"column":4},"end":{"line":99,"column":5}},"type":"if","locations":[{"start":{"line":97,"column":4},"end":{"line":99,"column":5}},{"start":{"line":97,"column":4},"end":{"line":99,"column":5}}],"line":97}},"s":{"0":9,"1":9,"2":18,"3":18,"4":18,"5":18,"6":18,"7":4,"8":14,"9":14,"10":34,"11":34,"12":0,"13":34,"14":14,"15":36,"16":14,"17":0,"18":14,"19":14,"20":14,"21":9,"22":0,"23":0,"24":18,"25":18,"26":22,"27":0,"28":22,"29":18,"30":18,"31":14,"32":18},"f":{"0":9,"1":18,"2":36,"3":0,"4":9,"5":0,"6":0,"7":18,"8":22},"b":{"0":[4,14],"1":[0,34],"2":[0,34],"3":[0,22],"4":[14,4]},"_coverageSchema":"1a1c01bbd47fc00a2c39e90264f33305004495a9","hash":"fd79c0373375ac048f4504bc10e214c0eafa3bce"}
,"/Users/tim/Desktop/rpp28/hr-rpp28-front-end-capstone/client/src/components/questionanswer/SingleQuestionAnswer/singlequestionbar.jsx": {"path":"/Users/tim/Desktop/rpp28/hr-rpp28-front-end-capstone/client/src/components/questionanswer/SingleQuestionAnswer/singlequestionbar.jsx","statementMap":{"0":{"start":{"line":9,"column":4},"end":{"line":9,"column":17}},"1":{"start":{"line":10,"column":4},"end":{"line":13,"column":5}},"2":{"start":{"line":17,"column":18},"end":{"line":30,"column":3}},"3":{"start":{"line":18,"column":4},"end":{"line":29,"column":5}},"4":{"start":{"line":20,"column":6},"end":{"line":27,"column":8}},"5":{"start":{"line":22,"column":8},"end":{"line":22,"column":29}},"6":{"start":{"line":23,"column":8},"end":{"line":23,"column":50}},"7":{"start":{"line":26,"column":8},"end":{"line":26,"column":78}},"8":{"start":{"line":34,"column":4},"end":{"line":48,"column":5}}},"fnMap":{"0":{"name":"(anonymous_0)","decl":{"start":{"line":8,"column":2},"end":{"line":8,"column":3}},"loc":{"start":{"line":8,"column":21},"end":{"line":15,"column":3}},"line":8},"1":{"name":"(anonymous_1)","decl":{"start":{"line":17,"column":18},"end":{"line":17,"column":19}},"loc":{"start":{"line":17,"column":27},"end":{"line":30,"column":3}},"line":17},"2":{"name":"(anonymous_2)","decl":{"start":{"line":21,"column":12},"end":{"line":21,"column":13}},"loc":{"start":{"line":21,"column":26},"end":{"line":24,"column":7}},"line":21},"3":{"name":"(anonymous_3)","decl":{"start":{"line":25,"column":13},"end":{"line":25,"column":14}},"loc":{"start":{"line":25,"column":22},"end":{"line":27,"column":7}},"line":25},"4":{"name":"(anonymous_4)","decl":{"start":{"line":32,"column":2},"end":{"line":32,"column":3}},"loc":{"start":{"line":32,"column":12},"end":{"line":49,"column":3}},"line":32}},"branchMap":{"0":{"loc":{"start":{"line":18,"column":4},"end":{"line":29,"column":5}},"type":"if","locations":[{"start":{"line":18,"column":4},"end":{"line":29,"column":5}},{"start":{"line":18,"column":4},"end":{"line":29,"column":5}}],"line":18}},"s":{"0":10,"1":10,"2":10,"3":0,"4":0,"5":0,"6":0,"7":0,"8":19},"f":{"0":10,"1":0,"2":0,"3":0,"4":19},"b":{"0":[0,0]},"_coverageSchema":"1a1c01bbd47fc00a2c39e90264f33305004495a9","hash":"ce4c8df60e744b6d6a83026e7fb918e66486f7c1"}
,"/Users/tim/Desktop/rpp28/hr-rpp28-front-end-capstone/client/src/components/relatedItems/Modal.jsx": {"path":"/Users/tim/Desktop/rpp28/hr-rpp28-front-end-capstone/client/src/components/relatedItems/Modal.jsx","statementMap":{"0":{"start":{"line":5,"column":14},"end":{"line":39,"column":1}},"1":{"start":{"line":6,"column":55},"end":{"line":6,"column":60}},"2":{"start":{"line":8,"column":22},"end":{"line":11,"column":3}},"3":{"start":{"line":9,"column":4},"end":{"line":9,"column":24}},"4":{"start":{"line":10,"column":4},"end":{"line":10,"column":18}},"5":{"start":{"line":13,"column":2},"end":{"line":38,"column":4}},"6":{"start":{"line":15,"column":53},"end":{"line":15,"column":61}},"7":{"start":{"line":26,"column":12},"end":{"line":32,"column":13}},"8":{"start":{"line":27,"column":14},"end":{"line":30,"column":15}},"9":{"start":{"line":28,"column":38},"end":{"line":28,"column":78}},"10":{"start":{"line":29,"column":16},"end":{"line":29,"column":74}},"11":{"start":{"line":31,"column":14},"end":{"line":31,"column":66}},"12":{"start":{"line":33,"column":12},"end":{"line":33,"column":64}},"13":{"start":{"line":41,"column":0},"end":{"line":46,"column":2}},"14":{"start":{"line":48,"column":23},"end":{"line":58,"column":1}},"15":{"start":{"line":60,"column":21},"end":{"line":69,"column":1}},"16":{"start":{"line":71,"column":19},"end":{"line":74,"column":1}},"17":{"start":{"line":76,"column":21},"end":{"line":87,"column":1}},"18":{"start":{"line":89,"column":18},"end":{"line":108,"column":1}},"19":{"start":{"line":110,"column":26},"end":{"line":116,"column":1}},"20":{"start":{"line":118,"column":21},"end":{"line":124,"column":1}},"21":{"start":{"line":126,"column":20},"end":{"line":131,"column":1}}},"fnMap":{"0":{"name":"(anonymous_0)","decl":{"start":{"line":5,"column":14},"end":{"line":5,"column":15}},"loc":{"start":{"line":5,"column":25},"end":{"line":39,"column":1}},"line":5},"1":{"name":"(anonymous_1)","decl":{"start":{"line":8,"column":22},"end":{"line":8,"column":23}},"loc":{"start":{"line":8,"column":29},"end":{"line":11,"column":3}},"line":8},"2":{"name":"(anonymous_2)","decl":{"start":{"line":15,"column":46},"end":{"line":15,"column":47}},"loc":{"start":{"line":15,"column":53},"end":{"line":15,"column":61}},"line":15},"3":{"name":"(anonymous_3)","decl":{"start":{"line":25,"column":31},"end":{"line":25,"column":32}},"loc":{"start":{"line":25,"column":49},"end":{"line":34,"column":11}},"line":25}},"branchMap":{"0":{"loc":{"start":{"line":26,"column":12},"end":{"line":32,"column":13}},"type":"if","locations":[{"start":{"line":26,"column":12},"end":{"line":32,"column":13}},{"start":{"line":26,"column":12},"end":{"line":32,"column":13}}],"line":26},"1":{"loc":{"start":{"line":27,"column":14},"end":{"line":30,"column":15}},"type":"if","locations":[{"start":{"line":27,"column":14},"end":{"line":30,"column":15}},{"start":{"line":27,"column":14},"end":{"line":30,"column":15}}],"line":27}},"s":{"0":1,"1":0,"2":0,"3":0,"4":0,"5":0,"6":0,"7":0,"8":0,"9":0,"10":0,"11":0,"12":0,"13":1,"14":1,"15":1,"16":1,"17":1,"18":1,"19":1,"20":1,"21":1},"f":{"0":0,"1":0,"2":0,"3":0},"b":{"0":[0,0],"1":[0,0]},"_coverageSchema":"1a1c01bbd47fc00a2c39e90264f33305004495a9","hash":"86dfcb58505710c18539b039924cd7ff46f09034"}
,"/Users/tim/Desktop/rpp28/hr-rpp28-front-end-capstone/client/src/components/relatedItems/OutfitList.jsx": {"path":"/Users/tim/Desktop/rpp28/hr-rpp28-front-end-capstone/client/src/components/relatedItems/OutfitList.jsx","statementMap":{"0":{"start":{"line":10,"column":4},"end":{"line":10,"column":17}},"1":{"start":{"line":11,"column":4},"end":{"line":18,"column":6}},"2":{"start":{"line":20,"column":4},"end":{"line":20,"column":47}},"3":{"start":{"line":21,"column":4},"end":{"line":21,"column":53}},"4":{"start":{"line":22,"column":4},"end":{"line":22,"column":49}},"5":{"start":{"line":23,"column":4},"end":{"line":23,"column":51}},"6":{"start":{"line":24,"column":4},"end":{"line":24,"column":45}},"7":{"start":{"line":28,"column":25},"end":{"line":28,"column":35}},"8":{"start":{"line":30,"column":4},"end":{"line":61,"column":5}},"9":{"start":{"line":31,"column":6},"end":{"line":39,"column":11}},"10":{"start":{"line":33,"column":10},"end":{"line":35,"column":13}},"11":{"start":{"line":38,"column":10},"end":{"line":38,"column":82}},"12":{"start":{"line":41,"column":6},"end":{"line":49,"column":11}},"13":{"start":{"line":43,"column":10},"end":{"line":45,"column":13}},"14":{"start":{"line":48,"column":10},"end":{"line":48,"column":80}},"15":{"start":{"line":51,"column":6},"end":{"line":60,"column":11}},"16":{"start":{"line":53,"column":10},"end":{"line":56,"column":28}},"17":{"start":{"line":59,"column":10},"end":{"line":59,"column":77}},"18":{"start":{"line":65,"column":50},"end":{"line":65,"column":60}},"19":{"start":{"line":66,"column":21},"end":{"line":66,"column":44}},"20":{"start":{"line":68,"column":4},"end":{"line":68,"column":41}},"21":{"start":{"line":69,"column":4},"end":{"line":73,"column":7}},"22":{"start":{"line":70,"column":6},"end":{"line":72,"column":7}},"23":{"start":{"line":71,"column":8},"end":{"line":71,"column":16}},"24":{"start":{"line":74,"column":4},"end":{"line":95,"column":5}},"25":{"start":{"line":75,"column":6},"end":{"line":75,"column":83}},"26":{"start":{"line":77,"column":39},"end":{"line":82,"column":7}},"27":{"start":{"line":83,"column":34},"end":{"line":83,"column":61}},"28":{"start":{"line":85,"column":6},"end":{"line":94,"column":11}},"29":{"start":{"line":87,"column":10},"end":{"line":90,"column":28}},"30":{"start":{"line":93,"column":10},"end":{"line":93,"column":84}},"31":{"start":{"line":99,"column":27},"end":{"line":101,"column":5}},"32":{"start":{"line":102,"column":4},"end":{"line":121,"column":7}},"33":{"start":{"line":105,"column":6},"end":{"line":120,"column":11}},"34":{"start":{"line":107,"column":10},"end":{"line":116,"column":11}},"35":{"start":{"line":108,"column":12},"end":{"line":110,"column":15}},"36":{"start":{"line":112,"column":12},"end":{"line":115,"column":15}},"37":{"start":{"line":119,"column":10},"end":{"line":119,"column":93}},"38":{"start":{"line":125,"column":4},"end":{"line":127,"column":7}},"39":{"start":{"line":128,"column":16},"end":{"line":128,"column":50}},"40":{"start":{"line":129,"column":27},"end":{"line":129,"column":60}},"41":{"start":{"line":130,"column":4},"end":{"line":130,"column":42}},"42":{"start":{"line":131,"column":4},"end":{"line":135,"column":5}},"43":{"start":{"line":132,"column":6},"end":{"line":134,"column":9}},"44":{"start":{"line":139,"column":4},"end":{"line":141,"column":7}},"45":{"start":{"line":142,"column":16},"end":{"line":142,"column":50}},"46":{"start":{"line":143,"column":27},"end":{"line":143,"column":60}},"47":{"start":{"line":144,"column":4},"end":{"line":144,"column":42}},"48":{"start":{"line":145,"column":4},"end":{"line":149,"column":5}},"49":{"start":{"line":146,"column":6},"end":{"line":148,"column":9}},"50":{"start":{"line":153,"column":16},"end":{"line":153,"column":50}},"51":{"start":{"line":154,"column":4},"end":{"line":159,"column":5}},"52":{"start":{"line":155,"column":28},"end":{"line":155,"column":61}},"53":{"start":{"line":156,"column":6},"end":{"line":158,"column":9}},"54":{"start":{"line":165,"column":65},"end":{"line":165,"column":75}},"55":{"start":{"line":166,"column":54},"end":{"line":166,"column":64}},"56":{"start":{"line":167,"column":4},"end":{"line":209,"column":6}},"57":{"start":{"line":185,"column":18},"end":{"line":195,"column":20}},"58":{"start":{"line":213,"column":0},"end":{"line":217,"column":1}},"59":{"start":{"line":219,"column":17},"end":{"line":229,"column":1}},"60":{"start":{"line":231,"column":17},"end":{"line":244,"column":1}},"61":{"start":{"line":246,"column":19},"end":{"line":259,"column":1}},"62":{"start":{"line":261,"column":23},"end":{"line":271,"column":1}},"63":{"start":{"line":273,"column":20},"end":{"line":286,"column":1}},"64":{"start":{"line":288,"column":24},"end":{"line":298,"column":1}},"65":{"start":{"line":300,"column":18},"end":{"line":309,"column":1}},"66":{"start":{"line":311,"column":25},"end":{"line":323,"column":1}}},"fnMap":{"0":{"name":"(anonymous_0)","decl":{"start":{"line":9,"column":2},"end":{"line":9,"column":3}},"loc":{"start":{"line":9,"column":21},"end":{"line":25,"column":3}},"line":9},"1":{"name":"(anonymous_1)","decl":{"start":{"line":27,"column":2},"end":{"line":27,"column":3}},"loc":{"start":{"line":27,"column":22},"end":{"line":62,"column":3}},"line":27},"2":{"name":"(anonymous_2)","decl":{"start":{"line":32,"column":14},"end":{"line":32,"column":15}},"loc":{"start":{"line":32,"column":24},"end":{"line":36,"column":9}},"line":32},"3":{"name":"(anonymous_3)","decl":{"start":{"line":37,"column":15},"end":{"line":37,"column":16}},"loc":{"start":{"line":37,"column":24},"end":{"line":39,"column":9}},"line":37},"4":{"name":"(anonymous_4)","decl":{"start":{"line":42,"column":14},"end":{"line":42,"column":15}},"loc":{"start":{"line":42,"column":24},"end":{"line":46,"column":9}},"line":42},"5":{"name":"(anonymous_5)","decl":{"start":{"line":47,"column":15},"end":{"line":47,"column":16}},"loc":{"start":{"line":47,"column":24},"end":{"line":49,"column":9}},"line":47},"6":{"name":"(anonymous_6)","decl":{"start":{"line":52,"column":14},"end":{"line":52,"column":15}},"loc":{"start":{"line":52,"column":24},"end":{"line":57,"column":9}},"line":52},"7":{"name":"(anonymous_7)","decl":{"start":{"line":58,"column":15},"end":{"line":58,"column":16}},"loc":{"start":{"line":58,"column":24},"end":{"line":60,"column":9}},"line":58},"8":{"name":"(anonymous_8)","decl":{"start":{"line":64,"column":2},"end":{"line":64,"column":3}},"loc":{"start":{"line":64,"column":14},"end":{"line":96,"column":3}},"line":64},"9":{"name":"(anonymous_9)","decl":{"start":{"line":69,"column":20},"end":{"line":69,"column":21}},"loc":{"start":{"line":69,"column":35},"end":{"line":73,"column":5}},"line":69},"10":{"name":"(anonymous_10)","decl":{"start":{"line":86,"column":14},"end":{"line":86,"column":15}},"loc":{"start":{"line":86,"column":24},"end":{"line":91,"column":9}},"line":86},"11":{"name":"(anonymous_11)","decl":{"start":{"line":92,"column":15},"end":{"line":92,"column":16}},"loc":{"start":{"line":92,"column":24},"end":{"line":94,"column":9}},"line":92},"12":{"name":"(anonymous_12)","decl":{"start":{"line":98,"column":2},"end":{"line":98,"column":3}},"loc":{"start":{"line":98,"column":19},"end":{"line":122,"column":3}},"line":98},"13":{"name":"(anonymous_13)","decl":{"start":{"line":104,"column":7},"end":{"line":104,"column":8}},"loc":{"start":{"line":104,"column":13},"end":{"line":121,"column":5}},"line":104},"14":{"name":"(anonymous_14)","decl":{"start":{"line":106,"column":14},"end":{"line":106,"column":15}},"loc":{"start":{"line":106,"column":24},"end":{"line":117,"column":9}},"line":106},"15":{"name":"(anonymous_15)","decl":{"start":{"line":118,"column":15},"end":{"line":118,"column":16}},"loc":{"start":{"line":118,"column":24},"end":{"line":120,"column":9}},"line":118},"16":{"name":"(anonymous_16)","decl":{"start":{"line":124,"column":2},"end":{"line":124,"column":3}},"loc":{"start":{"line":124,"column":15},"end":{"line":136,"column":3}},"line":124},"17":{"name":"(anonymous_17)","decl":{"start":{"line":138,"column":2},"end":{"line":138,"column":3}},"loc":{"start":{"line":138,"column":16},"end":{"line":150,"column":3}},"line":138},"18":{"name":"(anonymous_18)","decl":{"start":{"line":152,"column":2},"end":{"line":152,"column":3}},"loc":{"start":{"line":152,"column":13},"end":{"line":160,"column":3}},"line":152},"19":{"name":"(anonymous_19)","decl":{"start":{"line":164,"column":2},"end":{"line":164,"column":3}},"loc":{"start":{"line":164,"column":11},"end":{"line":210,"column":3}},"line":164},"20":{"name":"(anonymous_20)","decl":{"start":{"line":184,"column":29},"end":{"line":184,"column":30}},"loc":{"start":{"line":184,"column":46},"end":{"line":196,"column":17}},"line":184}},"branchMap":{"0":{"loc":{"start":{"line":30,"column":4},"end":{"line":61,"column":5}},"type":"if","locations":[{"start":{"line":30,"column":4},"end":{"line":61,"column":5}},{"start":{"line":30,"column":4},"end":{"line":61,"column":5}}],"line":30},"1":{"loc":{"start":{"line":70,"column":6},"end":{"line":72,"column":7}},"type":"if","locations":[{"start":{"line":70,"column":6},"end":{"line":72,"column":7}},{"start":{"line":70,"column":6},"end":{"line":72,"column":7}}],"line":70},"2":{"loc":{"start":{"line":74,"column":4},"end":{"line":95,"column":5}},"type":"if","locations":[{"start":{"line":74,"column":4},"end":{"line":95,"column":5}},{"start":{"line":74,"column":4},"end":{"line":95,"column":5}}],"line":74},"3":{"loc":{"start":{"line":107,"column":10},"end":{"line":116,"column":11}},"type":"if","locations":[{"start":{"line":107,"column":10},"end":{"line":116,"column":11}},{"start":{"line":107,"column":10},"end":{"line":116,"column":11}}],"line":107},"4":{"loc":{"start":{"line":131,"column":4},"end":{"line":135,"column":5}},"type":"if","locations":[{"start":{"line":131,"column":4},"end":{"line":135,"column":5}},{"start":{"line":131,"column":4},"end":{"line":135,"column":5}}],"line":131},"5":{"loc":{"start":{"line":145,"column":4},"end":{"line":149,"column":5}},"type":"if","locations":[{"start":{"line":145,"column":4},"end":{"line":149,"column":5}},{"start":{"line":145,"column":4},"end":{"line":149,"column":5}}],"line":145},"6":{"loc":{"start":{"line":154,"column":4},"end":{"line":159,"column":5}},"type":"if","locations":[{"start":{"line":154,"column":4},"end":{"line":159,"column":5}},{"start":{"line":154,"column":4},"end":{"line":159,"column":5}}],"line":154},"7":{"loc":{"start":{"line":169,"column":9},"end":{"line":175,"column":16}},"type":"cond-expr","locations":[{"start":{"line":170,"column":12},"end":{"line":174,"column":30}},{"start":{"line":175,"column":12},"end":{"line":175,"column":16}}],"line":169},"8":{"loc":{"start":{"line":182,"column":11},"end":{"line":198,"column":20}},"type":"cond-expr","locations":[{"start":{"line":183,"column":14},"end":{"line":197,"column":20}},{"start":{"line":198,"column":16},"end":{"line":198,"column":20}}],"line":182},"9":{"loc":{"start":{"line":200,"column":9},"end":{"line":207,"column":18}},"type":"cond-expr","locations":[{"start":{"line":202,"column":12},"end":{"line":206,"column":29}},{"start":{"line":207,"column":14},"end":{"line":207,"column":18}}],"line":200}},"s":{"0":2,"1":2,"2":2,"3":2,"4":2,"5":2,"6":2,"7":2,"8":2,"9":2,"10":0,"11":2,"12":2,"13":0,"14":2,"15":2,"16":0,"17":2,"18":0,"19":0,"20":0,"21":0,"22":0,"23":0,"24":0,"25":0,"26":0,"27":0,"28":0,"29":0,"30":0,"31":0,"32":0,"33":0,"34":0,"35":0,"36":0,"37":0,"38":0,"39":0,"40":0,"41":0,"42":0,"43":0,"44":0,"45":0,"46":0,"47":0,"48":0,"49":0,"50":0,"51":0,"52":0,"53":0,"54":2,"55":2,"56":2,"57":0,"58":1,"59":1,"60":1,"61":1,"62":1,"63":1,"64":1,"65":1,"66":1},"f":{"0":2,"1":2,"2":0,"3":2,"4":0,"5":2,"6":0,"7":2,"8":0,"9":0,"10":0,"11":0,"12":0,"13":0,"14":0,"15":0,"16":0,"17":0,"18":0,"19":2,"20":0},"b":{"0":[2,0],"1":[0,0],"2":[0,0],"3":[0,0],"4":[0,0],"5":[0,0],"6":[0,0],"7":[0,2],"8":[0,2],"9":[0,2]},"_coverageSchema":"1a1c01bbd47fc00a2c39e90264f33305004495a9","hash":"25a963ebb97cdc741af3123cdb94f1930536160e"}
,"/Users/tim/Desktop/rpp28/hr-rpp28-front-end-capstone/client/src/components/relatedItems/OutfitSlide.jsx": {"path":"/Users/tim/Desktop/rpp28/hr-rpp28-front-end-capstone/client/src/components/relatedItems/OutfitSlide.jsx","statementMap":{"0":{"start":{"line":9,"column":4},"end":{"line":9,"column":17}},"1":{"start":{"line":11,"column":4},"end":{"line":17,"column":6}},"2":{"start":{"line":19,"column":4},"end":{"line":19,"column":53}},"3":{"start":{"line":20,"column":4},"end":{"line":20,"column":55}},"4":{"start":{"line":24,"column":23},"end":{"line":24,"column":33}},"5":{"start":{"line":25,"column":24},"end":{"line":25,"column":93}},"6":{"start":{"line":25,"column":64},"end":{"line":25,"column":92}},"7":{"start":{"line":28,"column":4},"end":{"line":38,"column":5}},"8":{"start":{"line":29,"column":6},"end":{"line":29,"column":60}},"9":{"start":{"line":30,"column":6},"end":{"line":32,"column":9}},"10":{"start":{"line":34,"column":6},"end":{"line":34,"column":47}},"11":{"start":{"line":35,"column":6},"end":{"line":37,"column":9}},"12":{"start":{"line":40,"column":4},"end":{"line":54,"column":5}},"13":{"start":{"line":41,"column":6},"end":{"line":46,"column":9}},"14":{"start":{"line":48,"column":6},"end":{"line":53,"column":9}},"15":{"start":{"line":58,"column":43},"end":{"line":58,"column":53}},"16":{"start":{"line":59,"column":30},"end":{"line":59,"column":40}},"17":{"start":{"line":60,"column":4},"end":{"line":60,"column":33}},"18":{"start":{"line":61,"column":4},"end":{"line":61,"column":43}},"19":{"start":{"line":65,"column":52},"end":{"line":65,"column":62}},"20":{"start":{"line":66,"column":22},"end":{"line":66,"column":46}},"21":{"start":{"line":67,"column":4},"end":{"line":67,"column":19}},"22":{"start":{"line":68,"column":4},"end":{"line":68,"column":29}},"23":{"start":{"line":74,"column":8},"end":{"line":74,"column":18}},"24":{"start":{"line":75,"column":17},"end":{"line":79,"column":5}},"25":{"start":{"line":80,"column":4},"end":{"line":108,"column":6}},"26":{"start":{"line":112,"column":0},"end":{"line":117,"column":1}},"27":{"start":{"line":119,"column":17},"end":{"line":132,"column":1}},"28":{"start":{"line":134,"column":18},"end":{"line":143,"column":1}},"29":{"start":{"line":145,"column":23},"end":{"line":154,"column":1}},"30":{"start":{"line":156,"column":18},"end":{"line":160,"column":1}},"31":{"start":{"line":162,"column":14},"end":{"line":167,"column":1}},"32":{"start":{"line":169,"column":21},"end":{"line":180,"column":1}},"33":{"start":{"line":182,"column":19},"end":{"line":192,"column":1}},"34":{"start":{"line":194,"column":27},"end":{"line":196,"column":1}}},"fnMap":{"0":{"name":"(anonymous_0)","decl":{"start":{"line":8,"column":2},"end":{"line":8,"column":3}},"loc":{"start":{"line":8,"column":21},"end":{"line":21,"column":3}},"line":8},"1":{"name":"(anonymous_1)","decl":{"start":{"line":23,"column":2},"end":{"line":23,"column":3}},"loc":{"start":{"line":23,"column":22},"end":{"line":55,"column":3}},"line":23},"2":{"name":"(anonymous_2)","decl":{"start":{"line":25,"column":51},"end":{"line":25,"column":52}},"loc":{"start":{"line":25,"column":64},"end":{"line":25,"column":92}},"line":25},"3":{"name":"(anonymous_3)","decl":{"start":{"line":57,"column":2},"end":{"line":57,"column":3}},"loc":{"start":{"line":57,"column":17},"end":{"line":62,"column":3}},"line":57},"4":{"name":"(anonymous_4)","decl":{"start":{"line":64,"column":2},"end":{"line":64,"column":3}},"loc":{"start":{"line":64,"column":18},"end":{"line":69,"column":3}},"line":64},"5":{"name":"(anonymous_5)","decl":{"start":{"line":71,"column":2},"end":{"line":71,"column":3}},"loc":{"start":{"line":71,"column":11},"end":{"line":109,"column":3}},"line":71}},"branchMap":{"0":{"loc":{"start":{"line":28,"column":4},"end":{"line":38,"column":5}},"type":"if","locations":[{"start":{"line":28,"column":4},"end":{"line":38,"column":5}},{"start":{"line":28,"column":4},"end":{"line":38,"column":5}}],"line":28},"1":{"loc":{"start":{"line":40,"column":4},"end":{"line":54,"column":5}},"type":"if","locations":[{"start":{"line":40,"column":4},"end":{"line":54,"column":5}},{"start":{"line":40,"column":4},"end":{"line":54,"column":5}}],"line":40},"2":{"loc":{"start":{"line":76,"column":22},"end":{"line":76,"column":57}},"type":"cond-expr","locations":[{"start":{"line":76,"column":34},"end":{"line":76,"column":48}},{"start":{"line":76,"column":51},"end":{"line":76,"column":57}}],"line":76},"3":{"loc":{"start":{"line":77,"column":13},"end":{"line":77,"column":40}},"type":"cond-expr","locations":[{"start":{"line":77,"column":25},"end":{"line":77,"column":30}},{"start":{"line":77,"column":33},"end":{"line":77,"column":40}}],"line":77},"4":{"loc":{"start":{"line":83,"column":10},"end":{"line":105,"column":11}},"type":"binary-expr","locations":[{"start":{"line":83,"column":10},"end":{"line":83,"column":20}},{"start":{"line":84,"column":12},"end":{"line":104,"column":23}}],"line":83},"5":{"loc":{"start":{"line":102,"column":15},"end":{"line":102,"column":117}},"type":"cond-expr","locations":[{"start":{"line":102,"column":27},"end":{"line":102,"column":110}},{"start":{"line":102,"column":113},"end":{"line":102,"column":117}}],"line":102},"6":{"loc":{"start":{"line":103,"column":15},"end":{"line":103,"column":61}},"type":"cond-expr","locations":[{"start":{"line":103,"column":27},"end":{"line":103,"column":45}},{"start":{"line":103,"column":48},"end":{"line":103,"column":61}}],"line":103}},"s":{"0":0,"1":0,"2":0,"3":0,"4":0,"5":0,"6":0,"7":0,"8":0,"9":0,"10":0,"11":0,"12":0,"13":0,"14":0,"15":0,"16":0,"17":0,"18":0,"19":0,"20":0,"21":0,"22":0,"23":0,"24":0,"25":0,"26":1,"27":1,"28":1,"29":1,"30":1,"31":1,"32":1,"33":1,"34":1},"f":{"0":0,"1":0,"2":0,"3":0,"4":0,"5":0},"b":{"0":[0,0],"1":[0,0],"2":[0,0],"3":[0,0],"4":[0,0],"5":[0,0],"6":[0,0]},"_coverageSchema":"1a1c01bbd47fc00a2c39e90264f33305004495a9","hash":"7f565ebcbf54bca29241f85163094b659c908dcc"}
,"/Users/tim/Desktop/rpp28/hr-rpp28-front-end-capstone/client/src/components/relatedItems/RelatedItemSlide.jsx": {"path":"/Users/tim/Desktop/rpp28/hr-rpp28-front-end-capstone/client/src/components/relatedItems/RelatedItemSlide.jsx","statementMap":{"0":{"start":{"line":11,"column":4},"end":{"line":11,"column":17}},"1":{"start":{"line":13,"column":4},"end":{"line":21,"column":6}},"2":{"start":{"line":23,"column":4},"end":{"line":23,"column":49}},"3":{"start":{"line":24,"column":4},"end":{"line":24,"column":59}},"4":{"start":{"line":25,"column":4},"end":{"line":25,"column":61}},"5":{"start":{"line":29,"column":4},"end":{"line":29,"column":19}},"6":{"start":{"line":33,"column":58},"end":{"line":33,"column":68}},"7":{"start":{"line":34,"column":4},"end":{"line":34,"column":43}},"8":{"start":{"line":35,"column":4},"end":{"line":37,"column":7}},"9":{"start":{"line":38,"column":4},"end":{"line":38,"column":56}},"10":{"start":{"line":42,"column":38},"end":{"line":42,"column":48}},"11":{"start":{"line":43,"column":4},"end":{"line":55,"column":9}},"12":{"start":{"line":46,"column":8},"end":{"line":51,"column":11}},"13":{"start":{"line":54,"column":8},"end":{"line":54,"column":79}},"14":{"start":{"line":57,"column":4},"end":{"line":85,"column":9}},"15":{"start":{"line":60,"column":39},"end":{"line":60,"column":104}},"16":{"start":{"line":60,"column":75},"end":{"line":60,"column":103}},"17":{"start":{"line":61,"column":8},"end":{"line":71,"column":9}},"18":{"start":{"line":62,"column":10},"end":{"line":62,"column":67}},"19":{"start":{"line":63,"column":10},"end":{"line":65,"column":13}},"20":{"start":{"line":67,"column":10},"end":{"line":67,"column":69}},"21":{"start":{"line":68,"column":10},"end":{"line":70,"column":13}},"22":{"start":{"line":72,"column":8},"end":{"line":81,"column":9}},"23":{"start":{"line":73,"column":12},"end":{"line":75,"column":15}},"24":{"start":{"line":77,"column":12},"end":{"line":80,"column":15}},"25":{"start":{"line":84,"column":8},"end":{"line":84,"column":72}},"26":{"start":{"line":89,"column":20},"end":{"line":89,"column":22}},"27":{"start":{"line":91,"column":4},"end":{"line":99,"column":7}},"28":{"start":{"line":92,"column":6},"end":{"line":98,"column":7}},"29":{"start":{"line":93,"column":8},"end":{"line":97,"column":9}},"30":{"start":{"line":94,"column":10},"end":{"line":94,"column":45}},"31":{"start":{"line":96,"column":10},"end":{"line":96,"column":47}},"32":{"start":{"line":101,"column":4},"end":{"line":115,"column":7}},"33":{"start":{"line":102,"column":6},"end":{"line":114,"column":7}},"34":{"start":{"line":103,"column":8},"end":{"line":109,"column":9}},"35":{"start":{"line":104,"column":10},"end":{"line":104,"column":37}},"36":{"start":{"line":105,"column":10},"end":{"line":105,"column":46}},"37":{"start":{"line":107,"column":10},"end":{"line":107,"column":37}},"38":{"start":{"line":108,"column":10},"end":{"line":108,"column":48}},"39":{"start":{"line":110,"column":13},"end":{"line":114,"column":7}},"40":{"start":{"line":111,"column":8},"end":{"line":111,"column":44}},"41":{"start":{"line":113,"column":8},"end":{"line":113,"column":46}},"42":{"start":{"line":117,"column":19},"end":{"line":117,"column":41}},"43":{"start":{"line":118,"column":17},"end":{"line":118,"column":37}},"44":{"start":{"line":119,"column":25},"end":{"line":119,"column":27}},"45":{"start":{"line":121,"column":4},"end":{"line":129,"column":5}},"46":{"start":{"line":121,"column":17},"end":{"line":121,"column":18}},"47":{"start":{"line":122,"column":6},"end":{"line":124,"column":7}},"48":{"start":{"line":123,"column":8},"end":{"line":123,"column":26}},"49":{"start":{"line":125,"column":6},"end":{"line":127,"column":7}},"50":{"start":{"line":126,"column":8},"end":{"line":126,"column":26}},"51":{"start":{"line":128,"column":6},"end":{"line":128,"column":61}},"52":{"start":{"line":131,"column":4},"end":{"line":133,"column":7}},"53":{"start":{"line":138,"column":41},"end":{"line":138,"column":51}},"54":{"start":{"line":139,"column":28},"end":{"line":139,"column":38}},"55":{"start":{"line":140,"column":4},"end":{"line":140,"column":50}},"56":{"start":{"line":141,"column":22},"end":{"line":141,"column":38}},"57":{"start":{"line":142,"column":4},"end":{"line":142,"column":42}},"58":{"start":{"line":154,"column":8},"end":{"line":154,"column":18}},"59":{"start":{"line":156,"column":23},"end":{"line":156,"column":33}},"60":{"start":{"line":158,"column":17},"end":{"line":162,"column":5}},"61":{"start":{"line":164,"column":22},"end":{"line":167,"column":5}},"62":{"start":{"line":169,"column":4},"end":{"line":217,"column":6}},"63":{"start":{"line":221,"column":0},"end":{"line":227,"column":2}},"64":{"start":{"line":229,"column":23},"end":{"line":242,"column":1}},"65":{"start":{"line":244,"column":14},"end":{"line":250,"column":1}},"66":{"start":{"line":252,"column":18},"end":{"line":261,"column":1}},"67":{"start":{"line":263,"column":23},"end":{"line":272,"column":1}},"68":{"start":{"line":274,"column":18},"end":{"line":278,"column":1}},"69":{"start":{"line":280,"column":19},"end":{"line":286,"column":1}},"70":{"start":{"line":288,"column":22},"end":{"line":298,"column":1}},"71":{"start":{"line":300,"column":27},"end":{"line":302,"column":1}},"72":{"start":{"line":304,"column":18},"end":{"line":306,"column":1}}},"fnMap":{"0":{"name":"(anonymous_0)","decl":{"start":{"line":10,"column":2},"end":{"line":10,"column":3}},"loc":{"start":{"line":10,"column":21},"end":{"line":26,"column":3}},"line":10},"1":{"name":"(anonymous_1)","decl":{"start":{"line":28,"column":2},"end":{"line":28,"column":3}},"loc":{"start":{"line":28,"column":22},"end":{"line":30,"column":3}},"line":28},"2":{"name":"(anonymous_2)","decl":{"start":{"line":32,"column":2},"end":{"line":32,"column":3}},"loc":{"start":{"line":32,"column":21},"end":{"line":39,"column":3}},"line":32},"3":{"name":"(anonymous_3)","decl":{"start":{"line":41,"column":2},"end":{"line":41,"column":3}},"loc":{"start":{"line":41,"column":12},"end":{"line":86,"column":3}},"line":41},"4":{"name":"(anonymous_4)","decl":{"start":{"line":44,"column":12},"end":{"line":44,"column":13}},"loc":{"start":{"line":44,"column":22},"end":{"line":52,"column":7}},"line":44},"5":{"name":"(anonymous_5)","decl":{"start":{"line":53,"column":13},"end":{"line":53,"column":14}},"loc":{"start":{"line":53,"column":22},"end":{"line":55,"column":7}},"line":53},"6":{"name":"(anonymous_6)","decl":{"start":{"line":58,"column":12},"end":{"line":58,"column":13}},"loc":{"start":{"line":58,"column":22},"end":{"line":82,"column":7}},"line":58},"7":{"name":"(anonymous_7)","decl":{"start":{"line":60,"column":62},"end":{"line":60,"column":63}},"loc":{"start":{"line":60,"column":75},"end":{"line":60,"column":103}},"line":60},"8":{"name":"(anonymous_8)","decl":{"start":{"line":83,"column":13},"end":{"line":83,"column":14}},"loc":{"start":{"line":83,"column":22},"end":{"line":85,"column":7}},"line":83},"9":{"name":"(anonymous_9)","decl":{"start":{"line":88,"column":2},"end":{"line":88,"column":3}},"loc":{"start":{"line":88,"column":49},"end":{"line":134,"column":3}},"line":88},"10":{"name":"(anonymous_10)","decl":{"start":{"line":91,"column":26},"end":{"line":91,"column":27}},"loc":{"start":{"line":91,"column":36},"end":{"line":99,"column":5}},"line":91},"11":{"name":"(anonymous_11)","decl":{"start":{"line":101,"column":27},"end":{"line":101,"column":28}},"loc":{"start":{"line":101,"column":37},"end":{"line":115,"column":5}},"line":101},"12":{"name":"(anonymous_12)","decl":{"start":{"line":136,"column":2},"end":{"line":136,"column":3}},"loc":{"start":{"line":136,"column":15},"end":{"line":143,"column":3}},"line":136},"13":{"name":"(anonymous_13)","decl":{"start":{"line":145,"column":2},"end":{"line":145,"column":3}},"loc":{"start":{"line":145,"column":11},"end":{"line":218,"column":3}},"line":145}},"branchMap":{"0":{"loc":{"start":{"line":61,"column":8},"end":{"line":71,"column":9}},"type":"if","locations":[{"start":{"line":61,"column":8},"end":{"line":71,"column":9}},{"start":{"line":61,"column":8},"end":{"line":71,"column":9}}],"line":61},"1":{"loc":{"start":{"line":72,"column":8},"end":{"line":81,"column":9}},"type":"if","locations":[{"start":{"line":72,"column":8},"end":{"line":81,"column":9}},{"start":{"line":72,"column":8},"end":{"line":81,"column":9}}],"line":72},"2":{"loc":{"start":{"line":92,"column":6},"end":{"line":98,"column":7}},"type":"if","locations":[{"start":{"line":92,"column":6},"end":{"line":98,"column":7}},{"start":{"line":92,"column":6},"end":{"line":98,"column":7}}],"line":92},"3":{"loc":{"start":{"line":93,"column":8},"end":{"line":97,"column":9}},"type":"if","locations":[{"start":{"line":93,"column":8},"end":{"line":97,"column":9}},{"start":{"line":93,"column":8},"end":{"line":97,"column":9}}],"line":93},"4":{"loc":{"start":{"line":102,"column":6},"end":{"line":114,"column":7}},"type":"if","locations":[{"start":{"line":102,"column":6},"end":{"line":114,"column":7}},{"start":{"line":102,"column":6},"end":{"line":114,"column":7}}],"line":102},"5":{"loc":{"start":{"line":103,"column":8},"end":{"line":109,"column":9}},"type":"if","locations":[{"start":{"line":103,"column":8},"end":{"line":109,"column":9}},{"start":{"line":103,"column":8},"end":{"line":109,"column":9}}],"line":103},"6":{"loc":{"start":{"line":110,"column":13},"end":{"line":114,"column":7}},"type":"if","locations":[{"start":{"line":110,"column":13},"end":{"line":114,"column":7}},{"start":{"line":110,"column":13},"end":{"line":114,"column":7}}],"line":110},"7":{"loc":{"start":{"line":122,"column":6},"end":{"line":124,"column":7}},"type":"if","locations":[{"start":{"line":122,"column":6},"end":{"line":124,"column":7}},{"start":{"line":122,"column":6},"end":{"line":124,"column":7}}],"line":122},"8":{"loc":{"start":{"line":125,"column":6},"end":{"line":127,"column":7}},"type":"if","locations":[{"start":{"line":125,"column":6},"end":{"line":127,"column":7}},{"start":{"line":125,"column":6},"end":{"line":127,"column":7}}],"line":125},"9":{"loc":{"start":{"line":159,"column":13},"end":{"line":159,"column":40}},"type":"cond-expr","locations":[{"start":{"line":159,"column":25},"end":{"line":159,"column":30}},{"start":{"line":159,"column":33},"end":{"line":159,"column":40}}],"line":159},"10":{"loc":{"start":{"line":160,"column":22},"end":{"line":160,"column":57}},"type":"cond-expr","locations":[{"start":{"line":160,"column":34},"end":{"line":160,"column":48}},{"start":{"line":160,"column":51},"end":{"line":160,"column":57}}],"line":160},"11":{"loc":{"start":{"line":172,"column":10},"end":{"line":172,"column":65}},"type":"binary-expr","locations":[{"start":{"line":172,"column":10},"end":{"line":172,"column":25}},{"start":{"line":172,"column":29},"end":{"line":172,"column":65}}],"line":172},"12":{"loc":{"start":{"line":175,"column":10},"end":{"line":201,"column":11}},"type":"binary-expr","locations":[{"start":{"line":175,"column":10},"end":{"line":175,"colum
[...]
},"loc":{"start":{"line":81,"column":37},"end":{"line":83,"column":7}},"line":81},"14":{"name":"(anonymous_14)","decl":{"start":{"line":88,"column":2},"end":{"line":88,"column":3}},"loc":{"start":{"line":88,"column":13},"end":{"line":112,"column":3}},"line":88},"15":{"name":"(anonymous_15)","decl":{"start":{"line":89,"column":25},"end":{"line":89,"column":26}},"loc":{"start":{"line":89,"column":46},"end":{"line":111,"column":5}},"line":89},"16":{"name":"(anonymous_16)","decl":{"start":{"line":108,"column":29},"end":{"line":108,"column":30}},"loc":{"start":{"line":108,"column":39},"end":{"line":110,"column":7}},"line":108},"17":{"name":"(anonymous_17)","decl":{"start":{"line":114,"column":2},"end":{"line":114,"column":3}},"loc":{"start":{"line":114,"column":19},"end":{"line":117,"column":3}},"line":114},"18":{"name":"(anonymous_18)","decl":{"start":{"line":120,"column":2},"end":{"line":120,"column":3}},"loc":{"start":{"line":120,"column":11},"end":{"line":134,"column":3}},"line":120}},"branchMap":{"0":{"loc":{"start":{"line":27,"column":4},"end":{"line":37,"column":5}},"type":"if","locations":[{"start":{"line":27,"column":4},"end":{"line":37,"column":5}},{"start":{"line":27,"column":4},"end":{"line":37,"column":5}}],"line":27},"1":{"loc":{"start":{"line":38,"column":4},"end":{"line":49,"column":5}},"type":"if","locations":[{"start":{"line":38,"column":4},"end":{"line":49,"column":5}},{"start":{"line":38,"column":4},"end":{"line":49,"column":5}}],"line":38},"2":{"loc":{"start":{"line":50,"column":4},"end":{"line":60,"column":5}},"type":"if","locations":[{"start":{"line":50,"column":4},"end":{"line":60,"column":5}},{"start":{"line":50,"column":4},"end":{"line":60,"column":5}}],"line":50},"3":{"loc":{"start":{"line":94,"column":10},"end":{"line":96,"column":11}},"type":"if","locations":[{"start":{"line":94,"column":10},"end":{"line":96,"column":11}},{"start":{"line":94,"column":10},"end":{"line":96,"column":11}}],"line":94},"4":{"loc":{"start":{"line":94,"column":14},"end":{"line":94,"column":43}},"type":"binary-expr","locations":[{"start":{"line":94,"column":14},"end":{"line":94,"column":26}},{"start":{"line":94,"column":30},"end":{"line":94,"column":43}}],"line":94},"5":{"loc":{"start":{"line":98,"column":10},"end":{"line":101,"column":11}},"type":"if","locations":[{"start":{"line":98,"column":10},"end":{"line":101,"column":11}},{"start":{"line":98,"column":10},"end":{"line":101,"column":11}}],"line":98},"6":{"loc":{"start":{"line":98,"column":14},"end":{"line":98,"column":45}},"type":"binary-expr","locations":[{"start":{"line":98,"column":14},"end":{"line":98,"column":27}},{"start":{"line":98,"column":31},"end":{"line":98,"column":45}}],"line":98},"7":{"loc":{"start":{"line":103,"column":10},"end":{"line":105,"column":11}},"type":"if","locations":[{"start":{"line":103,"column":10},"end":{"line":105,"column":11}},{"start":{"line":103,"column":10},"end":{"line":105,"column":11}}],"line":103}},"s":{"0":4,"1":4,"2":4,"3":4,"4":4,"5":4,"6":4,"7":0,"8":0,"9":0,"10":0,"11":0,"12":0,"13":0,"14":0,"15":0,"16":0,"17":0,"18":0,"19":0,"20":0,"21":0,"22":0,"23":0,"24":0,"25":0,"26":0,"27":0,"28":0,"29":0,"30":0,"31":0,"32":0,"33":0,"34":0,"35":0,"36":0,"37":0,"38":0,"39":0,"40":0,"41":0,"42":0,"43":4},"f":{"0":4,"1":0,"2":0,"3":0,"4":0,"5":0,"6":0,"7":0,"8":0,"9":0,"10":0,"11":0,"12":0,"13":0,"14":0,"15":0,"16":0,"17":0,"18":4},"b":{"0":[0,0],"1":[0,0],"2":[0,0],"3":[0,0],"4":[0,0],"5":[0,0],"6":[0,0],"7":[0,0]},"_coverageSchema":"1a1c01bbd47fc00a2c39e90264f33305004495a9","hash":"f83aa4386e43663838592e9dd2054f3751d1b0aa"}
,"/Users/tim/Desktop/rpp28/hr-rpp28-front-end-capstone/client/src/components/reviews/reviews.jsx": {"path":"/Users/tim/Desktop/rpp28/hr-rpp28-front-end-capstone/client/src/components/reviews/reviews.jsx","statementMap":{"0":{"start":{"line":11,"column":4},"end":{"line":11,"column":17}},"1":{"start":{"line":12,"column":4},"end":{"line":21,"column":6}},"2":{"start":{"line":23,"column":4},"end":{"line":23,"column":45}},"3":{"start":{"line":24,"column":4},"end":{"line":24,"column":57}},"4":{"start":{"line":25,"column":4},"end":{"line":25,"column":59}},"5":{"start":{"line":26,"column":4},"end":{"line":26,"column":55}},"6":{"start":{"line":27,"column":4},"end":{"line":27,"column":45}},"7":{"start":{"line":28,"column":4},"end":{"line":28,"column":45}},"8":{"start":{"line":29,"column":4},"end":{"line":29,"column":45}},"9":{"start":{"line":30,"column":4},"end":{"line":30,"column":53}},"10":{"start":{"line":34,"column":4},"end":{"line":48,"column":9}},"11":{"start":{"line":40,"column":8},"end":{"line":44,"column":11}},"12":{"start":{"line":47,"column":8},"end":{"line":47,"column":58}},"13":{"start":{"line":52,"column":23},"end":{"line":52,"column":24}},"14":{"start":{"line":53,"column":22},"end":{"line":53,"column":24}},"15":{"start":{"line":54,"column":4},"end":{"line":57,"column":5}},"16":{"start":{"line":55,"column":6},"end":{"line":55,"column":45}},"17":{"start":{"line":56,"column":6},"end":{"line":56,"column":48}},"18":{"start":{"line":58,"column":4},"end":{"line":60,"column":7}},"19":{"start":{"line":61,"column":4},"end":{"line":61,"column":26}},"20":{"start":{"line":66,"column":4},"end":{"line":81,"column":8}},"21":{"start":{"line":73,"column":8},"end":{"line":79,"column":13}},"22":{"start":{"line":75,"column":12},"end":{"line":78,"column":15}},"23":{"start":{"line":85,"column":4},"end":{"line":88,"column":7}},"24":{"start":{"line":94,"column":23},"end":{"line":94,"column":50}},"25":{"start":{"line":95,"column":21},"end":{"line":95,"column":43}},"26":{"start":{"line":96,"column":4},"end":{"line":102,"column":5}},"27":{"start":{"line":97,"column":6},"end":{"line":97,"column":22}},"28":{"start":{"line":98,"column":11},"end":{"line":102,"column":5}},"29":{"start":{"line":99,"column":6},"end":{"line":99,"column":54}},"30":{"start":{"line":101,"column":6},"end":{"line":101,"column":29}},"31":{"start":{"line":104,"column":4},"end":{"line":124,"column":9}},"32":{"start":{"line":105,"column":6},"end":{"line":107,"column":9}},"33":{"start":{"line":108,"column":6},"end":{"line":108,"column":19}},"34":{"start":{"line":112,"column":7},"end":{"line":112,"column":52}},"35":{"start":{"line":115,"column":8},"end":{"line":123,"column":9}},"36":{"start":{"line":116,"column":10},"end":{"line":118,"column":13}},"37":{"start":{"line":120,"column":10},"end":{"line":122,"column":13}},"38":{"start":{"line":128,"column":4},"end":{"line":150,"column":7}},"39":{"start":{"line":129,"column":21},"end":{"line":129,"column":35}},"40":{"start":{"line":130,"column":6},"end":{"line":146,"column":7}},"41":{"start":{"line":130,"column":19},"end":{"line":130,"column":20}},"42":{"start":{"line":132,"column":24},"end":{"line":132,"column":77}},"43":{"start":{"line":133,"column":10},"end":{"line":135,"column":11}},"44":{"start":{"line":134,"column":12},"end":{"line":134,"column":108}},"45":{"start":{"line":137,"column":10},"end":{"line":140,"column":11}},"46":{"start":{"line":138,"column":12},"end":{"line":138,"column":108}},"47":{"start":{"line":142,"column":10},"end":{"line":144,"column":11}},"48":{"start":{"line":143,"column":12},"end":{"line":143,"column":108}},"49":{"start":{"line":147,"column":6},"end":{"line":149,"column":10}},"50":{"start":{"line":148,"column":8},"end":{"line":148,"column":37}},"51":{"start":{"line":154,"column":15},"end":{"line":154,"column":52}},"52":{"start":{"line":155,"column":4},"end":{"line":155,"column":52}},"53":{"start":{"line":160,"column":4},"end":{"line":160,"column":20}},"54":{"start":{"line":165,"column":22},"end":{"line":165,"column":37}},"55":{"start":{"line":166,"column":23},"end":{"line":166,"column":33}},"56":{"start":{"line":167,"column":25},"end":{"line":167,"column":52}},"57":{"start":{"line":168,"column":19},"end":{"line":168,"column":31}},"58":{"start":{"line":169,"column":17},"end":{"line":169,"column":32}},"59":{"start":{"line":170,"column":27},"end":{"line":170,"column":76}},"60":{"start":{"line":171,"column":21},"end":{"line":171,"column":51}},"61":{"start":{"line":172,"column":4},"end":{"line":172,"column":38}},"62":{"start":{"line":173,"column":4},"end":{"line":175,"column":7}},"63":{"start":{"line":176,"column":4},"end":{"line":176,"column":42}},"64":{"start":{"line":180,"column":4},"end":{"line":185,"column":5}}},"fnMap":{"0":{"name":"(anonymous_0)","decl":{"start":{"line":10,"column":2},"end":{"line":10,"column":3}},"loc":{"start":{"line":10,"column":21},"end":{"line":31,"column":3}},"line":10},"1":{"name":"(anonymous_1)","decl":{"start":{"line":33,"column":2},"end":{"line":33,"column":3}},"loc":{"start":{"line":33,"column":13},"end":{"line":49,"column":3}},"line":33},"2":{"name":"(anonymous_2)","decl":{"start":{"line":39,"column":12},"end":{"line":39,"column":13}},"loc":{"start":{"line":39,"column":26},"end":{"line":45,"column":7}},"line":39},"3":{"name":"(anonymous_3)","decl":{"start":{"line":46,"column":12},"end":{"line":46,"column":13}},"loc":{"start":{"line":46,"column":18},"end":{"line":48,"column":7}},"line":46},"4":{"name":"(anonymous_4)","decl":{"start":{"line":51,"column":2},"end":{"line":51,"column":3}},"loc":{"start":{"line":51,"column":27},"end":{"line":62,"column":3}},"line":51},"5":{"name":"(anonymous_5)","decl":{"start":{"line":64,"column":2},"end":{"line":64,"column":3}},"loc":{"start":{"line":64,"column":24},"end":{"line":82,"column":3}},"line":64},"6":{"name":"(anonymous_6)","decl":{"start":{"line":72,"column":12},"end":{"line":72,"column":13}},"loc":{"start":{"line":72,"column":26},"end":{"line":81,"column":7}},"line":72},"7":{"name":"(anonymous_7)","decl":{"start":{"line":74,"column":17},"end":{"line":74,"column":18}},"loc":{"start":{"line":74,"column":28},"end":{"line":79,"column":11}},"line":74},"8":{"name":"(anonymous_8)","decl":{"start":{"line":84,"column":2},"end":{"line":84,"column":3}},"loc":{"start":{"line":84,"column":23},"end":{"line":89,"column":3}},"line":84},"9":{"name":"(anonymous_9)","decl":{"start":{"line":93,"column":2},"end":{"line":93,"column":3}},"loc":{"start":{"line":93,"column":18},"end":{"line":125,"column":3}},"line":93},"10":{"name":"(anonymous_10)","decl":{"start":{"line":104,"column":37},"end":{"line":104,"column":38}},"loc":{"start":{"line":104,"column":47},"end":{"line":109,"column":5}},"line":104},"11":{"name":"(anonymous_11)","decl":{"start":{"line":110,"column":14},"end":{"line":110,"column":15}},"loc":{"start":{"line":110,"column":24},"end":{"line":113,"column":5}},"line":110},"12":{"name":"(anonymous_12)","decl":{"start":{"line":114,"column":12},"end":{"line":114,"column":13}},"loc":{"start":{"line":114,"column":25},"end":{"line":124,"column":7}},"line":114},"13":{"name":"(anonymous_13)","decl":{"start":{"line":127,"column":2},"end":{"line":127,"column":3}},"loc":{"start":{"line":127,"column":20},"end":{"line":151,"column":3}},"line":127},"14":{"name":"(anonymous_14)","decl":{"start":{"line":128,"column":25},"end":{"line":128,"column":26}},"loc":{"start":{"line":128,"column":46},"end":{"line":150,"column":5}},"line":128},"15":{"name":"(anonymous_15)","decl":{"start":{"line":147,"column":29},"end":{"line":147,"column":30}},"loc":{"start":{"line":147,"column":39},"end":{"line":149,"column":7}},"line":147},"16":{"name":"(anonymous_16)","decl":{"start":{"line":153,"column":2},"end":{"line":153,"column":3}},"loc":{"start":{"line":153,"column":19},"end":{"line":156,"column":3}},"line":153},"17":{"name":"(anonymous_17)","decl":{"start":{"line":159,"column":2},"end":{"line":159,"column":3}},"loc":{"start":{"line":159,"column":22},"end":{"line":161,"column":3}},"line":159},"18":{"name":"(anonymous_18)","decl":{"start":{"line":163,"column":2},"end":{"line":163,"column":3}},"loc":{"start":{"line":163,"column":22},"end":{"line":177,"column":3}},"line":163},"19":{"name":"(anonymous_19)","decl":{"start":{"line":179,"column":2},"end":{"line":179,"column":3}},"loc":{"start":{"line":179,"column":11},"end":{"line":186,"column":3}},"line":179}},"branchMap":{"0":{"loc":{"start":{"line":96,"column":4},"end":{"line":102,"column":5}},"type":"if","locations":[{"start":{"line":96,"column":4},"end":{"line":102,"column":5}},{"start":{"line":96,"column":4},"end":{"line":102,"column":5}}],"line":96},"1":{"loc":{"start":{"line":98,"column":11},"end":{"line":102,"column":5}},"type":"if","locations":[{"start":{"line":98,"column":11},"end":{"line":102,"column":5}},{"start":{"line":98,"column":11},"end":{"line":102,"column":5}}],"line":98},"2":{"loc":{"start":{"line":115,"column":8},"end":{"line":123,"column":9}},"type":"if","locations":[{"start":{"line":115,"column":8},"end":{"line":123,"column":9}},{"start":{"line":115,"column":8},"end":{"line":123,"column":9}}],"line":115},"3":{"loc":{"start":{"line":133,"column":10},"end":{"line":135,"column":11}},"type":"if","locations":[{"start":{"line":133,"column":10},"end":{"line":135,"column":11}},{"start":{"line":133,"column":10},"end":{"line":135,"column":11}}],"line":133},"4":{"loc":{"start":{"line":133,"column":14},"end":{"line":133,"column":43}},"type":"binary-expr","locations":[{"start":{"line":133,"column":14},"end":{"line":133,"column":26}},{"start":{"line":133,"column":30},"end":{"line":133,"column":43}}],"line":133},"5":{"loc":{"start":{"line":137,"column":10},"end":{"line":140,"column":11}},"type":"if","locations":[{"start":{"line":137,"column":10},"end":{"line":140,"column":11}},{"start":{"line":137,"column":10},"end":{"line":140,"column":11}}],"line":137},"6":{"loc":{"start":{"line":137,"column":14},"end":{"line":137,"column":45}},"type":"binary-expr","locations":[{"start":{"line":137,"column":14},"end":{"line":137,"column":27}},{"start":{"line":137,"column":31},"end":{"line":137,"column":45}}],"line":137},"7":{"loc":{"start":{"line":142,"column":10},"end":{"line":144,"column":11}},"type":"if","locations":[{"start":{"line":142,"column":10},"end":{"line":144,"column":11}},{"start":{"line":142,"column":10},"end":{"line":144,"column":11}}],"line":142}},"s":{"0":1,"1":1,"2":1,"3":1,"4":1,"5":1,"6":1,"7":1,"8":1,"9":1,"10":1,"11":0,"12":0,"13":0,"14":0,"15":0,"16":0,"17":0,"18":0,"19":0,"20":0,"21":0,"22":0,"23":0,"24":0,"25":0,"26":0,"27":0,"28":0,"29":0,"30":0,"31":0,"32":0,"33":0,"34":0,"35":0,"36":0,"37":0,"38":0,"39":0,"40":0,"41":0,"42":0,"43":0,"44":0,"45":0,"46":0,"47":0,"48":0,"49":0,"50":0,"51":0,"52":0,"53":1,"54":0,"55":0,"56":0,"57":0,"58":0,"59":0,"60":0,"61":0,"62":0,"63":0,"64":1},"f":{"0":1,"1":1,"2":0,"3":0,"4":0,"5":0,"6":0,"7":0,"8":0,"9":0,"10":0,"11":0,"12":0,"13":0,"14":0,"15":0,"16":0,"17":1,"18":0,"19":1},"b":{"0":[0,0],"1":[0,0],"2":[0,0],"3":[0,0],"4":[0,0],"5":[0,0],"6":[0,0],"7":[0,0]},"_coverageSchema":"1a1c01bbd47fc00a2c39e90264f33305004495a9","hash":"e3a78ac8e337b05bb885a87d055b14174a5e7af1"}
,"/Users/tim/Desktop/rpp28/hr-rpp28-front-end-capstone/client/src/components/reviews/starsrating.jsx": {"path":"/Users/tim/Desktop/rpp28/hr-rpp28-front-end-capstone/client/src/components/reviews/starsrating.jsx","statementMap":{"0":{"start":{"line":4,"column":19},"end":{"line":89,"column":1}},"1":{"start":{"line":5,"column":16},"end":{"line":13,"column":14}},"2":{"start":{"line":15,"column":15},"end":{"line":23,"column":14}},"3":{"start":{"line":25,"column":15},"end":{"line":33,"column":14}},"4":{"start":{"line":35,"column":17},"end":{"line":41,"column":14}},"5":{"start":{"line":43,"column":18},"end":{"line":49,"column":14}},"6":{"start":{"line":51,"column":15},"end":{"line":53,"column":3}},"7":{"start":{"line":52,"column":4},"end":{"line":52,"column":31}},"8":{"start":{"line":55,"column":20},"end":{"line":55,"column":31}},"9":{"start":{"line":56,"column":15},"end":{"line":56,"column":27}},"10":{"start":{"line":57,"column":16},"end":{"line":57,"column":26}},"11":{"start":{"line":58,"column":2},"end":{"line":63,"column":3}},"12":{"start":{"line":58,"column":15},"end":{"line":58,"column":16}},"13":{"start":{"line":59,"column":4},"end":{"line":59,"column":21}},"14":{"start":{"line":60,"column":4},"end":{"line":62,"column":5}},"15":{"start":{"line":61,"column":6},"end":{"line":61,"column":46}},"16":{"start":{"line":65,"column":16},"end":{"line":81,"column":4}},"17":{"start":{"line":66,"column":4},"end":{"line":76,"column":5}},"18":{"start":{"line":67,"column":6},"end":{"line":67,"column":23}},"19":{"start":{"line":68,"column":11},"end":{"line":76,"column":5}},"20":{"start":{"line":69,"column":6},"end":{"line":69,"column":21}},"21":{"start":{"line":70,"column":11},"end":{"line":76,"column":5}},"22":{"start":{"line":71,"column":6},"end":{"line":71,"column":21}},"23":{"start":{"line":72,"column":11},"end":{"line":76,"column":5}},"24":{"start":{"line":73,"column":6},"end":{"line":73,"column":21}},"25":{"start":{"line":75,"column":6},"end":{"line":75,"column":24}},"26":{"start":{"line":78,"column":4},"end":{"line":80,"column":6}},"27":{"start":{"line":79,"column":40},"end":{"line":79,"column":53}},"28":{"start":{"line":83,"column":2},"end":{"line":88,"column":3}}},"fnMap":{"0":{"name":"(anonymous_0)","decl":{"start":{"line":4,"column":19},"end":{"line":4,"column":20}},"loc":{"start":{"line":4,"column":30},"end":{"line":89,"column":1}},"line":4},"1":{"name":"(anonymous_1)","decl":{"start":{"line":51,"column":15},"end":{"line":51,"column":16}},"loc":{"start":{"line":51,"column":25},"end":{"line":53,"column":3}},"line":51},"2":{"name":"(anonymous_2)","decl":{"start":{"line":65,"column":30},"end":{"line":65,"column":31}},"loc":{"start":{"line":65,"column":47},"end":{"line":81,"column":3}},"line":65},"3":{"name":"(anonymous_3)","decl":{"start":{"line":79,"column":33},"end":{"line":79,"column":34}},"loc":{"start":{"line":79,"column":39},"end":{"line":79,"column":54}},"line":79}},"branchMap":{"0":{"loc":{"start":{"line":60,"column":4},"end":{"line":62,"column":5}},"type":"if","locations":[{"start":{"line":60,"column":4},"end":{"line":62,"column":5}},{"start":{"line":60,"column":4},"end":{"line":62,"column":5}}],"line":60},"1":{"loc":{"start":{"line":66,"column":4},"end":{"line":76,"column":5}},"type":"if","locations":[{"start":{"line":66,"column":4},"end":{"line":76,"column":5}},{"start":{"line":66,"column":4},"end":{"line":76,"column":5}}],"line":66},"2":{"loc":{"start":{"line":68,"column":11},"end":{"line":76,"column":5}},"type":"if","locations":[{"start":{"line":68,"column":11},"end":{"line":76,"column":5}},{"start":{"line":68,"column":11},"end":{"line":76,"column":5}}],"line":68},"3":{"loc":{"start":{"line":68,"column":15},"end":{"line":68,"column":36}},"type":"binary-expr","locations":[{"start":{"line":68,"column":15},"end":{"line":68,"column":23}},{"start":{"line":68,"column":27},"end":{"line":68,"column":36}}],"line":68},"4":{"loc":{"start":{"line":70,"column":11},"end":{"line":76,"column":5}},"type":"if","locations":[{"start":{"line":70,"column":11},"end":{"line":76,"column":5}},{"start":{"line":70,"column":11},"end":{"line":76,"column":5}}],"line":70},"5":{"loc":{"start":{"line":70,"column":15},"end":{"line":70,"column":39}},"type":"binary-expr","locations":[{"start":{"line":70,"column":15},"end":{"line":70,"column":25}},{"start":{"line":70,"column":30},"end":{"line":70,"column":39}}],"line":70},"6":{"loc":{"start":{"line":72,"column":11},"end":{"line":76,"column":5}},"type":"if","locations":[{"start":{"line":72,"column":11},"end":{"line":76,"column":5}},{"start":{"line":72,"column":11},"end":{"line":76,"column":5}}],"line":72},"7":{"loc":{"start":{"line":72,"column":15},"end":{"line":72,"column":37}},"type":"binary-expr","locations":[{"start":{"line":72,"column":15},"end":{"line":72,"column":25}},{"start":{"line":72,"column":29},"end":{"line":72,"column":37}}],"line":72}},"s":{"0":4,"1":6,"2":6,"3":6,"4":6,"5":6,"6":6,"7":0,"8":6,"9":6,"10":6,"11":6,"12":6,"13":7,"14":7,"15":4,"16":6,"17":30,"18":6,"19":24,"20":1,"21":23,"22":0,"23":23,"24":0,"25":23,"26":30,"27":0,"28":6},"f":{"0":6,"1":0,"2":30,"3":0},"b":{"0":[4,3],"1":[6,24],"2":[1,23],"3":[24,1],"4":[0,23],"5":[23,0],"6":[0,23],"7":[23,0]},"_coverageSchema":"1a1c01bbd47fc00a2c39e90264f33305004495a9","hash":"04212a78fcd947aaec9ef592d1bc84c036ae3e01"}
}
