TN:
SF:sampleDataSets.js
FNF:0
FNH:0
DA:7,1
DA:34,1
DA:53,1
DA:116,1
DA:123,1
LF:5
LH:5
BRF:0
BRH:0
end_of_record
TN:
SF:__test__/hidden-message.jsx
FN:5,HiddenMessage
FN:13,(anonymous_1)
FNF:2
FNH:2
FNDA:2,HiddenMessage
FNDA:1,(anonymous_1)
DA:6,2
DA:7,2
DA:13,1
LF:3
LH:3
BRDA:16,0,0,1
BRDA:16,0,1,1
BRF:2
BRH:2
end_of_record
TN:
SF:__test__/sum.js
FN:2,(anonymous_0)
FNF:1
FNH:1
FNDA:1,(anonymous_0)
DA:2,1
DA:3,1
DA:6,1
LF:3
LH:3
BRF:0
BRH:0
end_of_record
TN:
SF:__test__/QuestionAnswer-Test/answersPerQuestion.js
FNF:0
FNH:0
DA:1,1
LF:1
LH:1
BRF:0
BRH:0
end_of_record
TN:
SF:__test__/QuestionAnswer-Test/listquestionsexample.js
FNF:0
FNH:0
DA:4,1
LF:1
LH:1
BRF:0
BRH:0
end_of_record
TN:
SF:__test__/QuestionAnswer-Test/questionsPerProduct.js
FNF:0
FNH:0
DA:1,1
LF:1
LH:1
BRF:0
BRH:0
end_of_record
TN:
SF:client/src/components/overview/features.jsx
FN:3,(anonymous_0)
FN:4,(anonymous_1)
FNF:2
FNH:0
FNDA:0,(anonymous_0)
FNDA:0,(anonymous_1)
DA:3,1
DA:4,0
DA:5,0
DA:14,0
LF:4
LH:1
BRF:0
BRH:0
end_of_record
TN:
SF:client/src/components/overview/overview.jsx
FN:10,(anonymous_0)
FN:42,(anonymous_1)
FN:61,(anonymous_2)
FN:68,(anonymous_3)
FN:71,(anonymous_4)
FN:74,(anonymous_5)
FN:79,(anonymous_6)
FN:82,(anonymous_7)
FN:85,(anonymous_8)
FN:90,(anonymous_9)
FN:102,(anonymous_10)
FNF:11
FNH:5
FNDA:1,(anonymous_0)
FNDA:1,(anonymous_1)
FNDA:0,(anonymous_2)
FNDA:1,(anonymous_3)
FNDA:0,(anonymous_4)
FNDA:0,(anonymous_5)
FNDA:1,(anonymous_6)
FNDA:0,(anonymous_7)
FNDA:0,(anonymous_8)
FNDA:0,(anonymous_9)
FNDA:1,(anonymous_10)
DA:11,1
DA:14,1
DA:44,1
DA:45,1
DA:46,1
DA:48,0
DA:50,1
DA:52,1
DA:54,0
DA:62,0
DA:65,0
DA:69,1
DA:70,1
DA:72,0
DA:80,1
DA:81,1
DA:83,0
DA:91,0
DA:92,0
DA:93,0
DA:94,0
DA:113,1
DA:114,1
LF:23
LH:13
BRDA:93,0,0,0
BRDA:93,0,1,0
BRF:2
BRH:0
end_of_record
TN:
SF:client/src/components/overview/skus.jsx
FN:3,(anonymous_0)
FNF:1
FNH:0
FNDA:0,(anonymous_0)
DA:3,1
DA:5,0
LF:2
LH:1
BRF:0
BRH:0
end_of_record
TN:
SF:client/src/components/overview/styles.jsx
FN:4,(anonymous_0)
FN:6,(anonymous_1)
FNF:2
FNH:0
FNDA:0,(anonymous_0)
FNDA:0,(anonymous_1)
DA:4,1
DA:6,0
DA:7,0
DA:9,0
LF:4
LH:1
BRF:0
BRH:0
end_of_record
TN:
SF:client/src/components/questionanswer/questionanswer.jsx
FN:10,AdditionalQuestionBar
FN:37,(anonymous_1)
FN:50,(anonymous_2)
FN:82,(anonymous_3)
FN:85,(anonymous_4)
FN:96,(anonymous_5)
FN:105,(anonymous_6)
FN:110,(anonymous_7)
FN:120,(anonymous_8)
FN:131,(anonymous_9)
FN:137,(anonymous_10)
FN:141,(anonymous_11)
FN:147,(anonymous_12)
FNF:13
FNH:6
FNDA:10,AdditionalQuestionBar
FNDA:5,(anonymous_1)
FNDA:0,(anonymous_2)
FNDA:0,(anonymous_3)
FNDA:0,(anonymous_4)
FNDA:0,(anonymous_5)
FNDA:5,(anonymous_6)
FNDA:5,(anonymous_7)
FNDA:0,(anonymous_8)
FNDA:0,(anonymous_9)
FNDA:0,(anonymous_10)
FNDA:10,(anonymous_11)
FNDA:20,(anonymous_12)
DA:12,10
DA:17,10
DA:18,5
DA:22,10
DA:38,5
DA:39,5
DA:55,0
DA:56,0
DA:59,0
DA:61,0
DA:62,0
DA:64,0
DA:69,0
DA:73,0
DA:84,0
DA:87,0
DA:98,0
DA:109,5
DA:112,5
DA:124,0
DA:134,0
DA:138,0
DA:145,10
DA:147,10
DA:148,20
DA:155,10
LF:26
LH:12
BRDA:17,0,0,5
BRDA:17,0,1,5
BRDA:55,1,0,0
BRDA:55,1,1,0
BRDA:55,2,0,0
BRDA:55,2,1,0
BRDA:64,3,0,0
BRDA:64,3,1,0
BRDA:64,4,0,0
BRDA:64,4,1,0
BRDA:64,4,2,0
BRDA:64,4,3,0
BRF:12
BRH:2
end_of_record
TN:
SF:client/src/components/questionanswer/Photobar/photobar.jsx
FN:3,Photobar
FN:14,(anonymous_1)
FNF:2
FNH:1
FNDA:63,Photobar
FNDA:0,(anonymous_1)
DA:7,63
DA:8,63
DA:12,0
DA:14,0
LF:4
LH:2
BRDA:7,0,0,63
BRDA:7,0,1,0
BRDA:7,1,0,63
BRDA:7,1,1,38
BRF:4
BRH:3
end_of_record
TN:
SF:client/src/components/questionanswer/QAModals/addanswermodal.jsx
FN:9,(anonymous_0)
FN:14,(anonymous_1)
FN:34,(anonymous_2)
FN:46,(anonymous_3)
FN:57,(anonymous_4)
FN:71,(anonymous_5)
FN:88,(anonymous_6)
FN:106,(anonymous_7)
FN:112,(anonymous_8)
FN:141,(anonymous_9)
FN:151,(anonymous_10)
FN:155,(anonymous_11)
FN:165,(anonymous_12)
FN:171,(anonymous_13)
FN:180,(anonymous_14)
FN:189,(anonymous_15)
FNF:16
FNH:11
FNDA:2,(anonymous_0)
FNDA:8,(anonymous_1)
FNDA:2,(anonymous_2)
FNDA:0,(anonymous_3)
FNDA:0,(anonymous_4)
FNDA:8,(anonymous_5)
FNDA:22,(anonymous_6)
FNDA:0,(anonymous_7)
FNDA:1,(anonymous_8)
FNDA:1,(anonymous_9)
FNDA:0,(anonymous_10)
FNDA:0,(anonymous_11)
FNDA:3,(anonymous_12)
FNDA:1,(anonymous_13)
FNDA:1,(anonymous_14)
FNDA:48,(anonymous_15)
DA:10,2
DA:11,2
DA:16,8
DA:17,0
DA:21,8
DA:35,2
DA:36,2
DA:42,2
DA:50,0
DA:52,0
DA:53,0
DA:59,0
DA:60,0
DA:63,0
DA:64,0
DA:66,0
DA:73,8
DA:89,22
DA:90,22
DA:108,0
DA:114,1
DA:121,1
DA:123,1
DA:124,1
DA:126,1
DA:127,1
DA:128,0
DA:131,1
DA:132,1
DA:135,1
DA:142,1
DA:145,1
DA:146,0
DA:166,3
DA:172,1
DA:173,1
DA:181,1
DA:182,1
DA:191,48
DA:192,40
DA:195,8
DA:199,8
DA:201,8
DA:202,1
DA:206,8
DA:207,0
DA:212,8
LF:47
LH:34
BRDA:16,0,0,0
BRDA:16,0,1,8
BRDA:63,1,0,0
BRDA:63,1,1,0
BRDA:121,2,0,1
BRDA:121,2,1,1
BRDA:121,2,2,1
BRDA:123,3,0,1
BRDA:123,3,1,0
BRDA:127,4,0,0
BRDA:127,4,1,1
BRDA:131,5,0,1
BRDA:131,5,1,1
BRDA:145,6,0,0
BRDA:145,6,1,1
BRDA:172,7,0,1
BRDA:172,7,1,0
BRDA:181,8,0,1
BRDA:181,8,1,0
BRDA:191,9,0,40
BRDA:191,9,1,8
BRDA:201,10,0,1
BRDA:201,10,1,7
BRDA:206,11,0,0
BRDA:206,11,1,8
BRDA:229,12,0,0
BRDA:229,12,1,8
BRDA:236,13,0,0
BRDA:236,13,1,8
BRF:29
BRH:18
end_of_record
TN:
SF:client/src/components/questionanswer/QAModals/addquestionmodal.jsx
FN:6,(anonymous_0)
FN:23,(anonymous_1)
FN:28,(anonymous_2)
FN:55,(anonymous_3)
FN:66,(anonymous_4)
FN:69,(anonymous_5)
FN:78,(anonymous_6)
FN:83,(anonymous_7)
FN:92,(anonymous_8)
FN:102,(anonymous_9)
FNF:10
FNH:2
FNDA:5,(anonymous_0)
FNDA:0,(anonymous_1)
FNDA:0,(anonymous_2)
FNDA:0,(anonymous_3)
FNDA:0,(anonymous_4)
FNDA:0,(anonymous_5)
FNDA:0,(anonymous_6)
FNDA:0,(anonymous_7)
FNDA:0,(anonymous_8)
FNDA:10,(anonymous_9)
DA:7,5
DA:8,5
DA:25,0
DA:31,0
DA:38,0
DA:39,0
DA:40,0
DA:41,0
DA:42,0
DA:43,0
DA:46,0
DA:47,0
DA:51,0
DA:56,0
DA:59,0
DA:60,0
DA:79,0
DA:84,0
DA:85,0
DA:93,0
DA:94,0
DA:103,10
DA:104,10
DA:107,0
DA:111,0
DA:113,0
DA:114,0
DA:118,0
DA:119,0
DA:124,0
LF:30
LH:4
BRDA:38,0,0,0
BRDA:38,0,1,0
BRDA:38,0,2,0
BRDA:39,1,0,0
BRDA:39,1,1,0
BRDA:42,2,0,0
BRDA:42,2,1,0
BRDA:46,3,0,0
BRDA:46,3,1,0
BRDA:59,4,0,0
BRDA:59,4,1,0
BRDA:84,5,0,0
BRDA:84,5,1,0
BRDA:93,6,0,0
BRDA:93,6,1,0
BRDA:103,7,0,10
BRDA:103,7,1,0
BRDA:113,8,0,0
BRDA:113,8,1,0
BRDA:118,9,0,0
BRDA:118,9,1,0
BRDA:133,10,0,0
BRDA:133,10,1,0
BRDA:145,11,0,0
BRDA:145,11,1,0
BRF:25
BRH:1
end_of_record
TN:
SF:client/src/components/questionanswer/SearchQuestionBar/searchquestionbar.jsx
FN:5,(anonymous_0)
FN:13,(anonymous_1)
FN:29,(anonymous_2)
FN:42,(anonymous_3)
FNF:4
FNH:2
FNDA:5,(anonymous_0)
FNDA:0,(anonymous_1)
FNDA:0,(anonymous_2)
FNDA:10,(anonymous_3)
DA:6,5
DA:7,5
DA:14,0
DA:16,0
DA:22,0
DA:25,0
DA:33,0
DA:34,0
DA:43,10
LF:9
LH:3
BRDA:16,0,0,0
BRDA:16,0,1,0
BRDA:33,1,0,0
BRDA:33,1,1,0
BRF:4
BRH:0
end_of_record
TN:
SF:client/src/components/questionanswer/SingleQuestionAnswer/singleanswerbar.jsx
FN:7,(anonymous_0)
FN:16,(anonymous_1)
FN:21,(anonymous_2)
FN:23,(anonymous_3)
FN:27,(anonymous_4)
FN:33,(anonymous_5)
FN:36,(anonymous_6)
FN:41,(anonymous_7)
FN:46,(anonymous_8)
FNF:9
FNH:5
FNDA:25,(anonymous_0)
FNDA:25,(anonymous_1)
FNDA:0,(anonymous_2)
FNDA:0,(anonymous_3)
FNDA:0,(anonymous_4)
FNDA:1,(anonymous_5)
FNDA:1,(anonymous_6)
FNDA:0,(anonymous_7)
FNDA:55,(anonymous_8)
DA:8,25
DA:9,25
DA:17,25
DA:21,25
DA:22,0
DA:25,0
DA:28,0
DA:33,25
DA:34,1
DA:35,1
DA:38,1
DA:42,0
DA:47,55
DA:48,55
DA:50,55
DA:52,55
LF:16
LH:12
BRDA:63,0,0,1
BRDA:63,0,1,54
BRF:2
BRH:2
end_of_record
TN:
SF:client/src/components/questionanswer/SingleQuestionAnswer/singlequestionanswer.jsx
FN:9,(anonymous_0)
FN:20,(anonymous_1)
FN:47,(anonymous_2)
FN:48,(anonymous_3)
FN:61,(anonymous_4)
FN:73,(anonymous_5)
FN:80,(anonymous_6)
FN:85,(anonymous_7)
FN:89,(anonymous_8)
FNF:9
FNH:7
FNDA:20,(anonymous_0)
FNDA:42,(anonymous_1)
FNDA:92,(anonymous_2)
FNDA:0,(anonymous_3)
FNDA:20,(anonymous_4)
FNDA:2,(anonymous_5)
FNDA:0,(anonymous_6)
FNDA:42,(anonymous_7)
FNDA:54,(anonymous_8)
DA:10,20
DA:12,20
DA:22,42
DA:23,42
DA:24,42
DA:25,42
DA:27,42
DA:28,10
DA:31,32
DA:34,84
DA:38,84
DA:39,0
DA:41,84
DA:47,92
DA:48,32
DA:50,32
DA:55,32
DA:58,32
DA:66,20
DA:76,2
DA:81,0
DA:87,42
DA:89,42
DA:90,54
DA:91,0
DA:93,54
DA:97,42
DA:99,42
DA:100,32
DA:106,42
LF:30
LH:27
BRDA:27,0,0,10
BRDA:27,0,1,32
BRDA:34,1,0,0
BRDA:34,1,1,84
BRDA:38,2,0,0
BRDA:38,2,1,84
BRDA:90,3,0,0
BRDA:90,3,1,54
BRDA:99,4,0,32
BRDA:99,4,1,10
BRF:10
BRH:7
end_of_record
TN:
SF:client/src/components/questionanswer/SingleQuestionAnswer/singlequestionbar.jsx
FN:6,(anonymous_0)
FN:14,(anonymous_1)
FN:16,(anonymous_2)
FN:19,(anonymous_3)
FN:24,(anonymous_4)
FNF:5
FNH:2
FNDA:20,(anonymous_0)
FNDA:0,(anonymous_1)
FNDA:0,(anonymous_2)
FNDA:0,(anonymous_3)
FNDA:42,(anonymous_4)
DA:7,20
DA:8,20
DA:14,20
DA:15,0
DA:25,42
LF:5
LH:4
BRF:0
BRH:0
end_of_record
TN:
SF:client/src/components/relatedItems/Modal.jsx
FN:4,(anonymous_0)
FN:7,(anonymous_1)
FN:14,(anonymous_2)
FN:23,(anonymous_3)
FNF:4
FNH:0
FNDA:0,(anonymous_0)
FNDA:0,(anonymous_1)
FNDA:0,(anonymous_2)
FNDA:0,(anonymous_3)
DA:4,1
DA:5,0
DA:7,0
DA:8,0
DA:9,0
DA:12,0
DA:14,0
DA:24,0
DA:25,0
DA:26,0
DA:27,0
DA:29,0
DA:31,0
DA:41,1
DA:53,1
DA:64,1
DA:69,1
DA:82,1
DA:103,1
DA:111,1
LF:20
LH:8
BRDA:24,0,0,0
BRDA:24,0,1,0
BRDA:25,1,0,0
BRDA:25,1,1,0
BRF:4
BRH:0
end_of_record
TN:
SF:client/src/components/relatedItems/OutfitList.jsx
FN:7,(anonymous_0)
FN:25,(anonymous_1)
FN:30,(anonymous_2)
FN:35,(anonymous_3)
FN:40,(anonymous_4)
FN:45,(anonymous_5)
FN:50,(anonymous_6)
FN:56,(anonymous_7)
FN:62,(anonymous_8)
FN:66,(anonymous_9)
FN:86,(anonymous_10)
FN:93,(anonymous_11)
FN:99,(anonymous_12)
FN:105,(anonymous_13)
FN:107,(anonymous_14)
FN:120,(anonymous_15)
FN:126,(anonymous_16)
FN:140,(anonymous_17)
FN:154,(anonymous_18)
FN:164,(anonymous_19)
FN:184,(anonymous_20)
FNF:21
FNH:0
FNDA:0,(anonymous_0)
FNDA:0,(anonymous_1)
FNDA:0,(anonymous_2)
FNDA:0,(anonymous_3)
FNDA:0,(anonymous_4)
FNDA:0,(anonymous_5)
FNDA:0,(anonymous_6)
FNDA:0,(anonymous_7)
FNDA:0,(anonymous_8)
FNDA:0,(anonymous_9)
FNDA:0,(anonymous_10)
FNDA:0,(anonymous_11)
FNDA:0,(anonymous_12)
FNDA:0,(anonymous_13)
FNDA:0,(anonymous_14)
FNDA:0,(anonymous_15)
FNDA:0,(anonymous_16)
FNDA:0,(anonymous_17)
FNDA:0,(anonymous_18)
FNDA:0,(anonymous_19)
FNDA:0,(anonymous_20)
DA:8,0
DA:9,0
DA:18,0
DA:19,0
DA:20,0
DA:21,0
DA:22,0
DA:26,0
DA:28,0
DA:29,0
DA:31,0
DA:36,0
DA:39,0
DA:41,0
DA:46,0
DA:49,0
DA:51,0
DA:57,0
DA:63,0
DA:64,0
DA:66,0
DA:67,0
DA:68,0
DA:71,0
DA:72,0
DA:74,0
DA:80,0
DA:81,0
DA:85,0
DA:87,0
DA:88,0
DA:94,0
DA:100,0
DA:103,0
DA:106,0
DA:108,0
DA:109,0
DA:110,0
DA:114,0
DA:121,0
DA:127,0
DA:130,0
DA:131,0
DA:132,0
DA:133,0
DA:134,0
DA:141,0
DA:144,0
DA:145,0
DA:146,0
DA:147,0
DA:148,0
DA:155,0
DA:156,0
DA:157,0
DA:158,0
DA:165,0
DA:166,0
DA:185,0
DA:208,1
DA:220,1
DA:235,1
DA:250,1
DA:262,1
DA:277,1
DA:289,1
DA:300,1
LF:67
LH:8
BRDA:28,0,0,0
BRDA:28,0,1,0
BRDA:67,1,0,0
BRDA:67,1,1,0
BRDA:71,2,0,0
BRDA:71,2,1,0
BRDA:109,3,0,0
BRDA:109,3,1,0
BRDA:133,4,0,0
BRDA:133,4,1,0
BRDA:147,5,0,0
BRDA:147,5,1,0
BRDA:156,6,0,0
BRDA:156,6,1,0
BRDA:168,7,0,0
BRDA:168,7,1,0
BRDA:181,8,0,0
BRDA:181,8,1,0
BRDA:195,9,0,0
BRDA:195,9,1,0
BRF:20
BRH:0
end_of_record
TN:
SF:client/src/components/relatedItems/OutfitSlide.jsx
FN:5,(anonymous_0)
FN:20,(anonymous_1)
FN:22,(anonymous_2)
FN:52,(anonymous_3)
FN:58,(anonymous_4)
FN:64,(anonymous_5)
FNF:6
FNH:0
FNDA:0,(anonymous_0)
FNDA:0,(anonymous_1)
FNDA:0,(anonymous_2)
FNDA:0,(anonymous_3)
FNDA:0,(anonymous_4)
FNDA:0,(anonymous_5)
DA:6,0
DA:8,0
DA:16,0
DA:17,0
DA:21,0
DA:22,0
DA:24,0
DA:25,0
DA:26,0
DA:30,0
DA:31,0
DA:35,0
DA:36,0
DA:43,0
DA:53,0
DA:54,0
DA:55,0
DA:59,0
DA:60,0
DA:67,0
DA:68,0
DA:73,0
DA:101,1
DA:116,1
DA:127,1
DA:138,1
DA:144,1
DA:151,1
DA:164,1
DA:176,1
LF:30
LH:8
BRDA:24,0,0,0
BRDA:24,0,1,0
BRDA:35,1,0,0
BRDA:35,1,1,0
BRDA:69,2,0,0
BRDA:69,2,1,0
BRDA:70,3,0,0
BRDA:70,3,1,0
BRDA:75,4,0,0
BRDA:75,4,1,0
BRDA:92,5,0,0
BRDA:92,5,1,0
BRDA:93,6,0,0
BRDA:93,6,1,0
BRF:14
BRH:0
end_of_record
TN:
SF:client/src/components/relatedItems/RelatedItemSlide.jsx
FN:10,(anonymous_0)
FN:28,(anonymous_1)
FN:32,(anonymous_2)
FN:40,(anonymous_3)
FN:43,(anonymous_4)
FN:51,(anonymous_5)
FN:56,(anonymous_6)
FN:58,(anonymous_7)
FN:82,(anonymous_8)
FN:88,(anonymous_9)
FN:91,(anonymous_10)
FN:101,(anonymous_11)
FN:136,(anonymous_12)
FN:141,(anonymous_13)
FNF:14
FNH:0
FNDA:0,(anonymous_0)
FNDA:0,(anonymous_1)
FNDA:0,(anonymous_2)
FNDA:0,(anonymous_3)
FNDA:0,(anonymous_4)
FNDA:0,(anonymous_5)
FNDA:0,(anonymous_6)
FNDA:0,(anonymous_7)
FNDA:0,(anonymous_8)
FNDA:0,(anonymous_9)
FNDA:0,(anonymous_10)
FNDA:0,(anonymous_11)
FNDA:0,(anonymous_12)
FNDA:0,(anonymous_13)
DA:11,0
DA:13,0
DA:23,0
DA:24,0
DA:25,0
DA:29,0
DA:33,0
DA:34,0
DA:37,0
DA:41,0
DA:42,0
DA:44,0
DA:52,0
DA:55,0
DA:57,0
DA:58,0
DA:59,0
DA:60,0
DA:61,0
DA:65,0
DA:66,0
DA:69,0
DA:70,0
DA:75,0
DA:83,0
DA:89,0
DA:91,0
DA:92,0
DA:93,0
DA:94,0
DA:96,0
DA:101,0
DA:102,0
DA:103,0
DA:104,0
DA:105,0
DA:107,0
DA:108,0
DA:110,0
DA:111,0
DA:113,0
DA:117,0
DA:118,0
DA:119,0
DA:121,0
DA:122,0
DA:123,0
DA:125,0
DA:126,0
DA:128,0
DA:131,0
DA:137,0
DA:138,0
DA:150,0
DA:152,0
DA:158,0
DA:164,0
DA:211,1
DA:226,1
DA:234,1
DA:245,1
DA:256,1
DA:262,1
DA:270,1
DA:282,1
LF:65
LH:8
BRDA:59,0,0,0
BRDA:59,0,1,0
BRDA:69,1,0,0
BRDA:69,1,1,0
BRDA:92,2,0,0
BRDA:92,2,1,0
BRDA:93,3,0,0
BRDA:93,3,1,0
BRDA:102,4,0,0
BRDA:102,4,1,0
BRDA:103,5,0,0
BRDA:103,5,1,0
BRDA:110,6,0,0
BRDA:110,6,1,0
BRDA:122,7,0,0
BRDA:122,7,1,0
BRDA:125,8,0,0
BRDA:125,8,1,0
BRDA:153,9,0,0
BRDA:153,9,1,0
BRDA:154,10,0,0
BRDA:154,10,1,0
BRDA:167,11,0,0
BRDA:167,11,1,0
BRDA:170,12,0,0
BRDA:170,12,1,0
BRDA:188,13,0,0
BRDA:188,13,1,0
BRDA:189,14,0,0
BRDA:189,14,1,0
BRDA:194,15,0,0
BRDA:194,15,1,0
BRF:32
BRH:0
end_of_record
TN:
SF:client/src/components/relatedItems/RelatedItemsList.jsx
FN:7,(anonymous_0)
FN:23,(anonymous_1)
FN:26,(anonymous_2)
FN:31,(anonymous_3)
FN:36,(anonymous_4)
FN:49,(anonymous_5)
FN:63,(anonymous_6)
FN:72,(anonymous_7)
FN:87,(anonymous_8)
FNF:9
FNH:0
FNDA:0,(anonymous_0)
FNDA:0,(anonymous_1)
FNDA:0,(anonymous_2)
FNDA:0,(anonymous_3)
FNDA:0,(anonymous_4)
FNDA:0,(anonymous_5)
FNDA:0,(anonymous_6)
FNDA:0,(anonymous_7)
FNDA:0,(anonymous_8)
DA:8,0
DA:10,0
DA:18,0
DA:19,0
DA:20,0
DA:24,0
DA:25,0
DA:27,0
DA:32,0
DA:37,0
DA:40,0
DA:41,0
DA:42,0
DA:43,0
DA:50,0
DA:53,0
DA:54,0
DA:55,0
DA:56,0
DA:57,0
DA:64,0
DA:65,0
DA:66,0
DA:74,0
DA:75,0
DA:76,0
DA:88,0
DA:110,1
DA:122,1
DA:134,1
DA:149,1
DA:161,1
LF:32
LH:5
BRDA:42,0,0,0
BRDA:42,0,1,0
BRDA:56,1,0,0
BRDA:56,1,1,0
BRDA:78,2,0,0
BRDA:78,2,1,0
BRDA:97,3,0,0
BRDA:97,3,1,0
BRF:8
BRH:0
end_of_record
TN:
SF:client/src/components/relatedItems/RelatedMain.jsx
FN:9,(anonymous_0)
FN:18,(anonymous_1)
FN:22,(anonymous_2)
FN:26,(anonymous_3)
FN:32,(anonymous_4)
FN:37,(anonymous_5)
FNF:6
FNH:0
FNDA:0,(anonymous_0)
FNDA:0,(anonymous_1)
FNDA:0,(anonymous_2)
FNDA:0,(anonymous_3)
FNDA:0,(anonymous_4)
FNDA:0,(anonymous_5)
DA:10,0
DA:11,0
DA:15,0
DA:19,0
DA:24,0
DA:25,0
DA:27,0
DA:33,0
DA:38,0
DA:39,0
DA:40,0
DA:66,1
DA:75,1
LF:13
LH:2
BRF:0
BRH:0
end_of_record
TN:
SF:client/src/components/reviews/breakdown-number.jsx
FN:5,(anonymous_0)
FNF:1
FNH:1
FNDA:3,(anonymous_0)
DA:5,1
DA:7,3
DA:8,3
DA:9,3
DA:12,3
DA:13,0
DA:14,0
DA:16,3
DA:18,3
DA:20,3
LF:10
LH:8
BRF:0
BRH:0
end_of_record
TN:
SF:client/src/components/reviews/breakdown-product.jsx
FN:6,(anonymous_0)
FNF:1
FNH:1
FNDA:3,(anonymous_0)
DA:6,1
DA:7,3
DA:14,3
DA:15,0
DA:16,0
DA:18,0
DA:19,0
DA:21,0
DA:22,0
DA:24,0
DA:25,0
DA:27,0
DA:28,0
DA:37,3
LF:14
LH:4
BRDA:15,0,0,0
BRDA:15,0,1,0
BRDA:18,1,0,0
BRDA:18,1,1,0
BRDA:21,2,0,0
BRDA:21,2,1,0
BRDA:24,3,0,0
BRDA:24,3,1,0
BRDA:27,4,0,0
BRDA:27,4,1,0
BRDA:39,5,0,0
BRDA:39,5,1,3
BRDA:50,6,0,0
BRDA:50,6,1,3
BRDA:61,7,0,0
BRDA:61,7,1,3
BRDA:72,8,0,0
BRDA:72,8,1,3
BRDA:83,9,0,0
BRDA:83,9,1,3
BRDA:94,10,0,0
BRDA:94,10,1,3
BRF:22
BRH:6
end_of_record
TN:
SF:client/src/components/reviews/breakdown-rating.jsx
FN:6,(anonymous_0)
FN:17,(anonymous_1)
FN:24,(anonymous_2)
FN:28,(anonymous_3)
FN:32,(anonymous_4)
FN:36,(anonymous_5)
FN:40,(anonymous_6)
FNF:7
FNH:1
FNDA:3,(anonymous_0)
FNDA:0,(anonymous_1)
FNDA:0,(anonymous_2)
FNDA:0,(anonymous_3)
FNDA:0,(anonymous_4)
FNDA:0,(anonymous_5)
FNDA:0,(anonymous_6)
DA:6,2
DA:7,3
DA:8,3
DA:9,3
DA:12,3
DA:13,0
DA:15,3
DA:17,3
DA:18,0
DA:21,3
DA:24,0
DA:28,0
DA:32,0
DA:36,0
DA:40,0
LF:15
LH:8
BRDA:25,0,0,3
BRDA:25,0,1,3
BRDA:29,1,0,3
BRDA:29,1,1,3
BRDA:33,2,0,3
BRDA:33,2,1,3
BRDA:37,3,0,3
BRDA:37,3,1,3
BRDA:41,4,0,3
BRDA:41,4,1,3
BRF:10
BRH:10
end_of_record
TN:
SF:client/src/components/reviews/breakdown.jsx
FN:10,Breakdown
FNF:1
FNH:1
FNDA:2,Breakdown
DA:12,2
LF:1
LH:1
BRF:0
BRH:0
end_of_record
TN:
SF:client/src/components/reviews/morereviews.jsx
FN:7,(anonymous_0)
FN:20,(anonymous_1)
FN:30,(anonymous_2)
FN:38,(anonymous_3)
FNF:4
FNH:2
FNDA:1,(anonymous_0)
FNDA:0,(anonymous_1)
FNDA:0,(anonymous_2)
FNDA:1,(anonymous_3)
DA:8,1
DA:9,1
DA:15,1
DA:21,0
DA:22,0
DA:25,0
DA:31,0
DA:34,0
DA:40,1
LF:9
LH:4
BRF:0
BRH:0
end_of_record
TN:
SF:client/src/components/reviews/review-body.jsx
FN:6,(anonymous_0)
FN:15,(anonymous_1)
FN:21,(anonymous_2)
FN:28,(anonymous_3)
FNF:4
FNH:0
FNDA:0,(anonymous_0)
FNDA:0,(anonymous_1)
FNDA:0,(anonymous_2)
FNDA:0,(anonymous_3)
DA:7,0
DA:8,0
DA:12,0
DA:13,0
DA:16,0
DA:22,0
DA:29,0
DA:30,0
DA:31,0
DA:32,0
DA:33,0
DA:36,0
DA:37,0
DA:49,0
DA:50,0
LF:15
LH:0
BRDA:32,0,0,0
BRDA:32,0,1,0
BRDA:36,1,0,0
BRDA:36,1,1,0
BRF:4
BRH:0
end_of_record
TN:
SF:client/src/components/reviews/reviewphotos.jsx
FN:6,(anonymous_0)
FN:17,(anonymous_1)
FN:29,(anonymous_2)
FN:36,(anonymous_3)
FN:38,(anonymous_4)
FN:40,(anonymous_5)
FNF:6
FNH:0
FNDA:0,(anonymous_0)
FNDA:0,(anonymous_1)
FNDA:0,(anonymous_2)
FNDA:0,(anonymous_3)
FNDA:0,(anonymous_4)
FNDA:0,(anonymous_5)
DA:7,0
DA:8,0
DA:13,0
DA:14,0
DA:21,0
DA:22,0
DA:23,0
DA:25,0
DA:26,0
DA:30,0
DA:31,0
DA:32,0
DA:37,0
DA:38,0
DA:39,0
DA:40,0
DA:52,0
LF:17
LH:0
BRF:0
BRH:0
end_of_record
TN:
SF:client/src/components/reviews/reviews-add-characteristics.jsx
FN:6,(anonymous_0)
FN:22,(anonymous_1)
FN:34,(anonymous_2)
FNF:3
FNH:2
FNDA:3,(anonymous_0)
FNDA:0,(anonymous_1)
FNDA:3,(anonymous_2)
DA:7,3
DA:8,3
DA:17,3
DA:23,0
DA:24,0
DA:25,0
DA:27,0
DA:30,0
DA:35,3
LF:9
LH:4
BRF:0
BRH:0
end_of_record
TN:
SF:client/src/components/reviews/reviews-add-photos.jsx
FN:9,(anonymous_0)
FN:25,(anonymous_1)
FN:35,(anonymous_2)
FN:45,(anonymous_3)
FN:52,(anonymous_4)
FN:65,(anonymous_5)
FN:67,(anonymous_6)
FNF:7
FNH:2
FNDA:2,(anonymous_0)
FNDA:0,(anonymous_1)
FNDA:0,(anonymous_2)
FNDA:0,(anonymous_3)
FNDA:0,(anonymous_4)
FNDA:2,(anonymous_5)
FNDA:0,(anonymous_6)
DA:10,2
DA:11,2
DA:18,2
DA:19,2
DA:27,0
DA:29,0
DA:30,0
DA:36,0
DA:37,0
DA:38,0
DA:40,0
DA:46,0
DA:47,0
DA:48,0
DA:53,0
DA:56,0
DA:60,0
DA:66,2
DA:67,2
DA:68,0
DA:72,2
LF:21
LH:7
BRDA:37,0,0,0
BRDA:37,0,1,0
BRDA:76,1,0,0
BRDA:76,1,1,2
BRF:4
BRH:1
end_of_record
TN:
SF:client/src/components/reviews/reviews-add.jsx
FN:10,(anonymous_0)
FN:33,(anonymous_1)
FN:38,(anonymous_2)
FN:43,(anonymous_3)
FN:50,(anonymous_4)
FN:59,(anonymous_5)
FN:70,(anonymous_6)
FNF:7
FNH:2
FNDA:2,(anonymous_0)
FNDA:0,(anonymous_1)
FNDA:0,(anonymous_2)
FNDA:0,(anonymous_3)
FNDA:0,(anonymous_4)
FNDA:0,(anonymous_5)
FNDA:2,(anonymous_6)
DA:11,2
DA:12,2
DA:25,2
DA:26,2
DA:27,2
DA:28,2
DA:29,2
DA:34,0
DA:35,0
DA:39,0
DA:40,0
DA:44,0
DA:45,0
DA:51,0
DA:54,0
DA:60,0
DA:61,0
DA:62,0
DA:63,0
DA:64,0
DA:71,2
LF:21
LH:8
BRDA:146,0,0,2
BRDA:146,0,1,0
BRDA:147,1,0,0
BRDA:147,1,1,2
BRF:4
BRH:2
end_of_record
TN:
SF:client/src/components/reviews/reviews-irt.jsx
FN:8,IRT
FNF:1
FNH:0
FNDA:0,IRT
DA:9,0
DA:10,0
DA:11,0
LF:3
LH:0
BRDA:20,0,0,0
BRDA:20,0,1,0
BRDA:21,1,0,0
BRDA:21,1,1,0
BRF:4
BRH:0
end_of_record
TN:
SF:client/src/components/reviews/reviews-list.jsx
FN:10,(anonymous_0)
FN:21,(anonymous_1)
FN:27,(anonymous_2)
FN:32,(anonymous_3)
FN:35,(anonymous_4)
FN:48,(anonymous_5)
FNF:6
FNH:3
FNDA:1,(anonymous_0)
FNDA:0,(anonymous_1)
FNDA:1,(anonymous_2)
FNDA:1,(anonymous_3)
FNDA:0,(anonymous_4)
FNDA:0,(anonymous_5)
DA:11,1
DA:12,1
DA:18,1
DA:22,0
DA:33,1
DA:35,1
DA:36,0
DA:42,1
DA:48,0
LF:9
LH:6
BRDA:45,0,0,0
BRDA:45,0,1,1
BRDA:48,1,0,1
BRDA:48,1,1,0
BRF:4
BRH:2
end_of_record
TN:
SF:client/src/components/reviews/reviews-sorted.jsx
FN:7,(anonymous_0)
FN:24,(anonymous_1)
FN:28,(anonymous_2)
FN:33,(anonymous_3)
FN:39,(anonymous_4)
FN:44,(anonymous_5)
FN:50,(anonymous_6)
FN:55,(anonymous_7)
FN:67,(anonymous_8)
FN:68,(anonymous_9)
FN:70,(anonymous_10)
FN:76,(anonymous_11)
FN:77,(anonymous_12)
FN:79,(anonymous_13)
FN:85,(anonymous_14)
FN:86,(anonymous_15)
FN:88,(anonymous_16)
FN:93,(anonymous_17)
FN:99,(anonymous_18)
FN:103,(anonymous_19)
FNF:20
FNH:3
FNDA:2,(anonymous_0)
FNDA:0,(anonymous_1)
FNDA:0,(anonymous_2)
FNDA:0,(anonymous_3)
FNDA:0,(anonymous_4)
FNDA:0,(anonymous_5)
FNDA:0,(anonymous_6)
FNDA:0,(anonymous_7)
FNDA:0,(anonymous_8)
FNDA:0,(anonymous_9)
FNDA:0,(anonymous_10)
FNDA:0,(anonymous_11)
FNDA:0,(anonymous_12)
FNDA:0,(anonymous_13)
FNDA:0,(anonymous_14)
FNDA:0,(anonymous_15)
FNDA:0,(anonymous_16)
FNDA:0,(anonymous_17)
FNDA:2,(anonymous_18)
FNDA:2,(anonymous_19)
DA:8,2
DA:9,2
DA:16,2
DA:17,2
DA:18,2
DA:19,2
DA:20,2
DA:25,0
DA:26,0
DA:27,0
DA:29,0
DA:34,0
DA:37,0
DA:38,0
DA:40,0
DA:45,0
DA:48,0
DA:49,0
DA:51,0
DA:56,0
DA:68,0
DA:69,0
DA:70,0
DA:71,0
DA:77,0
DA:78,0
DA:79,0
DA:80,0
DA:86,0
DA:87,0
DA:88,0
DA:89,0
DA:94,0
DA:95,0
DA:104,2
LF:35
LH:8
BRDA:26,0,0,0
BRDA:26,0,1,0
BRDA:37,1,0,0
BRDA:37,1,1,0
BRDA:48,2,0,0
BRDA:48,2,1,0
BRF:6
BRH:0
end_of_record
TN:
SF:client/src/components/reviews/reviews.jsx
FN:10,(anonymous_0)
FN:29,(anonymous_1)
FN:31,(anonymous_2)
FN:38,(anonymous_3)
FN:48,(anonymous_4)
FN:61,(anonymous_5)
FN:68,(anonymous_6)
FN:76,(anonymous_7)
FN:96,(anonymous_8)
FN:105,(anonymous_9)
FN:111,(anonymous_10)
FN:115,(anonymous_11)
FN:130,(anonymous_12)
FN:137,(anonymous_13)
FNF:14
FNH:4
FNDA:1,(anonymous_0)
FNDA:1,(anonymous_1)
FNDA:0,(anonymous_2)
FNDA:0,(anonymous_3)
FNDA:0,(anonymous_4)
FNDA:0,(anonymous_5)
FNDA:0,(anonymous_6)
FNDA:0,(anonymous_7)
FNDA:0,(anonymous_8)
FNDA:0,(anonymous_9)
FNDA:0,(anonymous_10)
FNDA:0,(anonymous_11)
FNDA:1,(anonymous_12)
FNDA:1,(anonymous_13)
DA:11,1
DA:12,1
DA:22,1
DA:23,1
DA:24,1
DA:25,1
DA:26,1
DA:30,1
DA:32,0
DA:39,0
DA:49,0
DA:50,0
DA:51,0
DA:52,0
DA:53,0
DA:55,0
DA:58,0
DA:63,0
DA:69,0
DA:77,0
DA:97,0
DA:98,0
DA:99,0
DA:100,0
DA:102,0
DA:105,0
DA:106,0
DA:109,0
DA:113,0
DA:116,0
DA:117,0
DA:118,0
DA:119,0
DA:123,0
DA:131,1
DA:138,1
LF:36
LH:10
BRDA:99,0,0,0
BRDA:99,0,1,0
BRDA:117,1,0,0
BRDA:117,1,1,0
BRF:4
BRH:0
end_of_record
TN:
SF:client/src/components/reviews/starsrating.jsx
FN:4,(anonymous_0)
FN:51,(anonymous_1)
FN:65,(anonymous_2)
FN:79,(anonymous_3)
FNF:4
FNH:2
FNDA:6,(anonymous_0)
FNDA:0,(anonymous_1)
FNDA:30,(anonymous_2)
FNDA:0,(anonymous_3)
DA:4,2
DA:5,6
DA:15,6
DA:25,6
DA:35,6
DA:43,6
DA:51,6
DA:52,0
DA:55,6
DA:56,6
DA:57,6
DA:58,6
DA:59,0
DA:60,0
DA:61,0
DA:65,6
DA:66,30
DA:67,0
DA:68,30
DA:69,0
DA:70,30
DA:71,0
DA:72,30
DA:73,0
DA:75,30
DA:78,30
DA:79,0
DA:83,6
LF:28
LH:19
BRDA:60,0,0,0
BRDA:60,0,1,0
BRDA:66,1,0,0
BRDA:66,1,1,30
BRDA:68,2,0,0
BRDA:68,2,1,30
BRDA:68,3,0,30
BRDA:68,3,1,0
BRDA:70,4,0,0
BRDA:70,4,1,30
BRDA:70,5,0,30
BRDA:70,5,1,0
BRDA:72,6,0,0
BRDA:72,6,1,30
BRDA:72,7,0,30
BRDA:72,7,1,0
BRF:16
BRH:7
end_of_record
