TN:
SF:__test__/hidden-message.jsx
FN:5,HiddenMessage
FN:13,(anonymous_1)
FNF:2
FNH:2
FNDA:2,HiddenMessage
FNDA:1,(anonymous_1)
DA:6,2
DA:7,2
DA:13,1
LF:3
LH:3
BRDA:16,0,0,1
BRDA:16,0,1,1
BRF:2
BRH:2
end_of_record
TN:
SF:__test__/sum.js
FN:2,(anonymous_0)
FNF:1
FNH:1
FNDA:1,(anonymous_0)
DA:2,1
DA:3,1
DA:6,1
LF:3
LH:3
BRF:0
BRH:0
end_of_record
TN:
SF:__test__/QuestionAnswer-Test/answersPerQuestion.js
FNF:0
FNH:0
DA:1,1
LF:1
LH:1
BRF:0
BRH:0
end_of_record
TN:
SF:__test__/QuestionAnswer-Test/listquestionsexample.js
FNF:0
FNH:0
DA:4,1
LF:1
LH:1
BRF:0
BRH:0
end_of_record
TN:
SF:__test__/QuestionAnswer-Test/questionsPerProduct.js
FNF:0
FNH:0
DA:1,1
LF:1
LH:1
BRF:0
BRH:0
end_of_record
TN:
SF:__test__/RatingReview-Test/meta-mockdata.js
FNF:0
FNH:0
DA:4,3
LF:1
LH:1
BRF:0
BRH:0
end_of_record
TN:
SF:__test__/RatingReview-Test/reviews-mockdata.js
FNF:0
FNH:0
DA:2,3
LF:1
LH:1
BRF:0
BRH:0
end_of_record
TN:
SF:client/src/components/questionanswer/questionanswer.jsx
FN:9,AdditionalQuestionBar
FN:39,(anonymous_1)
FN:51,(anonymous_2)
FN:81,(anonymous_3)
FN:84,(anonymous_4)
FN:93,(anonymous_5)
FN:98,(anonymous_6)
FN:102,(anonymous_7)
FN:113,(anonymous_8)
FN:119,(anonymous_9)
FN:123,(anonymous_10)
FN:127,(anonymous_11)
FN:134,(anonymous_12)
FNF:13
FNH:8
FNDA:16,AdditionalQuestionBar
FNDA:5,(anonymous_1)
FNDA:0,(anonymous_2)
FNDA:5,(anonymous_3)
FNDA:5,(anonymous_4)
FNDA:0,(anonymous_5)
FNDA:5,(anonymous_6)
FNDA:5,(anonymous_7)
FNDA:0,(anonymous_8)
FNDA:0,(anonymous_9)
FNDA:0,(anonymous_10)
FNDA:15,(anonymous_11)
FNDA:20,(anonymous_12)
DA:11,16
DA:13,16
DA:14,6
DA:16,10
DA:19,16
DA:25,16
DA:40,5
DA:41,5
DA:55,0
DA:56,0
DA:59,0
DA:61,0
DA:62,0
DA:64,0
DA:69,0
DA:73,0
DA:83,5
DA:86,5
DA:94,0
DA:101,5
DA:104,5
DA:106,5
DA:114,0
DA:120,0
DA:124,0
DA:130,15
DA:131,5
DA:134,15
DA:135,20
DA:137,15
DA:145,15
LF:31
LH:19
BRDA:13,0,0,6
BRDA:13,0,1,10
BRDA:55,1,0,0
BRDA:55,1,1,0
BRDA:55,2,0,0
BRDA:55,2,1,0
BRDA:64,3,0,0
BRDA:64,3,1,0
BRDA:64,4,0,0
BRDA:64,4,1,0
BRDA:64,4,2,0
BRDA:64,4,3,0
BRDA:130,5,0,5
BRDA:130,5,1,10
BRF:14
BRH:4
end_of_record
TN:
SF:client/src/components/questionanswer/Photobar/photobar.jsx
FN:3,Photobar
FN:14,(anonymous_1)
FNF:2
FNH:1
FNDA:108,Photobar
FNDA:0,(anonymous_1)
DA:7,108
DA:8,108
DA:12,0
DA:14,0
LF:4
LH:2
BRDA:7,0,0,108
BRDA:7,0,1,0
BRDA:7,1,0,108
BRDA:7,1,1,82
BRF:4
BRH:3
end_of_record
TN:
SF:client/src/components/questionanswer/QAModals/addanswermodal.jsx
FN:9,(anonymous_0)
FN:14,(anonymous_1)
FN:33,(anonymous_2)
FN:45,(anonymous_3)
FN:56,(anonymous_4)
FN:70,(anonymous_5)
FN:84,(anonymous_6)
FN:102,(anonymous_7)
FN:107,(anonymous_8)
FN:132,(anonymous_9)
FN:142,(anonymous_10)
FN:147,(anonymous_11)
FN:156,(anonymous_12)
FN:161,(anonymous_13)
FN:170,(anonymous_14)
FN:179,(anonymous_15)
FN:242,(anonymous_16)
FN:260,(anonymous_17)
FN:265,(anonymous_18)
FN:270,(anonymous_19)
FN:275,(anonymous_20)
FNF:21
FNH:10
FNDA:13,(anonymous_0)
FNDA:35,(anonymous_1)
FNDA:13,(anonymous_2)
FNDA:0,(anonymous_3)
FNDA:0,(anonymous_4)
FNDA:35,(anonymous_5)
FNDA:24,(anonymous_6)
FNDA:0,(anonymous_7)
FNDA:0,(anonymous_8)
FNDA:0,(anonymous_9)
FNDA:0,(anonymous_10)
FNDA:0,(anonymous_11)
FNDA:0,(anonymous_12)
FNDA:0,(anonymous_13)
FNDA:0,(anonymous_14)
FNDA:67,(anonymous_15)
FNDA:12,(anonymous_16)
FNDA:1,(anonymous_17)
FNDA:0,(anonymous_18)
FNDA:12,(anonymous_19)
FNDA:34,(anonymous_20)
DA:10,13
DA:11,13
DA:16,35
DA:17,0
DA:20,35
DA:34,13
DA:35,13
DA:41,13
DA:49,0
DA:51,0
DA:52,0
DA:58,0
DA:59,0
DA:62,0
DA:63,0
DA:65,0
DA:72,35
DA:85,24
DA:86,24
DA:104,0
DA:109,0
DA:115,0
DA:117,0
DA:118,0
DA:120,0
DA:121,0
DA:122,0
DA:125,0
DA:126,0
DA:128,0
DA:133,0
DA:136,0
DA:137,0
DA:144,0
DA:157,0
DA:162,0
DA:163,0
DA:171,0
DA:172,0
DA:181,67
DA:182,32
DA:185,35
DA:189,35
DA:191,35
DA:192,0
DA:196,35
DA:197,0
DA:200,35
DA:243,12
DA:244,12
DA:255,12
DA:256,12
DA:261,1
DA:262,1
DA:266,0
DA:267,0
DA:271,12
DA:272,12
DA:277,34
DA:279,34
LF:60
LH:27
BRDA:16,0,0,0
BRDA:16,0,1,35
BRDA:62,1,0,0
BRDA:62,1,1,0
BRDA:115,2,0,0
BRDA:115,2,1,0
BRDA:115,2,2,0
BRDA:117,3,0,0
BRDA:117,3,1,0
BRDA:121,4,0,0
BRDA:121,4,1,0
BRDA:125,5,0,0
BRDA:125,5,1,0
BRDA:136,6,0,0
BRDA:136,6,1,0
BRDA:162,7,0,0
BRDA:162,7,1,0
BRDA:171,8,0,0
BRDA:171,8,1,0
BRDA:181,9,0,32
BRDA:181,9,1,35
BRDA:191,10,0,0
BRDA:191,10,1,35
BRDA:196,11,0,0
BRDA:196,11,1,35
BRDA:215,12,0,0
BRDA:215,12,1,35
BRDA:219,13,0,0
BRDA:219,13,1,35
BRF:29
BRH:7
end_of_record
TN:
SF:client/src/components/questionanswer/QAModals/addquestionmodal.jsx
FN:6,(anonymous_0)
FN:23,(anonymous_1)
FN:28,(anonymous_2)
FN:54,(anonymous_3)
FN:65,(anonymous_4)
FN:74,(anonymous_5)
FN:83,(anonymous_6)
FN:88,(anonymous_7)
FN:97,(anonymous_8)
FN:107,(anonymous_9)
FN:171,(anonymous_10)
FN:188,(anonymous_11)
FN:193,(anonymous_12)
FN:198,(anonymous_13)
FNF:14
FNH:10
FNDA:7,(anonymous_0)
FNDA:0,(anonymous_1)
FNDA:2,(anonymous_2)
FNDA:2,(anonymous_3)
FNDA:0,(anonymous_4)
FNDA:0,(anonymous_5)
FNDA:3,(anonymous_6)
FNDA:1,(anonymous_7)
FNDA:1,(anonymous_8)
FNDA:18,(anonymous_9)
FNDA:7,(anonymous_10)
FNDA:1,(anonymous_11)
FNDA:0,(anonymous_12)
FNDA:17,(anonymous_13)
DA:7,7
DA:8,7
DA:25,0
DA:31,2
DA:38,2
DA:39,2
DA:40,0
DA:41,0
DA:42,0
DA:43,0
DA:46,0
DA:47,0
DA:51,2
DA:55,2
DA:58,2
DA:59,0
DA:66,0
DA:67,0
DA:69,0
DA:72,0
DA:75,0
DA:84,3
DA:89,1
DA:90,1
DA:98,1
DA:99,1
DA:108,18
DA:109,0
DA:112,18
DA:116,18
DA:118,18
DA:119,0
DA:123,18
DA:124,0
DA:129,18
DA:172,7
DA:173,7
DA:183,7
DA:184,7
DA:189,1
DA:190,1
DA:194,0
DA:195,0
DA:200,17
LF:44
LH:26
BRDA:38,0,0,2
BRDA:38,0,1,2
BRDA:38,0,2,2
BRDA:39,1,0,0
BRDA:39,1,1,2
BRDA:42,2,0,0
BRDA:42,2,1,0
BRDA:46,3,0,0
BRDA:46,3,1,0
BRDA:58,4,0,0
BRDA:58,4,1,2
BRDA:89,5,0,1
BRDA:89,5,1,0
BRDA:98,6,0,1
BRDA:98,6,1,0
BRDA:108,7,0,0
BRDA:108,7,1,18
BRDA:118,8,0,0
BRDA:118,8,1,18
BRDA:123,9,0,0
BRDA:123,9,1,18
BRDA:137,10,0,3
BRDA:137,10,1,15
BRDA:147,11,0,0
BRDA:147,11,1,18
BRF:25
BRH:13
end_of_record
TN:
SF:client/src/components/questionanswer/SearchQuestionBar/searchquestionbar.jsx
FN:5,(anonymous_0)
FN:13,(anonymous_1)
FN:29,(anonymous_2)
FN:42,(anonymous_3)
FNF:4
FNH:3
FNDA:6,(anonymous_0)
FNDA:0,(anonymous_1)
FNDA:1,(anonymous_2)
FNDA:17,(anonymous_3)
DA:6,6
DA:7,6
DA:14,0
DA:16,0
DA:22,0
DA:25,0
DA:33,1
DA:34,1
DA:43,17
LF:9
LH:5
BRDA:16,0,0,0
BRDA:16,0,1,0
BRDA:33,1,0,1
BRDA:33,1,1,0
BRF:4
BRH:1
end_of_record
TN:
SF:client/src/components/questionanswer/SingleQuestionAnswer/singleanswerbar.jsx
FN:7,(anonymous_0)
FN:17,(anonymous_1)
FN:22,(anonymous_2)
FN:25,(anonymous_3)
FN:30,(anonymous_4)
FN:37,(anonymous_5)
FN:40,(anonymous_6)
FN:45,(anonymous_7)
FN:50,(anonymous_8)
FNF:9
FNH:5
FNDA:26,(anonymous_0)
FNDA:26,(anonymous_1)
FNDA:0,(anonymous_2)
FNDA:0,(anonymous_3)
FNDA:0,(anonymous_4)
FNDA:1,(anonymous_5)
FNDA:1,(anonymous_6)
FNDA:0,(anonymous_7)
FNDA:73,(anonymous_8)
DA:8,26
DA:9,26
DA:18,26
DA:22,26
DA:23,0
DA:24,0
DA:26,0
DA:27,0
DA:28,0
DA:31,0
DA:37,26
DA:38,1
DA:39,1
DA:42,1
DA:46,0
DA:51,73
DA:52,73
DA:54,73
DA:56,73
LF:19
LH:12
BRDA:23,0,0,0
BRDA:23,0,1,0
BRDA:67,1,0,1
BRDA:67,1,1,72
BRF:4
BRH:2
end_of_record
TN:
SF:client/src/components/questionanswer/SingleQuestionAnswer/singlequestionanswer.jsx
FN:9,(anonymous_0)
FN:20,(anonymous_1)
FN:47,(anonymous_2)
FN:48,(anonymous_3)
FN:61,(anonymous_4)
FN:71,(anonymous_5)
FN:78,(anonymous_6)
FN:83,(anonymous_7)
FN:87,(anonymous_8)
FNF:9
FNH:6
FNDA:11,(anonymous_0)
FNDA:32,(anonymous_1)
FNDA:135,(anonymous_2)
FNDA:0,(anonymous_3)
FNDA:11,(anonymous_4)
FNDA:0,(anonymous_5)
FNDA:0,(anonymous_6)
FNDA:32,(anonymous_7)
FNDA:62,(anonymous_8)
DA:10,11
DA:12,11
DA:22,32
DA:23,32
DA:24,32
DA:25,32
DA:27,32
DA:28,0
DA:31,32
DA:34,107
DA:38,107
DA:39,0
DA:41,107
DA:47,135
DA:48,32
DA:50,32
DA:55,32
DA:58,32
DA:64,11
DA:74,0
DA:79,0
DA:85,32
DA:87,32
DA:88,62
DA:89,0
DA:91,62
DA:95,32
DA:97,32
DA:98,17
DA:105,32
LF:30
LH:25
BRDA:27,0,0,0
BRDA:27,0,1,32
BRDA:34,1,0,0
BRDA:34,1,1,107
BRDA:38,2,0,0
BRDA:38,2,1,107
BRDA:88,3,0,0
BRDA:88,3,1,62
BRDA:97,4,0,17
BRDA:97,4,1,15
BRF:10
BRH:6
end_of_record
TN:
SF:client/src/components/questionanswer/SingleQuestionAnswer/singlequestionbar.jsx
FN:8,(anonymous_0)
FN:17,(anonymous_1)
FN:21,(anonymous_2)
FN:25,(anonymous_3)
FN:32,(anonymous_4)
FNF:5
FNH:2
FNDA:12,(anonymous_0)
FNDA:0,(anonymous_1)
FNDA:0,(anonymous_2)
FNDA:0,(anonymous_3)
FNDA:33,(anonymous_4)
DA:9,12
DA:10,12
DA:17,12
DA:18,0
DA:20,0
DA:22,0
DA:23,0
DA:26,0
DA:34,33
LF:9
LH:4
BRDA:18,0,0,0
BRDA:18,0,1,0
BRF:2
BRH:0
end_of_record
TN:
SF:client/src/components/relatedItems/Modal.jsx
FN:5,(anonymous_0)
FN:8,(anonymous_1)
FN:15,(anonymous_2)
FN:25,(anonymous_3)
FNF:4
FNH:0
FNDA:0,(anonymous_0)
FNDA:0,(anonymous_1)
FNDA:0,(anonymous_2)
FNDA:0,(anonymous_3)
DA:5,1
DA:6,0
DA:8,0
DA:9,0
DA:10,0
DA:13,0
DA:15,0
DA:26,0
DA:27,0
DA:28,0
DA:29,0
DA:31,0
DA:33,0
DA:41,1
DA:48,1
DA:60,1
DA:71,1
DA:76,1
DA:89,1
DA:110,1
DA:118,1
DA:126,1
LF:22
LH:10
BRDA:26,0,0,0
BRDA:26,0,1,0
BRDA:27,1,0,0
BRDA:27,1,1,0
BRF:4
BRH:0
end_of_record
TN:
SF:client/src/components/relatedItems/OutfitList.jsx
FN:9,(anonymous_0)
FN:29,(anonymous_1)
FN:34,(anonymous_2)
FN:37,(anonymous_3)
FN:42,(anonymous_4)
FN:47,(anonymous_5)
FN:52,(anonymous_6)
FN:57,(anonymous_7)
FN:63,(anonymous_8)
FN:69,(anonymous_9)
FN:79,(anonymous_10)
FN:96,(anonymous_11)
FN:102,(anonymous_12)
FN:109,(anonymous_13)
FN:115,(anonymous_14)
FN:117,(anonymous_15)
FN:129,(anonymous_16)
FN:135,(anonymous_17)
FN:149,(anonymous_18)
FN:163,(anonymous_19)
FN:175,(anonymous_20)
FN:195,(anonymous_21)
FNF:22
FNH:7
FNDA:2,(anonymous_0)
FNDA:2,(anonymous_1)
FNDA:2,(anonymous_2)
FNDA:0,(anonymous_3)
FNDA:2,(anonymous_4)
FNDA:0,(anonymous_5)
FNDA:2,(anonymous_6)
FNDA:0,(anonymous_7)
FNDA:2,(anonymous_8)
FNDA:0,(anonymous_9)
FNDA:0,(anonymous_10)
FNDA:0,(anonymous_11)
FNDA:0,(anonymous_12)
FNDA:0,(anonymous_13)
FNDA:0,(anonymous_14)
FNDA:0,(anonymous_15)
FNDA:0,(anonymous_16)
FNDA:0,(anonymous_17)
FNDA:0,(anonymous_18)
FNDA:0,(anonymous_19)
FNDA:2,(anonymous_20)
FNDA:0,(anonymous_21)
DA:10,2
DA:11,2
DA:21,2
DA:22,2
DA:23,2
DA:24,2
DA:25,2
DA:26,2
DA:30,2
DA:31,2
DA:35,2
DA:36,2
DA:38,0
DA:43,2
DA:46,2
DA:48,0
DA:53,2
DA:56,2
DA:58,0
DA:64,2
DA:70,0
DA:71,0
DA:72,0
DA:73,0
DA:78,0
DA:79,0
DA:80,0
DA:81,0
DA:84,0
DA:85,0
DA:87,0
DA:93,0
DA:95,0
DA:97,0
DA:103,0
DA:110,0
DA:113,0
DA:116,0
DA:118,0
DA:119,0
DA:123,0
DA:130,0
DA:136,0
DA:139,0
DA:140,0
DA:141,0
DA:142,0
DA:143,0
DA:150,0
DA:153,0
DA:154,0
DA:155,0
DA:156,0
DA:157,0
DA:164,0
DA:165,0
DA:166,0
DA:167,0
DA:176,2
DA:177,2
DA:178,2
DA:196,0
DA:224,1
DA:230,1
DA:242,1
DA:257,1
DA:272,1
DA:284,1
DA:299,1
DA:311,1
DA:322,1
LF:71
LH:29
BRDA:35,0,0,2
BRDA:35,0,1,0
BRDA:80,1,0,0
BRDA:80,1,1,0
BRDA:84,2,0,0
BRDA:84,2,1,0
BRDA:118,3,0,0
BRDA:118,3,1,0
BRDA:142,4,0,0
BRDA:142,4,1,0
BRDA:156,5,0,0
BRDA:156,5,1,0
BRDA:165,6,0,0
BRDA:165,6,1,0
BRDA:180,7,0,0
BRDA:180,7,1,2
BRDA:193,8,0,0
BRDA:193,8,1,2
BRDA:211,9,0,0
BRDA:211,9,1,2
BRF:20
BRH:4
end_of_record
TN:
SF:client/src/components/relatedItems/OutfitSlide.jsx
FN:8,(anonymous_0)
FN:23,(anonymous_1)
FN:25,(anonymous_2)
FN:57,(anonymous_3)
FN:64,(anonymous_4)
FN:71,(anonymous_5)
FNF:6
FNH:0
FNDA:0,(anonymous_0)
FNDA:0,(anonymous_1)
FNDA:0,(anonymous_2)
FNDA:0,(anonymous_3)
FNDA:0,(anonymous_4)
FNDA:0,(anonymous_5)
DA:9,0
DA:11,0
DA:19,0
DA:20,0
DA:24,0
DA:25,0
DA:28,0
DA:29,0
DA:30,0
DA:34,0
DA:35,0
DA:40,0
DA:41,0
DA:48,0
DA:58,0
DA:59,0
DA:60,0
DA:61,0
DA:65,0
DA:66,0
DA:67,0
DA:68,0
DA:74,0
DA:75,0
DA:80,0
DA:112,1
DA:119,1
DA:134,1
DA:145,1
DA:156,1
DA:162,1
DA:169,1
DA:182,1
DA:194,1
LF:34
LH:9
BRDA:28,0,0,0
BRDA:28,0,1,0
BRDA:40,1,0,0
BRDA:40,1,1,0
BRDA:76,2,0,0
BRDA:76,2,1,0
BRDA:77,3,0,0
BRDA:77,3,1,0
BRDA:83,4,0,0
BRDA:83,4,1,0
BRDA:102,5,0,0
BRDA:102,5,1,0
BRDA:103,6,0,0
BRDA:103,6,1,0
BRF:14
BRH:0
end_of_record
TN:
SF:client/src/components/relatedItems/RelatedItemSlide.jsx
FN:10,(anonymous_0)
FN:28,(anonymous_1)
FN:32,(anonymous_2)
FN:41,(anonymous_3)
FN:44,(anonymous_4)
FN:53,(anonymous_5)
FN:58,(anonymous_6)
FN:60,(anonymous_7)
FN:83,(anonymous_8)
FN:88,(anonymous_9)
FN:91,(anonymous_10)
FN:101,(anonymous_11)
FN:136,(anonymous_12)
FN:145,(anonymous_13)
FNF:14
FNH:6
FNDA:1,(anonymous_0)
FNDA:1,(anonymous_1)
FNDA:0,(anonymous_2)
FNDA:1,(anonymous_3)
FNDA:0,(anonymous_4)
FNDA:1,(anonymous_5)
FNDA:0,(anonymous_6)
FNDA:0,(anonymous_7)
FNDA:1,(anonymous_8)
FNDA:0,(anonymous_9)
FNDA:0,(anonymous_10)
FNDA:0,(anonymous_11)
FNDA:0,(anonymous_12)
FNDA:1,(anonymous_13)
DA:11,1
DA:13,1
DA:23,1
DA:24,1
DA:25,1
DA:29,1
DA:33,0
DA:34,0
DA:35,0
DA:38,0
DA:42,1
DA:43,1
DA:46,0
DA:54,1
DA:57,1
DA:60,0
DA:61,0
DA:62,0
DA:63,0
DA:67,0
DA:68,0
DA:72,0
DA:73,0
DA:77,0
DA:84,1
DA:89,0
DA:91,0
DA:92,0
DA:93,0
DA:94,0
DA:96,0
DA:101,0
DA:102,0
DA:103,0
DA:104,0
DA:105,0
DA:107,0
DA:108,0
DA:110,0
DA:111,0
DA:113,0
DA:117,0
DA:118,0
DA:119,0
DA:121,0
DA:122,0
DA:123,0
DA:125,0
DA:126,0
DA:128,0
DA:131,0
DA:138,0
DA:139,0
DA:140,0
DA:141,0
DA:142,0
DA:154,1
DA:156,1
DA:158,1
DA:164,1
DA:169,1
DA:221,1
DA:229,1
DA:244,1
DA:252,1
DA:263,1
DA:274,1
DA:280,1
DA:288,1
DA:300,1
DA:304,1
LF:71
LH:26
BRDA:61,0,0,0
BRDA:61,0,1,0
BRDA:72,1,0,0
BRDA:72,1,1,0
BRDA:92,2,0,0
BRDA:92,2,1,0
BRDA:93,3,0,0
BRDA:93,3,1,0
BRDA:102,4,0,0
BRDA:102,4,1,0
BRDA:103,5,0,0
BRDA:103,5,1,0
BRDA:110,6,0,0
BRDA:110,6,1,0
BRDA:122,7,0,0
BRDA:122,7,1,0
BRDA:125,8,0,0
BRDA:125,8,1,0
BRDA:159,9,0,0
BRDA:159,9,1,1
BRDA:160,10,0,0
BRDA:160,10,1,1
BRDA:172,11,0,1
BRDA:172,11,1,1
BRDA:175,12,0,1
BRDA:175,12,1,0
BRDA:197,13,0,0
BRDA:197,13,1,0
BRDA:198,14,0,0
BRDA:198,14,1,0
BRDA:204,15,0,1
BRDA:204,15,1,0
BRF:32
BRH:6
end_of_record
TN:
SF:client/src/components/relatedItems/RelatedItemsList.jsx
FN:8,(anonymous_0)
FN:23,(anonymous_1)
FN:26,(anonymous_2)
FN:31,(anonymous_3)
FN:36,(anonymous_4)
FN:49,(anonymous_5)
FN:63,(anonymous_6)
FN:72,(anonymous_7)
FN:92,(anonymous_8)
FNF:9
FNH:4
FNDA:2,(anonymous_0)
FNDA:2,(anonymous_1)
FNDA:0,(anonymous_2)
FNDA:2,(anonymous_3)
FNDA:0,(anonymous_4)
FNDA:0,(anonymous_5)
FNDA:0,(anonymous_6)
FNDA:2,(anonymous_7)
FNDA:0,(anonymous_8)
DA:9,2
DA:11,2
DA:18,2
DA:19,2
DA:20,2
DA:24,2
DA:25,2
DA:27,0
DA:32,2
DA:37,0
DA:40,0
DA:41,0
DA:42,0
DA:43,0
DA:50,0
DA:53,0
DA:54,0
DA:55,0
DA:56,0
DA:57,0
DA:64,0
DA:65,0
DA:66,0
DA:73,2
DA:74,2
DA:76,2
DA:77,2
DA:81,0
DA:93,0
DA:119,1
DA:127,1
DA:139,1
DA:151,1
DA:166,1
DA:178,1
LF:35
LH:18
BRDA:42,0,0,0
BRDA:42,0,1,0
BRDA:56,1,0,0
BRDA:56,1,1,0
BRDA:76,2,0,2
BRDA:76,2,1,0
BRDA:83,3,0,0
BRDA:83,3,1,0
BRDA:106,4,0,0
BRDA:106,4,1,0
BRF:10
BRH:1
end_of_record
TN:
SF:client/src/components/relatedItems/RelatedMain.jsx
FN:9,(anonymous_0)
FN:15,(anonymous_1)
FN:19,(anonymous_2)
FNF:3
FNH:3
FNDA:1,(anonymous_0)
FNDA:1,(anonymous_1)
FNDA:1,(anonymous_2)
DA:10,1
DA:11,1
DA:20,1
DA:21,1
DA:51,1
DA:60,1
DA:69,1
LF:7
LH:7
BRF:0
BRH:0
end_of_record
TN:
SF:client/src/components/reviews/breakdown-number.jsx
FN:5,(anonymous_0)
FNF:1
FNH:1
FNDA:3,(anonymous_0)
DA:5,2
DA:7,3
DA:8,3
DA:9,3
DA:12,3
DA:13,5
DA:14,5
DA:16,3
DA:17,3
DA:19,3
LF:10
LH:10
BRF:0
BRH:0
end_of_record
TN:
SF:client/src/components/reviews/breakdown-product.jsx
FN:6,(anonymous_0)
FNF:1
FNH:1
FNDA:2,(anonymous_0)
DA:6,2
DA:7,2
DA:14,2
DA:15,4
DA:16,1
DA:18,4
DA:19,1
DA:21,4
DA:22,1
DA:24,4
DA:25,1
DA:27,4
DA:28,0
DA:34,2
LF:14
LH:13
BRDA:15,0,0,1
BRDA:15,0,1,3
BRDA:18,1,0,1
BRDA:18,1,1,3
BRDA:21,2,0,1
BRDA:21,2,1,3
BRDA:24,3,0,1
BRDA:24,3,1,3
BRDA:27,4,0,0
BRDA:27,4,1,4
BRDA:36,5,0,1
BRDA:36,5,1,1
BRDA:47,6,0,1
BRDA:47,6,1,1
BRDA:58,7,0,1
BRDA:58,7,1,1
BRDA:70,8,0,1
BRDA:70,8,1,1
BRDA:81,9,0,0
BRDA:81,9,1,2
BRDA:92,10,0,0
BRDA:92,10,1,2
BRF:22
BRH:19
end_of_record
TN:
SF:client/src/components/reviews/breakdown-rating.jsx
FN:6,(anonymous_0)
FN:17,(anonymous_1)
FN:21,(anonymous_2)
FN:39,(anonymous_3)
FN:44,(anonymous_4)
FN:49,(anonymous_5)
FN:54,(anonymous_6)
FN:59,(anonymous_7)
FNF:8
FNH:1
FNDA:8,(anonymous_0)
FNDA:0,(anonymous_1)
FNDA:0,(anonymous_2)
FNDA:0,(anonymous_3)
FNDA:0,(anonymous_4)
FNDA:0,(anonymous_5)
FNDA:0,(anonymous_6)
FNDA:0,(anonymous_7)
DA:6,3
DA:7,8
DA:8,8
DA:9,8
DA:12,8
DA:13,30
DA:15,8
DA:17,8
DA:18,0
DA:21,8
DA:22,0
DA:25,8
DA:39,0
DA:44,0
DA:49,0
DA:54,0
DA:59,0
LF:17
LH:10
BRDA:31,0,0,0
BRDA:31,0,1,8
BRDA:32,1,0,0
BRDA:32,1,1,8
BRDA:33,2,0,0
BRDA:33,2,1,8
BRDA:34,3,0,0
BRDA:34,3,1,8
BRDA:35,4,0,0
BRDA:35,4,1,8
BRDA:37,5,0,0
BRDA:37,5,1,8
BRDA:41,6,0,8
BRDA:41,6,1,2
BRDA:42,7,0,8
BRDA:42,7,1,2
BRDA:46,8,0,8
BRDA:46,8,1,2
BRDA:47,9,0,8
BRDA:47,9,1,2
BRDA:51,10,0,8
BRDA:51,10,1,2
BRDA:52,11,0,8
BRDA:52,11,1,2
BRDA:56,12,0,8
BRDA:56,12,1,2
BRDA:57,13,0,8
BRDA:57,13,1,2
BRDA:61,14,0,8
BRDA:61,14,1,2
BRDA:62,15,0,8
BRDA:62,15,1,2
BRF:32
BRH:26
end_of_record
TN:
SF:client/src/components/reviews/breakdown.jsx
FN:10,Breakdown
FNF:1
FNH:1
FNDA:2,Breakdown
DA:12,2
LF:1
LH:1
BRF:0
BRH:0
end_of_record
TN:
SF:client/src/components/reviews/review-body.jsx
FN:6,(anonymous_0)
FN:15,(anonymous_1)
FN:21,(anonymous_2)
FN:28,(anonymous_3)
FNF:4
FNH:2
FNDA:2,(anonymous_0)
FNDA:0,(anonymous_1)
FNDA:0,(anonymous_2)
FNDA:2,(anonymous_3)
DA:7,2
DA:8,2
DA:12,2
DA:13,2
DA:16,0
DA:22,0
DA:29,2
DA:30,2
DA:31,2
DA:32,2
DA:33,0
DA:36,2
DA:37,0
DA:49,2
DA:50,2
LF:15
LH:11
BRDA:32,0,0,0
BRDA:32,0,1,2
BRDA:36,1,0,0
BRDA:36,1,1,2
BRF:4
BRH:2
end_of_record
TN:
SF:client/src/components/reviews/reviewphotos.jsx
FN:6,(anonymous_0)
FN:17,(anonymous_1)
FN:27,(anonymous_2)
FN:34,(anonymous_3)
FN:36,(anonymous_4)
FN:38,(anonymous_5)
FNF:6
FNH:2
FNDA:2,(anonymous_0)
FNDA:0,(anonymous_1)
FNDA:0,(anonymous_2)
FNDA:2,(anonymous_3)
FNDA:0,(anonymous_4)
FNDA:0,(anonymous_5)
DA:7,2
DA:8,2
DA:13,2
DA:14,2
DA:19,0
DA:20,0
DA:21,0
DA:23,0
DA:24,0
DA:28,0
DA:29,0
DA:30,0
DA:35,2
DA:36,2
DA:37,0
DA:38,0
DA:50,2
LF:17
LH:7
BRF:0
BRH:0
end_of_record
TN:
SF:client/src/components/reviews/reviews-add-characteristics.jsx
FN:6,(anonymous_0)
FN:23,(anonymous_1)
FN:40,(anonymous_2)
FNF:3
FNH:2
FNDA:3,(anonymous_0)
FNDA:0,(anonymous_1)
FNDA:3,(anonymous_2)
DA:7,3
DA:8,3
DA:18,3
DA:24,0
DA:25,0
DA:26,0
DA:27,0
DA:30,0
DA:31,0
DA:32,0
DA:35,0
DA:41,3
LF:12
LH:4
BRDA:43,0,0,2
BRDA:43,0,1,1
BRDA:47,1,0,3
BRDA:47,1,1,0
BRDA:48,2,0,0
BRDA:48,2,1,3
BRDA:49,3,0,0
BRDA:49,3,1,3
BRDA:50,4,0,0
BRDA:50,4,1,3
BRDA:51,5,0,0
BRDA:51,5,1,3
BRDA:52,6,0,0
BRDA:52,6,1,3
BRDA:66,7,0,2
BRDA:66,7,1,1
BRDA:70,8,0,3
BRDA:70,8,1,0
BRDA:71,9,0,0
BRDA:71,9,1,3
BRDA:72,10,0,0
BRDA:72,10,1,3
BRDA:73,11,0,0
BRDA:73,11,1,3
BRDA:74,12,0,0
BRDA:74,12,1,3
BRDA:75,13,0,0
BRDA:75,13,1,3
BRDA:89,14,0,2
BRDA:89,14,1,1
BRDA:93,15,0,3
BRDA:93,15,1,0
BRDA:94,16,0,0
BRDA:94,16,1,3
BRDA:95,17,0,0
BRDA:95,17,1,3
BRDA:96,18,0,0
BRDA:96,18,1,3
BRDA:97,19,0,0
BRDA:97,19,1,3
BRDA:98,20,0,0
BRDA:98,20,1,3
BRDA:112,21,0,2
BRDA:112,21,1,1
BRDA:116,22,0,3
BRDA:116,22,1,0
BRDA:117,23,0,0
BRDA:117,23,1,3
BRDA:118,24,0,0
BRDA:118,24,1,3
BRDA:119,25,0,0
BRDA:119,25,1,3
BRDA:120,26,0,0
BRDA:120,26,1,3
BRDA:121,27,0,0
BRDA:121,27,1,3
BRDA:135,28,0,0
BRDA:135,28,1,3
BRDA:139,29,0,3
BRDA:139,29,1,0
BRDA:140,30,0,0
BRDA:140,30,1,3
BRDA:141,31,0,0
BRDA:141,31,1,3
BRDA:142,32,0,0
BRDA:142,32,1,3
BRDA:143,33,0,0
BRDA:143,33,1,3
BRDA:144,34,0,0
BRDA:144,34,1,3
BRDA:158,35,0,0
BRDA:158,35,1,3
BRDA:162,36,0,3
BRDA:162,36,1,0
BRDA:163,37,0,0
BRDA:163,37,1,3
BRDA:164,38,0,0
BRDA:164,38,1,3
BRDA:165,39,0,0
BRDA:165,39,1,3
BRDA:166,40,0,0
BRDA:166,40,1,3
BRDA:167,41,0,0
BRDA:167,41,1,3
BRF:84
BRH:46
end_of_record
TN:
SF:client/src/components/reviews/reviews-add-photos.jsx
FN:9,(anonymous_0)
FN:25,(anonymous_1)
FN:35,(anonymous_2)
FN:45,(anonymous_3)
FN:52,(anonymous_4)
FN:65,(anonymous_5)
FN:67,(anonymous_6)
FNF:7
FNH:2
FNDA:3,(anonymous_0)
FNDA:0,(anonymous_1)
FNDA:0,(anonymous_2)
FNDA:0,(anonymous_3)
FNDA:0,(anonymous_4)
FNDA:3,(anonymous_5)
FNDA:0,(anonymous_6)
DA:10,3
DA:11,3
DA:18,3
DA:19,3
DA:27,0
DA:29,0
DA:30,0
DA:36,0
DA:37,0
DA:38,0
DA:40,0
DA:46,0
DA:47,0
DA:48,0
DA:53,0
DA:56,0
DA:60,0
DA:66,3
DA:67,3
DA:68,0
DA:72,3
LF:21
LH:7
BRDA:37,0,0,0
BRDA:37,0,1,0
BRDA:76,1,0,0
BRDA:76,1,1,3
BRF:4
BRH:1
end_of_record
TN:
SF:client/src/components/reviews/reviews-add.jsx
FN:10,(anonymous_0)
FN:36,(anonymous_1)
FN:41,(anonymous_2)
FN:46,(anonymous_3)
FN:62,(anonymous_4)
FN:68,(anonymous_5)
FN:77,(anonymous_6)
FN:85,(anonymous_7)
FN:97,(anonymous_8)
FN:115,(anonymous_9)
FN:127,(anonymous_10)
FNF:11
FNH:2
FNDA:2,(anonymous_0)
FNDA:0,(anonymous_1)
FNDA:0,(anonymous_2)
FNDA:0,(anonymous_3)
FNDA:0,(anonymous_4)
FNDA:0,(anonymous_5)
FNDA:0,(anonymous_6)
FNDA:0,(anonymous_7)
FNDA:0,(anonymous_8)
FNDA:0,(anonymous_9)
FNDA:2,(anonymous_10)
DA:11,2
DA:12,2
DA:25,2
DA:26,2
DA:27,2
DA:28,2
DA:29,2
DA:30,2
DA:31,2
DA:32,2
DA:37,0
DA:38,0
DA:42,0
DA:43,0
DA:47,0
DA:48,0
DA:49,0
DA:50,0
DA:52,0
DA:53,0
DA:55,0
DA:57,0
DA:63,0
DA:69,0
DA:70,0
DA:72,0
DA:78,0
DA:86,0
DA:87,0
DA:88,0
DA:89,0
DA:90,0
DA:99,0
DA:100,0
DA:101,0
DA:102,0
DA:103,0
DA:104,0
DA:105,0
DA:106,0
DA:107,0
DA:109,0
DA:110,0
DA:116,0
DA:120,0
DA:128,2
LF:46
LH:11
BRDA:49,0,0,0
BRDA:49,0,1,0
BRDA:52,1,0,0
BRDA:52,1,1,0
BRDA:99,2,0,0
BRDA:99,2,1,0
BRDA:102,3,0,0
BRDA:102,3,1,0
BRDA:102,4,0,0
BRDA:102,4,1,0
BRDA:105,5,0,0
BRDA:105,5,1,0
BRDA:165,6,0,0
BRDA:165,6,1,2
BRDA:166,7,0,0
BRDA:166,7,1,2
BRDA:167,8,0,0
BRDA:167,8,1,2
BRDA:168,9,0,0
BRDA:168,9,1,2
BRDA:169,10,0,0
BRDA:169,10,1,2
BRDA:209,11,0,2
BRDA:209,11,1,0
BRDA:210,12,0,0
BRDA:210,12,1,2
BRF:26
BRH:7
end_of_record
TN:
SF:client/src/components/reviews/reviews-irt.jsx
FN:9,(anonymous_0)
FN:21,(anonymous_1)
FN:28,(anonymous_2)
FN:38,(anonymous_3)
FN:43,(anonymous_4)
FN:48,(anonymous_5)
FNF:6
FNH:2
FNDA:1,(anonymous_0)
FNDA:0,(anonymous_1)
FNDA:0,(anonymous_2)
FNDA:0,(anonymous_3)
FNDA:0,(anonymous_4)
FNDA:1,(anonymous_5)
DA:10,1
DA:11,1
DA:16,1
DA:17,1
DA:22,0
DA:23,0
DA:25,0
DA:29,0
DA:39,0
DA:40,0
DA:44,0
DA:49,1
DA:50,1
LF:13
LH:6
BRDA:23,0,0,0
BRDA:23,0,1,0
BRDA:59,1,0,1
BRDA:59,1,1,0
BRDA:60,2,0,0
BRDA:60,2,1,1
BRF:6
BRH:2
end_of_record
TN:
SF:client/src/components/reviews/reviews-list.jsx
FN:10,(anonymous_0)
FN:21,(anonymous_1)
FN:27,(anonymous_2)
FN:32,(anonymous_3)
FN:35,(anonymous_4)
FN:48,(anonymous_5)
FNF:6
FNH:3
FNDA:1,(anonymous_0)
FNDA:0,(anonymous_1)
FNDA:1,(anonymous_2)
FNDA:1,(anonymous_3)
FNDA:0,(anonymous_4)
FNDA:0,(anonymous_5)
DA:11,1
DA:12,1
DA:18,1
DA:22,0
DA:33,1
DA:35,1
DA:36,0
DA:42,1
DA:48,0
LF:9
LH:6
BRDA:45,0,0,0
BRDA:45,0,1,1
BRDA:48,1,0,1
BRDA:48,1,1,0
BRF:4
BRH:2
end_of_record
TN:
SF:client/src/components/reviews/reviews-sorted.jsx
FN:7,(anonymous_0)
FN:25,(anonymous_1)
FN:29,(anonymous_2)
FN:34,(anonymous_3)
FN:40,(anonymous_4)
FN:45,(anonymous_5)
FN:52,(anonymous_6)
FN:57,(anonymous_7)
FN:69,(anonymous_8)
FN:70,(anonymous_9)
FN:72,(anonymous_10)
FN:78,(anonymous_11)
FN:79,(anonymous_12)
FN:81,(anonymous_13)
FN:88,(anonymous_14)
FN:89,(anonymous_15)
FN:108,(anonymous_16)
FN:114,(anonymous_17)
FN:120,(anonymous_18)
FNF:19
FNH:2
FNDA:4,(anonymous_0)
FNDA:0,(anonymous_1)
FNDA:0,(anonymous_2)
FNDA:0,(anonymous_3)
FNDA:0,(anonymous_4)
FNDA:0,(anonymous_5)
FNDA:0,(anonymous_6)
FNDA:0,(anonymous_7)
FNDA:0,(anonymous_8)
FNDA:0,(anonymous_9)
FNDA:0,(anonymous_10)
FNDA:0,(anonymous_11)
FNDA:0,(anonymous_12)
FNDA:0,(anonymous_13)
FNDA:0,(anonymous_14)
FNDA:0,(anonymous_15)
FNDA:0,(anonymous_16)
FNDA:0,(anonymous_17)
FNDA:4,(anonymous_18)
DA:8,4
DA:9,4
DA:17,4
DA:18,4
DA:19,4
DA:20,4
DA:21,4
DA:26,0
DA:27,0
DA:28,0
DA:30,0
DA:35,0
DA:38,0
DA:39,0
DA:41,0
DA:46,0
DA:50,0
DA:51,0
DA:53,0
DA:58,0
DA:70,0
DA:71,0
DA:72,0
DA:73,0
DA:79,0
DA:80,0
DA:81,0
DA:82,0
DA:89,0
DA:90,0
DA:91,0
DA:93,0
DA:94,0
DA:95,0
DA:98,0
DA:99,0
DA:103,0
DA:104,0
DA:108,0
DA:109,0
DA:115,0
DA:116,0
DA:121,4
LF:43
LH:8
BRDA:27,0,0,0
BRDA:27,0,1,0
BRDA:38,1,0,0
BRDA:38,1,1,0
BRDA:50,2,0,0
BRDA:50,2,1,0
BRDA:94,3,0,0
BRDA:94,3,1,0
BRDA:94,4,0,0
BRDA:94,4,1,0
BRDA:98,5,0,0
BRDA:98,5,1,0
BRDA:98,6,0,0
BRDA:98,6,1,0
BRDA:103,7,0,0
BRDA:103,7,1,0
BRF:16
BRH:0
end_of_record
TN:
SF:client/src/components/reviews/reviews.jsx
FN:10,(anonymous_0)
FN:33,(anonymous_1)
FN:39,(anonymous_2)
FN:47,(anonymous_3)
FN:52,(anonymous_4)
FN:65,(anonymous_5)
FN:73,(anonymous_6)
FN:75,(anonymous_7)
FN:85,(anonymous_8)
FN:94,(anonymous_9)
FN:105,(anonymous_10)
FN:111,(anonymous_11)
FN:115,(anonymous_12)
FN:128,(anonymous_13)
FN:129,(anonymous_14)
FN:148,(anonymous_15)
FN:154,(anonymous_16)
FN:160,(anonymous_17)
FN:164,(anonymous_18)
FN:180,(anonymous_19)
FNF:20
FNH:4
FNDA:1,(anonymous_0)
FNDA:2,(anonymous_1)
FNDA:0,(anonymous_2)
FNDA:0,(anonymous_3)
FNDA:0,(anonymous_4)
FNDA:0,(anonymous_5)
FNDA:0,(anonymous_6)
FNDA:0,(anonymous_7)
FNDA:0,(anonymous_8)
FNDA:0,(anonymous_9)
FNDA:0,(anonymous_10)
FNDA:0,(anonymous_11)
FNDA:0,(anonymous_12)
FNDA:0,(anonymous_13)
FNDA:0,(anonymous_14)
FNDA:0,(anonymous_15)
FNDA:0,(anonymous_16)
FNDA:1,(anonymous_17)
FNDA:0,(anonymous_18)
FNDA:1,(anonymous_19)
DA:11,1
DA:12,1
DA:24,1
DA:25,1
DA:26,1
DA:27,1
DA:28,1
DA:29,1
DA:30,1
DA:34,2
DA:40,0
DA:48,0
DA:53,0
DA:54,0
DA:55,0
DA:56,0
DA:57,0
DA:59,0
DA:62,0
DA:67,0
DA:74,0
DA:76,0
DA:86,0
DA:95,0
DA:96,0
DA:97,0
DA:98,0
DA:99,0
DA:100,0
DA:102,0
DA:105,0
DA:106,0
DA:109,0
DA:113,0
DA:116,0
DA:117,0
DA:121,0
DA:129,0
DA:130,0
DA:131,0
DA:133,0
DA:134,0
DA:135,0
DA:138,0
DA:139,0
DA:143,0
DA:144,0
DA:148,0
DA:149,0
DA:155,0
DA:156,0
DA:161,1
DA:166,0
DA:167,0
DA:168,0
DA:169,0
DA:170,0
DA:171,0
DA:172,0
DA:173,0
DA:174,0
DA:177,0
DA:181,1
DA:182,1
DA:184,1
LF:65
LH:14
BRDA:97,0,0,0
BRDA:97,0,1,0
BRDA:99,1,0,0
BRDA:99,1,1,0
BRDA:116,2,0,0
BRDA:116,2,1,0
BRDA:134,3,0,0
BRDA:134,3,1,0
BRDA:134,4,0,0
BRDA:134,4,1,0
BRDA:138,5,0,0
BRDA:138,5,1,0
BRDA:138,6,0,0
BRDA:138,6,1,0
BRDA:143,7,0,0
BRDA:143,7,1,0
BRDA:181,8,0,1
BRDA:181,8,1,0
BRF:18
BRH:1
end_of_record
TN:
SF:client/src/components/reviews/starsrating.jsx
FN:4,(anonymous_0)
FN:51,(anonymous_1)
FN:65,(anonymous_2)
FN:79,(anonymous_3)
FNF:4
FNH:2
FNDA:6,(anonymous_0)
FNDA:0,(anonymous_1)
FNDA:30,(anonymous_2)
FNDA:0,(anonymous_3)
DA:4,4
DA:5,6
DA:15,6
DA:25,6
DA:35,6
DA:43,6
DA:51,6
DA:52,0
DA:55,6
DA:56,6
DA:57,6
DA:58,6
DA:59,7
DA:60,7
DA:61,4
DA:65,6
DA:66,30
DA:67,6
DA:68,24
DA:69,1
DA:70,23
DA:71,0
DA:72,23
DA:73,0
DA:75,23
DA:78,30
DA:79,0
DA:83,6
LF:28
LH:24
BRDA:60,0,0,4
BRDA:60,0,1,3
BRDA:66,1,0,6
BRDA:66,1,1,24
BRDA:68,2,0,1
BRDA:68,2,1,23
BRDA:68,3,0,24
BRDA:68,3,1,1
BRDA:70,4,0,0
BRDA:70,4,1,23
BRDA:70,5,0,23
BRDA:70,5,1,0
BRDA:72,6,0,0
BRDA:72,6,1,23
BRDA:72,7,0,23
BRDA:72,7,1,0
BRF:16
BRH:12
end_of_record
